25-Aug-2022 10:22:06.692 INFO [main] org.apache.catalina.startup.VersionLoggerListener.log 서버 버전 이름:    Apache Tomcat/9.0.65
25-Aug-2022 10:22:06.695 INFO [main] org.apache.catalina.startup.VersionLoggerListener.log Server 빌드 시각:  Jul 14 2022 12:28:53 UTC
25-Aug-2022 10:22:06.696 INFO [main] org.apache.catalina.startup.VersionLoggerListener.log Server 버전 번호:  9.0.65.0
25-Aug-2022 10:22:06.696 INFO [main] org.apache.catalina.startup.VersionLoggerListener.log 운영체제 이름:     Windows 11
25-Aug-2022 10:22:06.696 INFO [main] org.apache.catalina.startup.VersionLoggerListener.log 운영체제 버전:     10.0
25-Aug-2022 10:22:06.696 INFO [main] org.apache.catalina.startup.VersionLoggerListener.log 아키텍처:          amd64
25-Aug-2022 10:22:06.696 INFO [main] org.apache.catalina.startup.VersionLoggerListener.log 자바 홈:           C:\Program Files\Java\jdk-11.0.16
25-Aug-2022 10:22:06.696 INFO [main] org.apache.catalina.startup.VersionLoggerListener.log JVM 버전:          11.0.16+11-LTS-199
25-Aug-2022 10:22:06.696 INFO [main] org.apache.catalina.startup.VersionLoggerListener.log JVM 벤더:          Oracle Corporation
25-Aug-2022 10:22:06.696 INFO [main] org.apache.catalina.startup.VersionLoggerListener.log CATALINA_BASE:     C:\Users\user\Documents\20172144\SW_developer_edu(back)\5th_week\jsp\apache-tomcat-9.0.65
25-Aug-2022 10:22:06.696 INFO [main] org.apache.catalina.startup.VersionLoggerListener.log CATALINA_HOME:     C:\Users\user\Documents\20172144\SW_developer_edu(back)\5th_week\jsp\apache-tomcat-9.0.65
25-Aug-2022 10:22:06.727 INFO [main] org.apache.catalina.startup.VersionLoggerListener.log 명령 행 아규먼트:  -Djava.util.logging.config.file=c:\Users\user\Documents\20172144\SW_developer_edu(back)\5th_week\jsp\apache-tomcat-9.0.65/conf/logging.properties
25-Aug-2022 10:22:06.729 INFO [main] org.apache.catalina.startup.VersionLoggerListener.log 명령 행 아규먼트:  -Djava.util.logging.manager=org.apache.juli.ClassLoaderLogManager
25-Aug-2022 10:22:06.729 INFO [main] org.apache.catalina.startup.VersionLoggerListener.log 명령 행 아규먼트:  -Djdk.tls.ephemeralDHKeySize=2048
25-Aug-2022 10:22:06.730 INFO [main] org.apache.catalina.startup.VersionLoggerListener.log 명령 행 아규먼트:  -Djava.protocol.handler.pkgs=org.apache.catalina.webresources
25-Aug-2022 10:22:06.730 INFO [main] org.apache.catalina.startup.VersionLoggerListener.log 명령 행 아규먼트:  -Dorg.apache.catalina.security.SecurityListener.UMASK=0027
25-Aug-2022 10:22:06.730 INFO [main] org.apache.catalina.startup.VersionLoggerListener.log 명령 행 아규먼트:  -Dcatalina.base=c:\Users\user\Documents\20172144\SW_developer_edu(back)\5th_week\jsp\apache-tomcat-9.0.65
25-Aug-2022 10:22:06.730 INFO [main] org.apache.catalina.startup.VersionLoggerListener.log 명령 행 아규먼트:  -Dcatalina.home=c:\Users\user\Documents\20172144\SW_developer_edu(back)\5th_week\jsp\apache-tomcat-9.0.65
25-Aug-2022 10:22:06.730 INFO [main] org.apache.catalina.startup.VersionLoggerListener.log 명령 행 아규먼트:  -Djava.io.tmpdir=c:\Users\user\Documents\20172144\SW_developer_edu(back)\5th_week\jsp\apache-tomcat-9.0.65/temp
25-Aug-2022 10:22:06.740 INFO [main] org.apache.catalina.core.AprLifecycleListener.lifecycleEvent APR 버전 [1.7.0]을(를) 사용한, APR 기반 Apache Tomcat Native 라이브러리 [1.2.35]을(를) 로드했습니다.
25-Aug-2022 10:22:06.740 INFO [main] org.apache.catalina.core.AprLifecycleListener.lifecycleEvent APR 용량정보들: IPv6 [true], sendfile [true], accept filters [false], random [true], UDS [true].
25-Aug-2022 10:22:06.741 INFO [main] org.apache.catalina.core.AprLifecycleListener.lifecycleEvent APR/OpenSSL 설정: useAprConnector [false], useOpenSSL [true]
25-Aug-2022 10:22:06.765 INFO [main] org.apache.catalina.core.AprLifecycleListener.initializeSSL OpenSSL이 성공적으로 초기화되었습니다: [OpenSSL 1.1.1q  5 Jul 2022]
25-Aug-2022 10:22:07.185 INFO [main] org.apache.coyote.AbstractProtocol.init 프로토콜 핸들러 ["http-nio-8080"]을(를) 초기화합니다.
25-Aug-2022 10:22:07.215 INFO [main] org.apache.catalina.startup.Catalina.load [738] 밀리초 내에 서버가 초기화되었습니다.
25-Aug-2022 10:22:07.304 INFO [main] org.apache.catalina.core.StandardService.startInternal 서비스 [Catalina]을(를) 시작합니다.
25-Aug-2022 10:22:07.305 INFO [main] org.apache.catalina.core.StandardEngine.startInternal 서버 엔진을 시작합니다: [Apache Tomcat/9.0.65]
25-Aug-2022 10:22:07.325 INFO [main] org.apache.catalina.startup.HostConfig.deployDirectory 웹 애플리케이션 디렉토리 [C:\Users\user\Documents\20172144\SW_developer_edu(back)\5th_week\jsp\apache-tomcat-9.0.65\webapps\docs]을(를) 배치합니다.
25-Aug-2022 10:22:07.930 INFO [main] org.apache.jasper.servlet.TldScanner.scanJars 적어도 하나의 JAR가 TLD들을 찾기 위해 스캔되었으나 아무 것도 찾지 못했습니다. 스캔했으나 TLD가 없는 JAR들의 전체 목록을 보시려면, 로그 레벨을 디버그 레벨로 설정하십시오. 스캔 과정에서 불필요한 JAR들을 건너뛰면, 시스템 시작 시간과 JSP 컴파일 시간을 단축시킬 수 있습니다.
25-Aug-2022 10:22:08.045 INFO [main] org.apache.catalina.startup.HostConfig.deployDirectory 웹 애플리케이션 디렉토리 [C:\Users\user\Documents\20172144\SW_developer_edu(back)\5th_week\jsp\apache-tomcat-9.0.65\webapps\docs]에 대한 배치가 [717] 밀리초에 완료되었습니다.
25-Aug-2022 10:22:08.045 INFO [main] org.apache.catalina.startup.HostConfig.deployDirectory 웹 애플리케이션 디렉토리 [C:\Users\user\Documents\20172144\SW_developer_edu(back)\5th_week\jsp\apache-tomcat-9.0.65\webapps\examples]을(를) 배치합니다.
25-Aug-2022 10:22:08.536 INFO [main] org.apache.jasper.servlet.TldScanner.scanJars 적어도 하나의 JAR가 TLD들을 찾기 위해 스캔되었으나 아무 것도 찾지 못했습니다. 스캔했으나 TLD가 없는 JAR들의 전체 목록을 보시려면, 로그 레벨을 디버그 레벨로 설정하십시오. 스캔 과정에서 불필요한 JAR들을 건너뛰면, 시스템 시작 시간과 JSP 컴파일 시간을 단축시킬 수 있습니다.
25-Aug-2022 10:22:08.612 INFO [main] org.apache.catalina.startup.HostConfig.deployDirectory 웹 애플리케이션 디렉토리 [C:\Users\user\Documents\20172144\SW_developer_edu(back)\5th_week\jsp\apache-tomcat-9.0.65\webapps\examples]에 대한 배치가 [566] 밀리초에 완료되었습니다.
25-Aug-2022 10:22:08.612 INFO [main] org.apache.catalina.startup.HostConfig.deployDirectory 웹 애플리케이션 디렉토리 [C:\Users\user\Documents\20172144\SW_developer_edu(back)\5th_week\jsp\apache-tomcat-9.0.65\webapps\host-manager]을(를) 배치합니다.
25-Aug-2022 10:22:08.900 INFO [main] org.apache.jasper.servlet.TldScanner.scanJars 적어도 하나의 JAR가 TLD들을 찾기 위해 스캔되었으나 아무 것도 찾지 못했습니다. 스캔했으나 TLD가 없는 JAR들의 전체 목록을 보시려면, 로그 레벨을 디버그 레벨로 설정하십시오. 스캔 과정에서 불필요한 JAR들을 건너뛰면, 시스템 시작 시간과 JSP 컴파일 시간을 단축시킬 수 있습니다.
25-Aug-2022 10:22:08.909 INFO [main] org.apache.catalina.startup.HostConfig.deployDirectory 웹 애플리케이션 디렉토리 [C:\Users\user\Documents\20172144\SW_developer_edu(back)\5th_week\jsp\apache-tomcat-9.0.65\webapps\host-manager]에 대한 배치가 [296] 밀리초에 완료되었습니다.
25-Aug-2022 10:22:08.909 INFO [main] org.apache.catalina.startup.HostConfig.deployDirectory 웹 애플리케이션 디렉토리 [C:\Users\user\Documents\20172144\SW_developer_edu(back)\5th_week\jsp\apache-tomcat-9.0.65\webapps\manager]을(를) 배치합니다.
25-Aug-2022 10:22:09.115 INFO [main] org.apache.jasper.servlet.TldScanner.scanJars 적어도 하나의 JAR가 TLD들을 찾기 위해 스캔되었으나 아무 것도 찾지 못했습니다. 스캔했으나 TLD가 없는 JAR들의 전체 목록을 보시려면, 로그 레벨을 디버그 레벨로 설정하십시오. 스캔 과정에서 불필요한 JAR들을 건너뛰면, 시스템 시작 시간과 JSP 컴파일 시간을 단축시킬 수 있습니다.
25-Aug-2022 10:22:09.120 INFO [main] org.apache.catalina.startup.HostConfig.deployDirectory 웹 애플리케이션 디렉토리 [C:\Users\user\Documents\20172144\SW_developer_edu(back)\5th_week\jsp\apache-tomcat-9.0.65\webapps\manager]에 대한 배치가 [211] 밀리초에 완료되었습니다.
25-Aug-2022 10:22:09.120 INFO [main] org.apache.catalina.startup.HostConfig.deployDirectory 웹 애플리케이션 디렉토리 [C:\Users\user\Documents\20172144\SW_developer_edu(back)\5th_week\jsp\apache-tomcat-9.0.65\webapps\ROOT]을(를) 배치합니다.
25-Aug-2022 10:22:09.375 INFO [main] java.util.ArrayList.forEach Name = OracleDB Ignoring unknown property: value of "Connection" for "description" property
25-Aug-2022 10:22:09.409 INFO [main] org.apache.jasper.servlet.TldScanner.scanJars 적어도 하나의 JAR가 TLD들을 찾기 위해 스캔되었으나 아무 것도 찾지 못했습니다. 스캔했으나 TLD가 없는 JAR들의 전체 목록을 보시려면, 로그 레벨을 디버그 레벨로 설정하십시오. 스캔 과정에서 불필요한 JAR들을 건너뛰면, 시스템 시작 시간과 JSP 컴파일 시간을 단축시킬 수 있습니다.
25-Aug-2022 10:22:09.432 INFO [main] org.apache.catalina.startup.HostConfig.deployDirectory 웹 애플리케이션 디렉토리 [C:\Users\user\Documents\20172144\SW_developer_edu(back)\5th_week\jsp\apache-tomcat-9.0.65\webapps\ROOT]에 대한 배치가 [312] 밀리초에 완료되었습니다.
25-Aug-2022 10:22:09.437 INFO [main] org.apache.coyote.AbstractProtocol.start 프로토콜 핸들러 ["http-nio-8080"]을(를) 시작합니다.
25-Aug-2022 10:22:09.569 INFO [main] org.apache.catalina.startup.Catalina.start 서버가 [2352] 밀리초 내에 시작되었습니다.
25-Aug-2022 10:47:44.120 INFO [main] org.apache.catalina.core.StandardServer.await 셧다운 포트를 통해 유효한 셧다운 명령을 받았습니다. 서버 인스턴스를 중지시킵니다.
25-Aug-2022 10:47:44.121 INFO [main] org.apache.coyote.AbstractProtocol.pause 프로토콜 핸들러 ["http-nio-8080"]을(를) 일시 정지 중
25-Aug-2022 10:47:44.170 INFO [main] org.apache.catalina.core.StandardService.stopInternal 서비스 [Catalina]을(를) 중지시킵니다.
25-Aug-2022 10:47:44.180 WARNING [main] org.apache.catalina.loader.WebappClassLoaderBase.clearReferencesJdbc 웹 애플리케이션 [ROOT]이(가) JDBC 드라이버 [oracle.jdbc.OracleDriver]을(를) 등록했지만, 웹 애플리케이션이 중지될 때, 해당 JDBC 드라이버의 등록을 제거하지 못했습니다. 메모리 누수를 방지하기 위하여, 등록을 강제로 제거했습니다.
25-Aug-2022 10:47:44.183 SEVERE [main] org.apache.catalina.loader.WebappClassLoaderBase.checkThreadLocalMapForLeaks 웹 애플리케이션 [ROOT]이(가), 타입 [java.lang.ThreadLocal]인 키와 (값: [java.lang.ThreadLocal@3d235635]) 타입 [java.lang.Class]인 값을 (값: [class oracle.sql.AnyDataFactory]) 사용하여 ThreadLocal 객체를 생성했지만, 웹 애플리케이션이 중지될 때 그것을 제거하지 못했습니다. 혹시 있을 법한 메모리 누수를 방지하기 위하여, 시간을 두고 쓰레드들을 재생성할 것입니다.
25-Aug-2022 10:47:44.183 SEVERE [main] org.apache.catalina.loader.WebappClassLoaderBase.checkThreadLocalMapForLeaks 웹 애플리케이션 [ROOT]이(가), 타입 [java.lang.ThreadLocal]인 키와 (값: [java.lang.ThreadLocal@4cc7e3ad]) 타입 [java.lang.Class]인 값을 (값: [class oracle.sql.TypeDescriptorFactory]) 사용하여 ThreadLocal 객체를 생성했지만, 웹 애플리케이션이 중지될 때 그것을 제거하지 못했습니다. 혹시 있을 법한 메모리 누수를 방지하기 위하여, 시간을 두고 쓰레드들을 재생성할 것입니다.
25-Aug-2022 10:47:44.205 INFO [main] org.apache.coyote.AbstractProtocol.stop 프로토콜 핸들러 ["http-nio-8080"]을(를) 중지시킵니다.
25-Aug-2022 10:47:44.216 INFO [main] org.apache.coyote.AbstractProtocol.destroy 프로토콜 핸들러 ["http-nio-8080"]을(를) 소멸시킵니다.
25-Aug-2022 10:54:45.497 INFO [main] org.apache.catalina.startup.VersionLoggerListener.log 서버 버전 이름:    Apache Tomcat/9.0.65
25-Aug-2022 10:54:45.499 INFO [main] org.apache.catalina.startup.VersionLoggerListener.log Server 빌드 시각:  Jul 14 2022 12:28:53 UTC
25-Aug-2022 10:54:45.499 INFO [main] org.apache.catalina.startup.VersionLoggerListener.log Server 버전 번호:  9.0.65.0
25-Aug-2022 10:54:45.500 INFO [main] org.apache.catalina.startup.VersionLoggerListener.log 운영체제 이름:     Windows 11
25-Aug-2022 10:54:45.500 INFO [main] org.apache.catalina.startup.VersionLoggerListener.log 운영체제 버전:     10.0
25-Aug-2022 10:54:45.500 INFO [main] org.apache.catalina.startup.VersionLoggerListener.log 아키텍처:          amd64
25-Aug-2022 10:54:45.500 INFO [main] org.apache.catalina.startup.VersionLoggerListener.log 자바 홈:           C:\Program Files\Java\jdk-11.0.16
25-Aug-2022 10:54:45.500 INFO [main] org.apache.catalina.startup.VersionLoggerListener.log JVM 버전:          11.0.16+11-LTS-199
25-Aug-2022 10:54:45.500 INFO [main] org.apache.catalina.startup.VersionLoggerListener.log JVM 벤더:          Oracle Corporation
25-Aug-2022 10:54:45.500 INFO [main] org.apache.catalina.startup.VersionLoggerListener.log CATALINA_BASE:     C:\Users\user\Documents\20172144\SW_developer_edu(back)\5th_week\jsp\apache-tomcat-9.0.65
25-Aug-2022 10:54:45.500 INFO [main] org.apache.catalina.startup.VersionLoggerListener.log CATALINA_HOME:     C:\Users\user\Documents\20172144\SW_developer_edu(back)\5th_week\jsp\apache-tomcat-9.0.65
25-Aug-2022 10:54:45.517 INFO [main] org.apache.catalina.startup.VersionLoggerListener.log 명령 행 아규먼트:  -Djava.util.logging.config.file=c:\Users\user\Documents\20172144\SW_developer_edu(back)\5th_week\jsp\apache-tomcat-9.0.65/conf/logging.properties
25-Aug-2022 10:54:45.517 INFO [main] org.apache.catalina.startup.VersionLoggerListener.log 명령 행 아규먼트:  -Djava.util.logging.manager=org.apache.juli.ClassLoaderLogManager
25-Aug-2022 10:54:45.518 INFO [main] org.apache.catalina.startup.VersionLoggerListener.log 명령 행 아규먼트:  -Djdk.tls.ephemeralDHKeySize=2048
25-Aug-2022 10:54:45.518 INFO [main] org.apache.catalina.startup.VersionLoggerListener.log 명령 행 아규먼트:  -Djava.protocol.handler.pkgs=org.apache.catalina.webresources
25-Aug-2022 10:54:45.518 INFO [main] org.apache.catalina.startup.VersionLoggerListener.log 명령 행 아규먼트:  -Dorg.apache.catalina.security.SecurityListener.UMASK=0027
25-Aug-2022 10:54:45.518 INFO [main] org.apache.catalina.startup.VersionLoggerListener.log 명령 행 아규먼트:  -Dcatalina.base=c:\Users\user\Documents\20172144\SW_developer_edu(back)\5th_week\jsp\apache-tomcat-9.0.65
25-Aug-2022 10:54:45.518 INFO [main] org.apache.catalina.startup.VersionLoggerListener.log 명령 행 아규먼트:  -Dcatalina.home=c:\Users\user\Documents\20172144\SW_developer_edu(back)\5th_week\jsp\apache-tomcat-9.0.65
25-Aug-2022 10:54:45.518 INFO [main] org.apache.catalina.startup.VersionLoggerListener.log 명령 행 아규먼트:  -Djava.io.tmpdir=c:\Users\user\Documents\20172144\SW_developer_edu(back)\5th_week\jsp\apache-tomcat-9.0.65/temp
25-Aug-2022 10:54:45.526 INFO [main] org.apache.catalina.core.AprLifecycleListener.lifecycleEvent APR 버전 [1.7.0]을(를) 사용한, APR 기반 Apache Tomcat Native 라이브러리 [1.2.35]을(를) 로드했습니다.
25-Aug-2022 10:54:45.526 INFO [main] org.apache.catalina.core.AprLifecycleListener.lifecycleEvent APR 용량정보들: IPv6 [true], sendfile [true], accept filters [false], random [true], UDS [true].
25-Aug-2022 10:54:45.526 INFO [main] org.apache.catalina.core.AprLifecycleListener.lifecycleEvent APR/OpenSSL 설정: useAprConnector [false], useOpenSSL [true]
25-Aug-2022 10:54:45.534 INFO [main] org.apache.catalina.core.AprLifecycleListener.initializeSSL OpenSSL이 성공적으로 초기화되었습니다: [OpenSSL 1.1.1q  5 Jul 2022]
25-Aug-2022 10:54:45.923 INFO [main] org.apache.coyote.AbstractProtocol.init 프로토콜 핸들러 ["http-nio-8080"]을(를) 초기화합니다.
25-Aug-2022 10:54:45.954 INFO [main] org.apache.catalina.startup.Catalina.load [668] 밀리초 내에 서버가 초기화되었습니다.
25-Aug-2022 10:54:46.022 INFO [main] org.apache.catalina.core.StandardService.startInternal 서비스 [Catalina]을(를) 시작합니다.
25-Aug-2022 10:54:46.022 INFO [main] org.apache.catalina.core.StandardEngine.startInternal 서버 엔진을 시작합니다: [Apache Tomcat/9.0.65]
25-Aug-2022 10:54:46.047 INFO [main] org.apache.catalina.startup.HostConfig.deployDirectory 웹 애플리케이션 디렉토리 [C:\Users\user\Documents\20172144\SW_developer_edu(back)\5th_week\jsp\apache-tomcat-9.0.65\webapps\docs]을(를) 배치합니다.
25-Aug-2022 10:54:46.615 INFO [main] org.apache.jasper.servlet.TldScanner.scanJars 적어도 하나의 JAR가 TLD들을 찾기 위해 스캔되었으나 아무 것도 찾지 못했습니다. 스캔했으나 TLD가 없는 JAR들의 전체 목록을 보시려면, 로그 레벨을 디버그 레벨로 설정하십시오. 스캔 과정에서 불필요한 JAR들을 건너뛰면, 시스템 시작 시간과 JSP 컴파일 시간을 단축시킬 수 있습니다.
25-Aug-2022 10:54:46.775 INFO [main] org.apache.catalina.startup.HostConfig.deployDirectory 웹 애플리케이션 디렉토리 [C:\Users\user\Documents\20172144\SW_developer_edu(back)\5th_week\jsp\apache-tomcat-9.0.65\webapps\docs]에 대한 배치가 [686] 밀리초에 완료되었습니다.
25-Aug-2022 10:54:46.775 INFO [main] org.apache.catalina.startup.HostConfig.deployDirectory 웹 애플리케이션 디렉토리 [C:\Users\user\Documents\20172144\SW_developer_edu(back)\5th_week\jsp\apache-tomcat-9.0.65\webapps\examples]을(를) 배치합니다.
25-Aug-2022 10:54:47.287 INFO [main] org.apache.jasper.servlet.TldScanner.scanJars 적어도 하나의 JAR가 TLD들을 찾기 위해 스캔되었으나 아무 것도 찾지 못했습니다. 스캔했으나 TLD가 없는 JAR들의 전체 목록을 보시려면, 로그 레벨을 디버그 레벨로 설정하십시오. 스캔 과정에서 불필요한 JAR들을 건너뛰면, 시스템 시작 시간과 JSP 컴파일 시간을 단축시킬 수 있습니다.
25-Aug-2022 10:54:47.349 INFO [main] org.apache.catalina.startup.HostConfig.deployDirectory 웹 애플리케이션 디렉토리 [C:\Users\user\Documents\20172144\SW_developer_edu(back)\5th_week\jsp\apache-tomcat-9.0.65\webapps\examples]에 대한 배치가 [573] 밀리초에 완료되었습니다.
25-Aug-2022 10:54:47.349 INFO [main] org.apache.catalina.startup.HostConfig.deployDirectory 웹 애플리케이션 디렉토리 [C:\Users\user\Documents\20172144\SW_developer_edu(back)\5th_week\jsp\apache-tomcat-9.0.65\webapps\host-manager]을(를) 배치합니다.
25-Aug-2022 10:54:47.595 INFO [main] org.apache.jasper.servlet.TldScanner.scanJars 적어도 하나의 JAR가 TLD들을 찾기 위해 스캔되었으나 아무 것도 찾지 못했습니다. 스캔했으나 TLD가 없는 JAR들의 전체 목록을 보시려면, 로그 레벨을 디버그 레벨로 설정하십시오. 스캔 과정에서 불필요한 JAR들을 건너뛰면, 시스템 시작 시간과 JSP 컴파일 시간을 단축시킬 수 있습니다.
25-Aug-2022 10:54:47.601 INFO [main] org.apache.catalina.startup.HostConfig.deployDirectory 웹 애플리케이션 디렉토리 [C:\Users\user\Documents\20172144\SW_developer_edu(back)\5th_week\jsp\apache-tomcat-9.0.65\webapps\host-manager]에 대한 배치가 [252] 밀리초에 완료되었습니다.
25-Aug-2022 10:54:47.601 INFO [main] org.apache.catalina.startup.HostConfig.deployDirectory 웹 애플리케이션 디렉토리 [C:\Users\user\Documents\20172144\SW_developer_edu(back)\5th_week\jsp\apache-tomcat-9.0.65\webapps\manager]을(를) 배치합니다.
25-Aug-2022 10:54:47.806 INFO [main] org.apache.jasper.servlet.TldScanner.scanJars 적어도 하나의 JAR가 TLD들을 찾기 위해 스캔되었으나 아무 것도 찾지 못했습니다. 스캔했으나 TLD가 없는 JAR들의 전체 목록을 보시려면, 로그 레벨을 디버그 레벨로 설정하십시오. 스캔 과정에서 불필요한 JAR들을 건너뛰면, 시스템 시작 시간과 JSP 컴파일 시간을 단축시킬 수 있습니다.
25-Aug-2022 10:54:47.810 INFO [main] org.apache.catalina.startup.HostConfig.deployDirectory 웹 애플리케이션 디렉토리 [C:\Users\user\Documents\20172144\SW_developer_edu(back)\5th_week\jsp\apache-tomcat-9.0.65\webapps\manager]에 대한 배치가 [209] 밀리초에 완료되었습니다.
25-Aug-2022 10:54:47.811 INFO [main] org.apache.catalina.startup.HostConfig.deployDirectory 웹 애플리케이션 디렉토리 [C:\Users\user\Documents\20172144\SW_developer_edu(back)\5th_week\jsp\apache-tomcat-9.0.65\webapps\ROOT]을(를) 배치합니다.
25-Aug-2022 10:54:48.086 INFO [main] java.util.ArrayList.forEach Name = OracleDB Ignoring unknown property: value of "Connection" for "description" property
25-Aug-2022 10:54:48.113 INFO [main] org.apache.jasper.servlet.TldScanner.scanJars 적어도 하나의 JAR가 TLD들을 찾기 위해 스캔되었으나 아무 것도 찾지 못했습니다. 스캔했으나 TLD가 없는 JAR들의 전체 목록을 보시려면, 로그 레벨을 디버그 레벨로 설정하십시오. 스캔 과정에서 불필요한 JAR들을 건너뛰면, 시스템 시작 시간과 JSP 컴파일 시간을 단축시킬 수 있습니다.
25-Aug-2022 10:54:48.135 INFO [main] org.apache.catalina.startup.HostConfig.deployDirectory 웹 애플리케이션 디렉토리 [C:\Users\user\Documents\20172144\SW_developer_edu(back)\5th_week\jsp\apache-tomcat-9.0.65\webapps\ROOT]에 대한 배치가 [325] 밀리초에 완료되었습니다.
25-Aug-2022 10:54:48.142 INFO [main] org.apache.coyote.AbstractProtocol.start 프로토콜 핸들러 ["http-nio-8080"]을(를) 시작합니다.
25-Aug-2022 10:54:48.253 INFO [main] org.apache.catalina.startup.Catalina.start 서버가 [2297] 밀리초 내에 시작되었습니다.
25-Aug-2022 16:55:34.763 INFO [main] org.apache.catalina.core.StandardServer.await 셧다운 포트를 통해 유효한 셧다운 명령을 받았습니다. 서버 인스턴스를 중지시킵니다.
25-Aug-2022 16:55:34.766 INFO [main] org.apache.coyote.AbstractProtocol.pause 프로토콜 핸들러 ["http-nio-8080"]을(를) 일시 정지 중
25-Aug-2022 16:55:34.817 INFO [main] org.apache.catalina.core.StandardService.stopInternal 서비스 [Catalina]을(를) 중지시킵니다.
25-Aug-2022 16:55:34.837 WARNING [main] org.apache.catalina.loader.WebappClassLoaderBase.clearReferencesJdbc 웹 애플리케이션 [ROOT]이(가) JDBC 드라이버 [oracle.jdbc.OracleDriver]을(를) 등록했지만, 웹 애플리케이션이 중지될 때, 해당 JDBC 드라이버의 등록을 제거하지 못했습니다. 메모리 누수를 방지하기 위하여, 등록을 강제로 제거했습니다.
25-Aug-2022 16:55:34.844 SEVERE [main] org.apache.catalina.loader.WebappClassLoaderBase.checkThreadLocalMapForLeaks 웹 애플리케이션 [ROOT]이(가), 타입 [java.lang.ThreadLocal]인 키와 (값: [java.lang.ThreadLocal@4cc7e3ad]) 타입 [java.lang.Class]인 값을 (값: [class oracle.sql.AnyDataFactory]) 사용하여 ThreadLocal 객체를 생성했지만, 웹 애플리케이션이 중지될 때 그것을 제거하지 못했습니다. 혹시 있을 법한 메모리 누수를 방지하기 위하여, 시간을 두고 쓰레드들을 재생성할 것입니다.
25-Aug-2022 16:55:34.845 SEVERE [main] org.apache.catalina.loader.WebappClassLoaderBase.checkThreadLocalMapForLeaks 웹 애플리케이션 [ROOT]이(가), 타입 [java.lang.ThreadLocal]인 키와 (값: [java.lang.ThreadLocal@5dd6a4c8]) 타입 [java.lang.Class]인 값을 (값: [class oracle.sql.TypeDescriptorFactory]) 사용하여 ThreadLocal 객체를 생성했지만, 웹 애플리케이션이 중지될 때 그것을 제거하지 못했습니다. 혹시 있을 법한 메모리 누수를 방지하기 위하여, 시간을 두고 쓰레드들을 재생성할 것입니다.
25-Aug-2022 16:55:34.873 INFO [main] org.apache.coyote.AbstractProtocol.stop 프로토콜 핸들러 ["http-nio-8080"]을(를) 중지시킵니다.
25-Aug-2022 16:55:34.891 INFO [main] org.apache.coyote.AbstractProtocol.destroy 프로토콜 핸들러 ["http-nio-8080"]을(를) 소멸시킵니다.
