22-Aug-2022 09:49:07.882 INFO [main] org.apache.catalina.startup.VersionLoggerListener.log 서버 버전 이름:    Apache Tomcat/9.0.65
22-Aug-2022 09:49:07.885 INFO [main] org.apache.catalina.startup.VersionLoggerListener.log Server 빌드 시각:  Jul 14 2022 12:28:53 UTC
22-Aug-2022 09:49:07.885 INFO [main] org.apache.catalina.startup.VersionLoggerListener.log Server 버전 번호:  9.0.65.0
22-Aug-2022 09:49:07.885 INFO [main] org.apache.catalina.startup.VersionLoggerListener.log 운영체제 이름:     Windows 11
22-Aug-2022 09:49:07.885 INFO [main] org.apache.catalina.startup.VersionLoggerListener.log 운영체제 버전:     10.0
22-Aug-2022 09:49:07.885 INFO [main] org.apache.catalina.startup.VersionLoggerListener.log 아키텍처:          amd64
22-Aug-2022 09:49:07.885 INFO [main] org.apache.catalina.startup.VersionLoggerListener.log 자바 홈:           C:\Program Files\Java\jdk-11.0.16
22-Aug-2022 09:49:07.886 INFO [main] org.apache.catalina.startup.VersionLoggerListener.log JVM 버전:          11.0.16+11-LTS-199
22-Aug-2022 09:49:07.886 INFO [main] org.apache.catalina.startup.VersionLoggerListener.log JVM 벤더:          Oracle Corporation
22-Aug-2022 09:49:07.886 INFO [main] org.apache.catalina.startup.VersionLoggerListener.log CATALINA_BASE:     C:\Users\user\Documents\20172144\SW_developer_edu(back)\5th_week\jsp\apache-tomcat-9.0.65
22-Aug-2022 09:49:07.886 INFO [main] org.apache.catalina.startup.VersionLoggerListener.log CATALINA_HOME:     C:\Users\user\Documents\20172144\SW_developer_edu(back)\5th_week\jsp\apache-tomcat-9.0.65
22-Aug-2022 09:49:07.906 INFO [main] org.apache.catalina.startup.VersionLoggerListener.log 명령 행 아규먼트:  -Djava.util.logging.config.file=c:\Users\user\Documents\20172144\SW_developer_edu(back)\5th_week\jsp\apache-tomcat-9.0.65/conf/logging.properties
22-Aug-2022 09:49:07.906 INFO [main] org.apache.catalina.startup.VersionLoggerListener.log 명령 행 아규먼트:  -Djava.util.logging.manager=org.apache.juli.ClassLoaderLogManager
22-Aug-2022 09:49:07.907 INFO [main] org.apache.catalina.startup.VersionLoggerListener.log 명령 행 아규먼트:  -Djdk.tls.ephemeralDHKeySize=2048
22-Aug-2022 09:49:07.907 INFO [main] org.apache.catalina.startup.VersionLoggerListener.log 명령 행 아규먼트:  -Djava.protocol.handler.pkgs=org.apache.catalina.webresources
22-Aug-2022 09:49:07.907 INFO [main] org.apache.catalina.startup.VersionLoggerListener.log 명령 행 아규먼트:  -Dorg.apache.catalina.security.SecurityListener.UMASK=0027
22-Aug-2022 09:49:07.907 INFO [main] org.apache.catalina.startup.VersionLoggerListener.log 명령 행 아규먼트:  -Dcatalina.base=c:\Users\user\Documents\20172144\SW_developer_edu(back)\5th_week\jsp\apache-tomcat-9.0.65
22-Aug-2022 09:49:07.907 INFO [main] org.apache.catalina.startup.VersionLoggerListener.log 명령 행 아규먼트:  -Dcatalina.home=c:\Users\user\Documents\20172144\SW_developer_edu(back)\5th_week\jsp\apache-tomcat-9.0.65
22-Aug-2022 09:49:07.907 INFO [main] org.apache.catalina.startup.VersionLoggerListener.log 명령 행 아규먼트:  -Djava.io.tmpdir=c:\Users\user\Documents\20172144\SW_developer_edu(back)\5th_week\jsp\apache-tomcat-9.0.65/temp
22-Aug-2022 09:49:07.915 INFO [main] org.apache.catalina.core.AprLifecycleListener.lifecycleEvent APR 버전 [1.7.0]을(를) 사용한, APR 기반 Apache Tomcat Native 라이브러리 [1.2.35]을(를) 로드했습니다.
22-Aug-2022 09:49:07.915 INFO [main] org.apache.catalina.core.AprLifecycleListener.lifecycleEvent APR 용량정보들: IPv6 [true], sendfile [true], accept filters [false], random [true], UDS [true].
22-Aug-2022 09:49:07.915 INFO [main] org.apache.catalina.core.AprLifecycleListener.lifecycleEvent APR/OpenSSL 설정: useAprConnector [false], useOpenSSL [true]
22-Aug-2022 09:49:07.921 INFO [main] org.apache.catalina.core.AprLifecycleListener.initializeSSL OpenSSL이 성공적으로 초기화되었습니다: [OpenSSL 1.1.1q  5 Jul 2022]
22-Aug-2022 09:49:08.273 INFO [main] org.apache.coyote.AbstractProtocol.init 프로토콜 핸들러 ["http-nio-8080"]을(를) 초기화합니다.
22-Aug-2022 09:49:08.301 INFO [main] org.apache.catalina.startup.Catalina.load [619] 밀리초 내에 서버가 초기화되었습니다.
22-Aug-2022 09:49:08.357 INFO [main] org.apache.catalina.core.StandardService.startInternal 서비스 [Catalina]을(를) 시작합니다.
22-Aug-2022 09:49:08.357 INFO [main] org.apache.catalina.core.StandardEngine.startInternal 서버 엔진을 시작합니다: [Apache Tomcat/9.0.65]
22-Aug-2022 09:49:08.371 INFO [main] org.apache.catalina.startup.HostConfig.deployDirectory 웹 애플리케이션 디렉토리 [C:\Users\user\Documents\20172144\SW_developer_edu(back)\5th_week\jsp\apache-tomcat-9.0.65\webapps\docs]을(를) 배치합니다.
22-Aug-2022 09:49:08.807 INFO [main] org.apache.jasper.servlet.TldScanner.scanJars 적어도 하나의 JAR가 TLD들을 찾기 위해 스캔되었으나 아무 것도 찾지 못했습니다. 스캔했으나 TLD가 없는 JAR들의 전체 목록을 보시려면, 로그 레벨을 디버그 레벨로 설정하십시오. 스캔 과정에서 불필요한 JAR들을 건너뛰면, 시스템 시작 시간과 JSP 컴파일 시간을 단축시킬 수 있습니다.
22-Aug-2022 09:49:08.907 INFO [main] org.apache.catalina.startup.HostConfig.deployDirectory 웹 애플리케이션 디렉토리 [C:\Users\user\Documents\20172144\SW_developer_edu(back)\5th_week\jsp\apache-tomcat-9.0.65\webapps\docs]에 대한 배치가 [533] 밀리초에 완료되었습니다.
22-Aug-2022 09:49:08.907 INFO [main] org.apache.catalina.startup.HostConfig.deployDirectory 웹 애플리케이션 디렉토리 [C:\Users\user\Documents\20172144\SW_developer_edu(back)\5th_week\jsp\apache-tomcat-9.0.65\webapps\examples]을(를) 배치합니다.
22-Aug-2022 09:49:09.355 INFO [main] org.apache.jasper.servlet.TldScanner.scanJars 적어도 하나의 JAR가 TLD들을 찾기 위해 스캔되었으나 아무 것도 찾지 못했습니다. 스캔했으나 TLD가 없는 JAR들의 전체 목록을 보시려면, 로그 레벨을 디버그 레벨로 설정하십시오. 스캔 과정에서 불필요한 JAR들을 건너뛰면, 시스템 시작 시간과 JSP 컴파일 시간을 단축시킬 수 있습니다.
22-Aug-2022 09:49:09.409 INFO [main] org.apache.catalina.startup.HostConfig.deployDirectory 웹 애플리케이션 디렉토리 [C:\Users\user\Documents\20172144\SW_developer_edu(back)\5th_week\jsp\apache-tomcat-9.0.65\webapps\examples]에 대한 배치가 [502] 밀리초에 완료되었습니다.
22-Aug-2022 09:49:09.410 INFO [main] org.apache.catalina.startup.HostConfig.deployDirectory 웹 애플리케이션 디렉토리 [C:\Users\user\Documents\20172144\SW_developer_edu(back)\5th_week\jsp\apache-tomcat-9.0.65\webapps\host-manager]을(를) 배치합니다.
22-Aug-2022 09:49:09.637 INFO [main] org.apache.jasper.servlet.TldScanner.scanJars 적어도 하나의 JAR가 TLD들을 찾기 위해 스캔되었으나 아무 것도 찾지 못했습니다. 스캔했으나 TLD가 없는 JAR들의 전체 목록을 보시려면, 로그 레벨을 디버그 레벨로 설정하십시오. 스캔 과정에서 불필요한 JAR들을 건너뛰면, 시스템 시작 시간과 JSP 컴파일 시간을 단축시킬 수 있습니다.
22-Aug-2022 09:49:09.643 INFO [main] org.apache.catalina.startup.HostConfig.deployDirectory 웹 애플리케이션 디렉토리 [C:\Users\user\Documents\20172144\SW_developer_edu(back)\5th_week\jsp\apache-tomcat-9.0.65\webapps\host-manager]에 대한 배치가 [234] 밀리초에 완료되었습니다.
22-Aug-2022 09:49:09.643 INFO [main] org.apache.catalina.startup.HostConfig.deployDirectory 웹 애플리케이션 디렉토리 [C:\Users\user\Documents\20172144\SW_developer_edu(back)\5th_week\jsp\apache-tomcat-9.0.65\webapps\manager]을(를) 배치합니다.
22-Aug-2022 09:49:09.825 INFO [main] org.apache.jasper.servlet.TldScanner.scanJars 적어도 하나의 JAR가 TLD들을 찾기 위해 스캔되었으나 아무 것도 찾지 못했습니다. 스캔했으나 TLD가 없는 JAR들의 전체 목록을 보시려면, 로그 레벨을 디버그 레벨로 설정하십시오. 스캔 과정에서 불필요한 JAR들을 건너뛰면, 시스템 시작 시간과 JSP 컴파일 시간을 단축시킬 수 있습니다.
22-Aug-2022 09:49:09.829 INFO [main] org.apache.catalina.startup.HostConfig.deployDirectory 웹 애플리케이션 디렉토리 [C:\Users\user\Documents\20172144\SW_developer_edu(back)\5th_week\jsp\apache-tomcat-9.0.65\webapps\manager]에 대한 배치가 [186] 밀리초에 완료되었습니다.
22-Aug-2022 09:49:09.829 INFO [main] org.apache.catalina.startup.HostConfig.deployDirectory 웹 애플리케이션 디렉토리 [C:\Users\user\Documents\20172144\SW_developer_edu(back)\5th_week\jsp\apache-tomcat-9.0.65\webapps\ROOT]을(를) 배치합니다.
22-Aug-2022 09:49:10.051 INFO [main] java.util.ArrayList.forEach Name = OracleDB Ignoring unknown property: value of "Connection" for "description" property
22-Aug-2022 09:49:10.077 INFO [main] org.apache.jasper.servlet.TldScanner.scanJars 적어도 하나의 JAR가 TLD들을 찾기 위해 스캔되었으나 아무 것도 찾지 못했습니다. 스캔했으나 TLD가 없는 JAR들의 전체 목록을 보시려면, 로그 레벨을 디버그 레벨로 설정하십시오. 스캔 과정에서 불필요한 JAR들을 건너뛰면, 시스템 시작 시간과 JSP 컴파일 시간을 단축시킬 수 있습니다.
22-Aug-2022 09:49:10.080 INFO [main] org.apache.catalina.startup.HostConfig.deployDirectory 웹 애플리케이션 디렉토리 [C:\Users\user\Documents\20172144\SW_developer_edu(back)\5th_week\jsp\apache-tomcat-9.0.65\webapps\ROOT]에 대한 배치가 [251] 밀리초에 완료되었습니다.
22-Aug-2022 09:49:10.085 INFO [main] org.apache.coyote.AbstractProtocol.start 프로토콜 핸들러 ["http-nio-8080"]을(를) 시작합니다.
22-Aug-2022 09:49:10.166 INFO [main] org.apache.catalina.startup.Catalina.start 서버가 [1863] 밀리초 내에 시작되었습니다.
22-Aug-2022 14:16:33.689 INFO [main] org.apache.catalina.core.StandardServer.await 셧다운 포트를 통해 유효한 셧다운 명령을 받았습니다. 서버 인스턴스를 중지시킵니다.
22-Aug-2022 14:16:33.692 INFO [main] org.apache.coyote.AbstractProtocol.pause 프로토콜 핸들러 ["http-nio-8080"]을(를) 일시 정지 중
22-Aug-2022 14:16:33.746 INFO [main] org.apache.catalina.core.StandardService.stopInternal 서비스 [Catalina]을(를) 중지시킵니다.
22-Aug-2022 14:16:33.795 WARNING [main] org.apache.catalina.loader.WebappClassLoaderBase.clearReferencesJdbc 웹 애플리케이션 [ROOT]이(가) JDBC 드라이버 [oracle.jdbc.OracleDriver]을(를) 등록했지만, 웹 애플리케이션이 중지될 때, 해당 JDBC 드라이버의 등록을 제거하지 못했습니다. 메모리 누수를 방지하기 위하여, 등록을 강제로 제거했습니다.
22-Aug-2022 14:16:33.800 SEVERE [main] org.apache.catalina.loader.WebappClassLoaderBase.checkThreadLocalMapForLeaks 웹 애플리케이션 [ROOT]이(가), 타입 [java.lang.ThreadLocal]인 키와 (값: [java.lang.ThreadLocal@1d55dd21]) 타입 [java.lang.Class]인 값을 (값: [class oracle.sql.AnyDataFactory]) 사용하여 ThreadLocal 객체를 생성했지만, 웹 애플리케이션이 중지될 때 그것을 제거하지 못했습니다. 혹시 있을 법한 메모리 누수를 방지하기 위하여, 시간을 두고 쓰레드들을 재생성할 것입니다.
22-Aug-2022 14:16:33.801 SEVERE [main] org.apache.catalina.loader.WebappClassLoaderBase.checkThreadLocalMapForLeaks 웹 애플리케이션 [ROOT]이(가), 타입 [java.lang.ThreadLocal]인 키와 (값: [java.lang.ThreadLocal@7d6c4079]) 타입 [java.lang.Class]인 값을 (값: [class oracle.sql.TypeDescriptorFactory]) 사용하여 ThreadLocal 객체를 생성했지만, 웹 애플리케이션이 중지될 때 그것을 제거하지 못했습니다. 혹시 있을 법한 메모리 누수를 방지하기 위하여, 시간을 두고 쓰레드들을 재생성할 것입니다.
22-Aug-2022 14:16:33.839 INFO [main] org.apache.coyote.AbstractProtocol.stop 프로토콜 핸들러 ["http-nio-8080"]을(를) 중지시킵니다.
22-Aug-2022 14:16:33.871 INFO [main] org.apache.coyote.AbstractProtocol.destroy 프로토콜 핸들러 ["http-nio-8080"]을(를) 소멸시킵니다.
22-Aug-2022 14:16:57.526 INFO [main] org.apache.catalina.startup.VersionLoggerListener.log 서버 버전 이름:    Apache Tomcat/9.0.65
22-Aug-2022 14:16:57.529 INFO [main] org.apache.catalina.startup.VersionLoggerListener.log Server 빌드 시각:  Jul 14 2022 12:28:53 UTC
22-Aug-2022 14:16:57.529 INFO [main] org.apache.catalina.startup.VersionLoggerListener.log Server 버전 번호:  9.0.65.0
22-Aug-2022 14:16:57.529 INFO [main] org.apache.catalina.startup.VersionLoggerListener.log 운영체제 이름:     Windows 11
22-Aug-2022 14:16:57.529 INFO [main] org.apache.catalina.startup.VersionLoggerListener.log 운영체제 버전:     10.0
22-Aug-2022 14:16:57.529 INFO [main] org.apache.catalina.startup.VersionLoggerListener.log 아키텍처:          amd64
22-Aug-2022 14:16:57.530 INFO [main] org.apache.catalina.startup.VersionLoggerListener.log 자바 홈:           C:\Program Files\Java\jdk-11.0.16
22-Aug-2022 14:16:57.530 INFO [main] org.apache.catalina.startup.VersionLoggerListener.log JVM 버전:          11.0.16+11-LTS-199
22-Aug-2022 14:16:57.530 INFO [main] org.apache.catalina.startup.VersionLoggerListener.log JVM 벤더:          Oracle Corporation
22-Aug-2022 14:16:57.530 INFO [main] org.apache.catalina.startup.VersionLoggerListener.log CATALINA_BASE:     C:\Users\user\Documents\20172144\SW_developer_edu(back)\5th_week\jsp\apache-tomcat-9.0.65
22-Aug-2022 14:16:57.530 INFO [main] org.apache.catalina.startup.VersionLoggerListener.log CATALINA_HOME:     C:\Users\user\Documents\20172144\SW_developer_edu(back)\5th_week\jsp\apache-tomcat-9.0.65
22-Aug-2022 14:16:57.557 INFO [main] org.apache.catalina.startup.VersionLoggerListener.log 명령 행 아규먼트:  -Djava.util.logging.config.file=c:\Users\user\Documents\20172144\SW_developer_edu(back)\5th_week\jsp\apache-tomcat-9.0.65/conf/logging.properties
22-Aug-2022 14:16:57.557 INFO [main] org.apache.catalina.startup.VersionLoggerListener.log 명령 행 아규먼트:  -Djava.util.logging.manager=org.apache.juli.ClassLoaderLogManager
22-Aug-2022 14:16:57.557 INFO [main] org.apache.catalina.startup.VersionLoggerListener.log 명령 행 아규먼트:  -Djdk.tls.ephemeralDHKeySize=2048
22-Aug-2022 14:16:57.558 INFO [main] org.apache.catalina.startup.VersionLoggerListener.log 명령 행 아규먼트:  -Djava.protocol.handler.pkgs=org.apache.catalina.webresources
22-Aug-2022 14:16:57.558 INFO [main] org.apache.catalina.startup.VersionLoggerListener.log 명령 행 아규먼트:  -Dorg.apache.catalina.security.SecurityListener.UMASK=0027
22-Aug-2022 14:16:57.558 INFO [main] org.apache.catalina.startup.VersionLoggerListener.log 명령 행 아규먼트:  -Dcatalina.base=c:\Users\user\Documents\20172144\SW_developer_edu(back)\5th_week\jsp\apache-tomcat-9.0.65
22-Aug-2022 14:16:57.558 INFO [main] org.apache.catalina.startup.VersionLoggerListener.log 명령 행 아규먼트:  -Dcatalina.home=c:\Users\user\Documents\20172144\SW_developer_edu(back)\5th_week\jsp\apache-tomcat-9.0.65
22-Aug-2022 14:16:57.558 INFO [main] org.apache.catalina.startup.VersionLoggerListener.log 명령 행 아규먼트:  -Djava.io.tmpdir=c:\Users\user\Documents\20172144\SW_developer_edu(back)\5th_week\jsp\apache-tomcat-9.0.65/temp
22-Aug-2022 14:16:57.563 INFO [main] org.apache.catalina.core.AprLifecycleListener.lifecycleEvent APR 버전 [1.7.0]을(를) 사용한, APR 기반 Apache Tomcat Native 라이브러리 [1.2.35]을(를) 로드했습니다.
22-Aug-2022 14:16:57.563 INFO [main] org.apache.catalina.core.AprLifecycleListener.lifecycleEvent APR 용량정보들: IPv6 [true], sendfile [true], accept filters [false], random [true], UDS [true].
22-Aug-2022 14:16:57.563 INFO [main] org.apache.catalina.core.AprLifecycleListener.lifecycleEvent APR/OpenSSL 설정: useAprConnector [false], useOpenSSL [true]
22-Aug-2022 14:16:57.570 INFO [main] org.apache.catalina.core.AprLifecycleListener.initializeSSL OpenSSL이 성공적으로 초기화되었습니다: [OpenSSL 1.1.1q  5 Jul 2022]
22-Aug-2022 14:16:57.896 INFO [main] org.apache.coyote.AbstractProtocol.init 프로토콜 핸들러 ["http-nio-8080"]을(를) 초기화합니다.
22-Aug-2022 14:16:57.928 INFO [main] org.apache.catalina.startup.Catalina.load [613] 밀리초 내에 서버가 초기화되었습니다.
22-Aug-2022 14:16:58.000 INFO [main] org.apache.catalina.core.StandardService.startInternal 서비스 [Catalina]을(를) 시작합니다.
22-Aug-2022 14:16:58.001 INFO [main] org.apache.catalina.core.StandardEngine.startInternal 서버 엔진을 시작합니다: [Apache Tomcat/9.0.65]
22-Aug-2022 14:16:58.015 INFO [main] org.apache.catalina.startup.HostConfig.deployDirectory 웹 애플리케이션 디렉토리 [C:\Users\user\Documents\20172144\SW_developer_edu(back)\5th_week\jsp\apache-tomcat-9.0.65\webapps\docs]을(를) 배치합니다.
22-Aug-2022 14:16:58.470 INFO [main] org.apache.jasper.servlet.TldScanner.scanJars 적어도 하나의 JAR가 TLD들을 찾기 위해 스캔되었으나 아무 것도 찾지 못했습니다. 스캔했으나 TLD가 없는 JAR들의 전체 목록을 보시려면, 로그 레벨을 디버그 레벨로 설정하십시오. 스캔 과정에서 불필요한 JAR들을 건너뛰면, 시스템 시작 시간과 JSP 컴파일 시간을 단축시킬 수 있습니다.
22-Aug-2022 14:16:58.578 INFO [main] org.apache.catalina.startup.HostConfig.deployDirectory 웹 애플리케이션 디렉토리 [C:\Users\user\Documents\20172144\SW_developer_edu(back)\5th_week\jsp\apache-tomcat-9.0.65\webapps\docs]에 대한 배치가 [561] 밀리초에 완료되었습니다.
22-Aug-2022 14:16:58.579 INFO [main] org.apache.catalina.startup.HostConfig.deployDirectory 웹 애플리케이션 디렉토리 [C:\Users\user\Documents\20172144\SW_developer_edu(back)\5th_week\jsp\apache-tomcat-9.0.65\webapps\examples]을(를) 배치합니다.
22-Aug-2022 14:16:58.968 INFO [main] org.apache.jasper.servlet.TldScanner.scanJars 적어도 하나의 JAR가 TLD들을 찾기 위해 스캔되었으나 아무 것도 찾지 못했습니다. 스캔했으나 TLD가 없는 JAR들의 전체 목록을 보시려면, 로그 레벨을 디버그 레벨로 설정하십시오. 스캔 과정에서 불필요한 JAR들을 건너뛰면, 시스템 시작 시간과 JSP 컴파일 시간을 단축시킬 수 있습니다.
22-Aug-2022 14:16:59.025 INFO [main] org.apache.catalina.startup.HostConfig.deployDirectory 웹 애플리케이션 디렉토리 [C:\Users\user\Documents\20172144\SW_developer_edu(back)\5th_week\jsp\apache-tomcat-9.0.65\webapps\examples]에 대한 배치가 [446] 밀리초에 완료되었습니다.
22-Aug-2022 14:16:59.025 INFO [main] org.apache.catalina.startup.HostConfig.deployDirectory 웹 애플리케이션 디렉토리 [C:\Users\user\Documents\20172144\SW_developer_edu(back)\5th_week\jsp\apache-tomcat-9.0.65\webapps\host-manager]을(를) 배치합니다.
22-Aug-2022 14:16:59.240 INFO [main] org.apache.jasper.servlet.TldScanner.scanJars 적어도 하나의 JAR가 TLD들을 찾기 위해 스캔되었으나 아무 것도 찾지 못했습니다. 스캔했으나 TLD가 없는 JAR들의 전체 목록을 보시려면, 로그 레벨을 디버그 레벨로 설정하십시오. 스캔 과정에서 불필요한 JAR들을 건너뛰면, 시스템 시작 시간과 JSP 컴파일 시간을 단축시킬 수 있습니다.
22-Aug-2022 14:16:59.246 INFO [main] org.apache.catalina.startup.HostConfig.deployDirectory 웹 애플리케이션 디렉토리 [C:\Users\user\Documents\20172144\SW_developer_edu(back)\5th_week\jsp\apache-tomcat-9.0.65\webapps\host-manager]에 대한 배치가 [221] 밀리초에 완료되었습니다.
22-Aug-2022 14:16:59.246 INFO [main] org.apache.catalina.startup.HostConfig.deployDirectory 웹 애플리케이션 디렉토리 [C:\Users\user\Documents\20172144\SW_developer_edu(back)\5th_week\jsp\apache-tomcat-9.0.65\webapps\manager]을(를) 배치합니다.
22-Aug-2022 14:16:59.428 INFO [main] org.apache.jasper.servlet.TldScanner.scanJars 적어도 하나의 JAR가 TLD들을 찾기 위해 스캔되었으나 아무 것도 찾지 못했습니다. 스캔했으나 TLD가 없는 JAR들의 전체 목록을 보시려면, 로그 레벨을 디버그 레벨로 설정하십시오. 스캔 과정에서 불필요한 JAR들을 건너뛰면, 시스템 시작 시간과 JSP 컴파일 시간을 단축시킬 수 있습니다.
22-Aug-2022 14:16:59.430 INFO [main] org.apache.catalina.startup.HostConfig.deployDirectory 웹 애플리케이션 디렉토리 [C:\Users\user\Documents\20172144\SW_developer_edu(back)\5th_week\jsp\apache-tomcat-9.0.65\webapps\manager]에 대한 배치가 [184] 밀리초에 완료되었습니다.
22-Aug-2022 14:16:59.430 INFO [main] org.apache.catalina.startup.HostConfig.deployDirectory 웹 애플리케이션 디렉토리 [C:\Users\user\Documents\20172144\SW_developer_edu(back)\5th_week\jsp\apache-tomcat-9.0.65\webapps\ROOT]을(를) 배치합니다.
22-Aug-2022 14:16:59.662 INFO [main] java.util.ArrayList.forEach Name = OracleDB Ignoring unknown property: value of "Connection" for "description" property
22-Aug-2022 14:16:59.689 INFO [main] org.apache.jasper.servlet.TldScanner.scanJars 적어도 하나의 JAR가 TLD들을 찾기 위해 스캔되었으나 아무 것도 찾지 못했습니다. 스캔했으나 TLD가 없는 JAR들의 전체 목록을 보시려면, 로그 레벨을 디버그 레벨로 설정하십시오. 스캔 과정에서 불필요한 JAR들을 건너뛰면, 시스템 시작 시간과 JSP 컴파일 시간을 단축시킬 수 있습니다.
22-Aug-2022 14:16:59.713 INFO [main] org.apache.catalina.startup.HostConfig.deployDirectory 웹 애플리케이션 디렉토리 [C:\Users\user\Documents\20172144\SW_developer_edu(back)\5th_week\jsp\apache-tomcat-9.0.65\webapps\ROOT]에 대한 배치가 [283] 밀리초에 완료되었습니다.
22-Aug-2022 14:16:59.719 INFO [main] org.apache.coyote.AbstractProtocol.start 프로토콜 핸들러 ["http-nio-8080"]을(를) 시작합니다.
22-Aug-2022 14:16:59.807 INFO [main] org.apache.catalina.startup.Catalina.start 서버가 [1875] 밀리초 내에 시작되었습니다.
22-Aug-2022 17:20:31.329 INFO [main] org.apache.catalina.core.StandardServer.await 셧다운 포트를 통해 유효한 셧다운 명령을 받았습니다. 서버 인스턴스를 중지시킵니다.
22-Aug-2022 17:20:31.331 INFO [main] org.apache.coyote.AbstractProtocol.pause 프로토콜 핸들러 ["http-nio-8080"]을(를) 일시 정지 중
22-Aug-2022 17:20:31.382 INFO [main] org.apache.catalina.core.StandardService.stopInternal 서비스 [Catalina]을(를) 중지시킵니다.
22-Aug-2022 17:20:31.407 WARNING [main] org.apache.catalina.loader.WebappClassLoaderBase.clearReferencesJdbc 웹 애플리케이션 [ROOT]이(가) JDBC 드라이버 [oracle.jdbc.OracleDriver]을(를) 등록했지만, 웹 애플리케이션이 중지될 때, 해당 JDBC 드라이버의 등록을 제거하지 못했습니다. 메모리 누수를 방지하기 위하여, 등록을 강제로 제거했습니다.
22-Aug-2022 17:20:31.411 SEVERE [main] org.apache.catalina.loader.WebappClassLoaderBase.checkThreadLocalMapForLeaks 웹 애플리케이션 [ROOT]이(가), 타입 [java.lang.ThreadLocal]인 키와 (값: [java.lang.ThreadLocal@3b3546a3]) 타입 [java.lang.Class]인 값을 (값: [class oracle.sql.AnyDataFactory]) 사용하여 ThreadLocal 객체를 생성했지만, 웹 애플리케이션이 중지될 때 그것을 제거하지 못했습니다. 혹시 있을 법한 메모리 누수를 방지하기 위하여, 시간을 두고 쓰레드들을 재생성할 것입니다.
22-Aug-2022 17:20:31.411 SEVERE [main] org.apache.catalina.loader.WebappClassLoaderBase.checkThreadLocalMapForLeaks 웹 애플리케이션 [ROOT]이(가), 타입 [java.lang.ThreadLocal]인 키와 (값: [java.lang.ThreadLocal@134c38]) 타입 [java.lang.Class]인 값을 (값: [class oracle.sql.TypeDescriptorFactory]) 사용하여 ThreadLocal 객체를 생성했지만, 웹 애플리케이션이 중지될 때 그것을 제거하지 못했습니다. 혹시 있을 법한 메모리 누수를 방지하기 위하여, 시간을 두고 쓰레드들을 재생성할 것입니다.
22-Aug-2022 17:20:31.435 INFO [main] org.apache.coyote.AbstractProtocol.stop 프로토콜 핸들러 ["http-nio-8080"]을(를) 중지시킵니다.
22-Aug-2022 17:20:31.449 INFO [main] org.apache.coyote.AbstractProtocol.destroy 프로토콜 핸들러 ["http-nio-8080"]을(를) 소멸시킵니다.
22-Aug-2022 17:20:33.566 INFO [main] org.apache.catalina.startup.VersionLoggerListener.log 서버 버전 이름:    Apache Tomcat/9.0.65
22-Aug-2022 17:20:33.572 INFO [main] org.apache.catalina.startup.VersionLoggerListener.log Server 빌드 시각:  Jul 14 2022 12:28:53 UTC
22-Aug-2022 17:20:33.572 INFO [main] org.apache.catalina.startup.VersionLoggerListener.log Server 버전 번호:  9.0.65.0
22-Aug-2022 17:20:33.572 INFO [main] org.apache.catalina.startup.VersionLoggerListener.log 운영체제 이름:     Windows 11
22-Aug-2022 17:20:33.573 INFO [main] org.apache.catalina.startup.VersionLoggerListener.log 운영체제 버전:     10.0
22-Aug-2022 17:20:33.573 INFO [main] org.apache.catalina.startup.VersionLoggerListener.log 아키텍처:          amd64
22-Aug-2022 17:20:33.573 INFO [main] org.apache.catalina.startup.VersionLoggerListener.log 자바 홈:           C:\Program Files\Java\jdk-11.0.16
22-Aug-2022 17:20:33.573 INFO [main] org.apache.catalina.startup.VersionLoggerListener.log JVM 버전:          11.0.16+11-LTS-199
22-Aug-2022 17:20:33.573 INFO [main] org.apache.catalina.startup.VersionLoggerListener.log JVM 벤더:          Oracle Corporation
22-Aug-2022 17:20:33.573 INFO [main] org.apache.catalina.startup.VersionLoggerListener.log CATALINA_BASE:     C:\Users\user\Documents\20172144\SW_developer_edu(back)\5th_week\jsp\apache-tomcat-9.0.65
22-Aug-2022 17:20:33.573 INFO [main] org.apache.catalina.startup.VersionLoggerListener.log CATALINA_HOME:     C:\Users\user\Documents\20172144\SW_developer_edu(back)\5th_week\jsp\apache-tomcat-9.0.65
22-Aug-2022 17:20:33.589 INFO [main] org.apache.catalina.startup.VersionLoggerListener.log 명령 행 아규먼트:  -Djava.util.logging.config.file=c:\Users\user\Documents\20172144\SW_developer_edu(back)\5th_week\jsp\apache-tomcat-9.0.65/conf/logging.properties
22-Aug-2022 17:20:33.590 INFO [main] org.apache.catalina.startup.VersionLoggerListener.log 명령 행 아규먼트:  -Djava.util.logging.manager=org.apache.juli.ClassLoaderLogManager
22-Aug-2022 17:20:33.590 INFO [main] org.apache.catalina.startup.VersionLoggerListener.log 명령 행 아규먼트:  -Djdk.tls.ephemeralDHKeySize=2048
22-Aug-2022 17:20:33.590 INFO [main] org.apache.catalina.startup.VersionLoggerListener.log 명령 행 아규먼트:  -Djava.protocol.handler.pkgs=org.apache.catalina.webresources
22-Aug-2022 17:20:33.590 INFO [main] org.apache.catalina.startup.VersionLoggerListener.log 명령 행 아규먼트:  -Dorg.apache.catalina.security.SecurityListener.UMASK=0027
22-Aug-2022 17:20:33.590 INFO [main] org.apache.catalina.startup.VersionLoggerListener.log 명령 행 아규먼트:  -Dcatalina.base=c:\Users\user\Documents\20172144\SW_developer_edu(back)\5th_week\jsp\apache-tomcat-9.0.65
22-Aug-2022 17:20:33.590 INFO [main] org.apache.catalina.startup.VersionLoggerListener.log 명령 행 아규먼트:  -Dcatalina.home=c:\Users\user\Documents\20172144\SW_developer_edu(back)\5th_week\jsp\apache-tomcat-9.0.65
22-Aug-2022 17:20:33.590 INFO [main] org.apache.catalina.startup.VersionLoggerListener.log 명령 행 아규먼트:  -Djava.io.tmpdir=c:\Users\user\Documents\20172144\SW_developer_edu(back)\5th_week\jsp\apache-tomcat-9.0.65/temp
22-Aug-2022 17:20:33.594 INFO [main] org.apache.catalina.core.AprLifecycleListener.lifecycleEvent APR 버전 [1.7.0]을(를) 사용한, APR 기반 Apache Tomcat Native 라이브러리 [1.2.35]을(를) 로드했습니다.
22-Aug-2022 17:20:33.594 INFO [main] org.apache.catalina.core.AprLifecycleListener.lifecycleEvent APR 용량정보들: IPv6 [true], sendfile [true], accept filters [false], random [true], UDS [true].
22-Aug-2022 17:20:33.595 INFO [main] org.apache.catalina.core.AprLifecycleListener.lifecycleEvent APR/OpenSSL 설정: useAprConnector [false], useOpenSSL [true]
22-Aug-2022 17:20:33.599 INFO [main] org.apache.catalina.core.AprLifecycleListener.initializeSSL OpenSSL이 성공적으로 초기화되었습니다: [OpenSSL 1.1.1q  5 Jul 2022]
22-Aug-2022 17:20:33.963 INFO [main] org.apache.coyote.AbstractProtocol.init 프로토콜 핸들러 ["http-nio-8080"]을(를) 초기화합니다.
22-Aug-2022 17:20:33.993 INFO [main] org.apache.catalina.startup.Catalina.load [676] 밀리초 내에 서버가 초기화되었습니다.
22-Aug-2022 17:20:34.083 INFO [main] org.apache.catalina.core.StandardService.startInternal 서비스 [Catalina]을(를) 시작합니다.
22-Aug-2022 17:20:34.084 INFO [main] org.apache.catalina.core.StandardEngine.startInternal 서버 엔진을 시작합니다: [Apache Tomcat/9.0.65]
22-Aug-2022 17:20:34.099 INFO [main] org.apache.catalina.startup.HostConfig.deployDirectory 웹 애플리케이션 디렉토리 [C:\Users\user\Documents\20172144\SW_developer_edu(back)\5th_week\jsp\apache-tomcat-9.0.65\webapps\docs]을(를) 배치합니다.
22-Aug-2022 17:20:34.646 INFO [main] org.apache.jasper.servlet.TldScanner.scanJars 적어도 하나의 JAR가 TLD들을 찾기 위해 스캔되었으나 아무 것도 찾지 못했습니다. 스캔했으나 TLD가 없는 JAR들의 전체 목록을 보시려면, 로그 레벨을 디버그 레벨로 설정하십시오. 스캔 과정에서 불필요한 JAR들을 건너뛰면, 시스템 시작 시간과 JSP 컴파일 시간을 단축시킬 수 있습니다.
22-Aug-2022 17:20:34.748 INFO [main] org.apache.catalina.startup.HostConfig.deployDirectory 웹 애플리케이션 디렉토리 [C:\Users\user\Documents\20172144\SW_developer_edu(back)\5th_week\jsp\apache-tomcat-9.0.65\webapps\docs]에 대한 배치가 [647] 밀리초에 완료되었습니다.
22-Aug-2022 17:20:34.748 INFO [main] org.apache.catalina.startup.HostConfig.deployDirectory 웹 애플리케이션 디렉토리 [C:\Users\user\Documents\20172144\SW_developer_edu(back)\5th_week\jsp\apache-tomcat-9.0.65\webapps\examples]을(를) 배치합니다.
22-Aug-2022 17:20:35.212 INFO [main] org.apache.jasper.servlet.TldScanner.scanJars 적어도 하나의 JAR가 TLD들을 찾기 위해 스캔되었으나 아무 것도 찾지 못했습니다. 스캔했으나 TLD가 없는 JAR들의 전체 목록을 보시려면, 로그 레벨을 디버그 레벨로 설정하십시오. 스캔 과정에서 불필요한 JAR들을 건너뛰면, 시스템 시작 시간과 JSP 컴파일 시간을 단축시킬 수 있습니다.
22-Aug-2022 17:20:35.273 INFO [main] org.apache.catalina.startup.HostConfig.deployDirectory 웹 애플리케이션 디렉토리 [C:\Users\user\Documents\20172144\SW_developer_edu(back)\5th_week\jsp\apache-tomcat-9.0.65\webapps\examples]에 대한 배치가 [525] 밀리초에 완료되었습니다.
22-Aug-2022 17:20:35.274 INFO [main] org.apache.catalina.startup.HostConfig.deployDirectory 웹 애플리케이션 디렉토리 [C:\Users\user\Documents\20172144\SW_developer_edu(back)\5th_week\jsp\apache-tomcat-9.0.65\webapps\host-manager]을(를) 배치합니다.
22-Aug-2022 17:20:35.542 INFO [main] org.apache.jasper.servlet.TldScanner.scanJars 적어도 하나의 JAR가 TLD들을 찾기 위해 스캔되었으나 아무 것도 찾지 못했습니다. 스캔했으나 TLD가 없는 JAR들의 전체 목록을 보시려면, 로그 레벨을 디버그 레벨로 설정하십시오. 스캔 과정에서 불필요한 JAR들을 건너뛰면, 시스템 시작 시간과 JSP 컴파일 시간을 단축시킬 수 있습니다.
22-Aug-2022 17:20:35.551 INFO [main] org.apache.catalina.startup.HostConfig.deployDirectory 웹 애플리케이션 디렉토리 [C:\Users\user\Documents\20172144\SW_developer_edu(back)\5th_week\jsp\apache-tomcat-9.0.65\webapps\host-manager]에 대한 배치가 [277] 밀리초에 완료되었습니다.
22-Aug-2022 17:20:35.551 INFO [main] org.apache.catalina.startup.HostConfig.deployDirectory 웹 애플리케이션 디렉토리 [C:\Users\user\Documents\20172144\SW_developer_edu(back)\5th_week\jsp\apache-tomcat-9.0.65\webapps\manager]을(를) 배치합니다.
22-Aug-2022 17:20:35.808 INFO [main] org.apache.jasper.servlet.TldScanner.scanJars 적어도 하나의 JAR가 TLD들을 찾기 위해 스캔되었으나 아무 것도 찾지 못했습니다. 스캔했으나 TLD가 없는 JAR들의 전체 목록을 보시려면, 로그 레벨을 디버그 레벨로 설정하십시오. 스캔 과정에서 불필요한 JAR들을 건너뛰면, 시스템 시작 시간과 JSP 컴파일 시간을 단축시킬 수 있습니다.
22-Aug-2022 17:20:35.811 INFO [main] org.apache.catalina.startup.HostConfig.deployDirectory 웹 애플리케이션 디렉토리 [C:\Users\user\Documents\20172144\SW_developer_edu(back)\5th_week\jsp\apache-tomcat-9.0.65\webapps\manager]에 대한 배치가 [260] 밀리초에 완료되었습니다.
22-Aug-2022 17:20:35.811 INFO [main] org.apache.catalina.startup.HostConfig.deployDirectory 웹 애플리케이션 디렉토리 [C:\Users\user\Documents\20172144\SW_developer_edu(back)\5th_week\jsp\apache-tomcat-9.0.65\webapps\ROOT]을(를) 배치합니다.
22-Aug-2022 17:20:36.096 INFO [main] java.util.ArrayList.forEach Name = OracleDB Ignoring unknown property: value of "Connection" for "description" property
22-Aug-2022 17:20:36.145 INFO [main] org.apache.jasper.servlet.TldScanner.scanJars 적어도 하나의 JAR가 TLD들을 찾기 위해 스캔되었으나 아무 것도 찾지 못했습니다. 스캔했으나 TLD가 없는 JAR들의 전체 목록을 보시려면, 로그 레벨을 디버그 레벨로 설정하십시오. 스캔 과정에서 불필요한 JAR들을 건너뛰면, 시스템 시작 시간과 JSP 컴파일 시간을 단축시킬 수 있습니다.
22-Aug-2022 17:20:36.166 INFO [main] org.apache.catalina.startup.HostConfig.deployDirectory 웹 애플리케이션 디렉토리 [C:\Users\user\Documents\20172144\SW_developer_edu(back)\5th_week\jsp\apache-tomcat-9.0.65\webapps\ROOT]에 대한 배치가 [355] 밀리초에 완료되었습니다.
22-Aug-2022 17:20:36.170 INFO [main] org.apache.coyote.AbstractProtocol.start 프로토콜 핸들러 ["http-nio-8080"]을(를) 시작합니다.
22-Aug-2022 17:20:36.266 INFO [main] org.apache.catalina.startup.Catalina.start 서버가 [2272] 밀리초 내에 시작되었습니다.
22-Aug-2022 17:25:48.644 INFO [main] org.apache.catalina.core.StandardServer.await 셧다운 포트를 통해 유효한 셧다운 명령을 받았습니다. 서버 인스턴스를 중지시킵니다.
22-Aug-2022 17:25:48.645 INFO [main] org.apache.coyote.AbstractProtocol.pause 프로토콜 핸들러 ["http-nio-8080"]을(를) 일시 정지 중
22-Aug-2022 17:25:48.718 INFO [main] org.apache.catalina.core.StandardService.stopInternal 서비스 [Catalina]을(를) 중지시킵니다.
22-Aug-2022 17:25:48.727 WARNING [main] org.apache.catalina.loader.WebappClassLoaderBase.clearReferencesJdbc 웹 애플리케이션 [ROOT]이(가) JDBC 드라이버 [oracle.jdbc.OracleDriver]을(를) 등록했지만, 웹 애플리케이션이 중지될 때, 해당 JDBC 드라이버의 등록을 제거하지 못했습니다. 메모리 누수를 방지하기 위하여, 등록을 강제로 제거했습니다.
22-Aug-2022 17:25:48.730 SEVERE [main] org.apache.catalina.loader.WebappClassLoaderBase.checkThreadLocalMapForLeaks 웹 애플리케이션 [ROOT]이(가), 타입 [java.lang.ThreadLocal]인 키와 (값: [java.lang.ThreadLocal@6caeba36]) 타입 [java.lang.Class]인 값을 (값: [class oracle.sql.AnyDataFactory]) 사용하여 ThreadLocal 객체를 생성했지만, 웹 애플리케이션이 중지될 때 그것을 제거하지 못했습니다. 혹시 있을 법한 메모리 누수를 방지하기 위하여, 시간을 두고 쓰레드들을 재생성할 것입니다.
22-Aug-2022 17:25:48.730 SEVERE [main] org.apache.catalina.loader.WebappClassLoaderBase.checkThreadLocalMapForLeaks 웹 애플리케이션 [ROOT]이(가), 타입 [java.lang.ThreadLocal]인 키와 (값: [java.lang.ThreadLocal@8ac512e]) 타입 [java.lang.Class]인 값을 (값: [class oracle.sql.TypeDescriptorFactory]) 사용하여 ThreadLocal 객체를 생성했지만, 웹 애플리케이션이 중지될 때 그것을 제거하지 못했습니다. 혹시 있을 법한 메모리 누수를 방지하기 위하여, 시간을 두고 쓰레드들을 재생성할 것입니다.
22-Aug-2022 17:25:48.749 INFO [main] org.apache.coyote.AbstractProtocol.stop 프로토콜 핸들러 ["http-nio-8080"]을(를) 중지시킵니다.
22-Aug-2022 17:25:48.756 INFO [main] org.apache.coyote.AbstractProtocol.destroy 프로토콜 핸들러 ["http-nio-8080"]을(를) 소멸시킵니다.
22-Aug-2022 19:21:07.505 INFO [main] org.apache.catalina.startup.VersionLoggerListener.log 서버 버전 이름:    Apache Tomcat/9.0.65
22-Aug-2022 19:21:07.507 INFO [main] org.apache.catalina.startup.VersionLoggerListener.log Server 빌드 시각:  Jul 14 2022 12:28:53 UTC
22-Aug-2022 19:21:07.507 INFO [main] org.apache.catalina.startup.VersionLoggerListener.log Server 버전 번호:  9.0.65.0
22-Aug-2022 19:21:07.508 INFO [main] org.apache.catalina.startup.VersionLoggerListener.log 운영체제 이름:     Windows 11
22-Aug-2022 19:21:07.508 INFO [main] org.apache.catalina.startup.VersionLoggerListener.log 운영체제 버전:     10.0
22-Aug-2022 19:21:07.508 INFO [main] org.apache.catalina.startup.VersionLoggerListener.log 아키텍처:          amd64
22-Aug-2022 19:21:07.508 INFO [main] org.apache.catalina.startup.VersionLoggerListener.log 자바 홈:           C:\Program Files\Java\jdk-17.0.4
22-Aug-2022 19:21:07.508 INFO [main] org.apache.catalina.startup.VersionLoggerListener.log JVM 버전:          17.0.4+11-LTS-179
22-Aug-2022 19:21:07.508 INFO [main] org.apache.catalina.startup.VersionLoggerListener.log JVM 벤더:          Oracle Corporation
22-Aug-2022 19:21:07.508 INFO [main] org.apache.catalina.startup.VersionLoggerListener.log CATALINA_BASE:     C:\swedu\SW_developer_edu(back)\5th_week\jsp\apache-tomcat-9.0.65
22-Aug-2022 19:21:07.508 INFO [main] org.apache.catalina.startup.VersionLoggerListener.log CATALINA_HOME:     C:\swedu\SW_developer_edu(back)\5th_week\jsp\apache-tomcat-9.0.65
22-Aug-2022 19:21:07.515 INFO [main] org.apache.catalina.startup.VersionLoggerListener.log 명령 행 아규먼트:  -Djava.util.logging.config.file=c:\swedu\SW_developer_edu(back)\5th_week\jsp\apache-tomcat-9.0.65/conf/logging.properties
22-Aug-2022 19:21:07.516 INFO [main] org.apache.catalina.startup.VersionLoggerListener.log 명령 행 아규먼트:  -Djava.util.logging.manager=org.apache.juli.ClassLoaderLogManager
22-Aug-2022 19:21:07.516 INFO [main] org.apache.catalina.startup.VersionLoggerListener.log 명령 행 아규먼트:  -Djdk.tls.ephemeralDHKeySize=2048
22-Aug-2022 19:21:07.516 INFO [main] org.apache.catalina.startup.VersionLoggerListener.log 명령 행 아규먼트:  -Djava.protocol.handler.pkgs=org.apache.catalina.webresources
22-Aug-2022 19:21:07.516 INFO [main] org.apache.catalina.startup.VersionLoggerListener.log 명령 행 아규먼트:  -Dorg.apache.catalina.security.SecurityListener.UMASK=0027
22-Aug-2022 19:21:07.516 INFO [main] org.apache.catalina.startup.VersionLoggerListener.log 명령 행 아규먼트:  -Dcatalina.base=c:\swedu\SW_developer_edu(back)\5th_week\jsp\apache-tomcat-9.0.65
22-Aug-2022 19:21:07.516 INFO [main] org.apache.catalina.startup.VersionLoggerListener.log 명령 행 아규먼트:  -Dcatalina.home=c:\swedu\SW_developer_edu(back)\5th_week\jsp\apache-tomcat-9.0.65
22-Aug-2022 19:21:07.516 INFO [main] org.apache.catalina.startup.VersionLoggerListener.log 명령 행 아규먼트:  -Djava.io.tmpdir=c:\swedu\SW_developer_edu(back)\5th_week\jsp\apache-tomcat-9.0.65/temp
22-Aug-2022 19:21:07.519 INFO [main] org.apache.catalina.core.AprLifecycleListener.lifecycleEvent APR 버전 [1.7.0]을(를) 사용한, APR 기반 Apache Tomcat Native 라이브러리 [1.2.35]을(를) 로드했습니다.
22-Aug-2022 19:21:07.519 INFO [main] org.apache.catalina.core.AprLifecycleListener.lifecycleEvent APR 용량정보들: IPv6 [true], sendfile [true], accept filters [false], random [true], UDS [true].
22-Aug-2022 19:21:07.519 INFO [main] org.apache.catalina.core.AprLifecycleListener.lifecycleEvent APR/OpenSSL 설정: useAprConnector [false], useOpenSSL [true]
22-Aug-2022 19:21:07.523 INFO [main] org.apache.catalina.core.AprLifecycleListener.initializeSSL OpenSSL이 성공적으로 초기화되었습니다: [OpenSSL 1.1.1q  5 Jul 2022]
22-Aug-2022 19:21:07.713 INFO [main] org.apache.coyote.AbstractProtocol.init 프로토콜 핸들러 ["http-nio-8080"]을(를) 초기화합니다.
22-Aug-2022 19:21:07.729 INFO [main] org.apache.catalina.startup.Catalina.load [334] 밀리초 내에 서버가 초기화되었습니다.
22-Aug-2022 19:21:07.751 INFO [main] org.apache.catalina.core.StandardService.startInternal 서비스 [Catalina]을(를) 시작합니다.
22-Aug-2022 19:21:07.752 INFO [main] org.apache.catalina.core.StandardEngine.startInternal 서버 엔진을 시작합니다: [Apache Tomcat/9.0.65]
22-Aug-2022 19:21:07.758 INFO [main] org.apache.catalina.startup.HostConfig.deployDirectory 웹 애플리케이션 디렉토리 [C:\swedu\SW_developer_edu(back)\5th_week\jsp\apache-tomcat-9.0.65\webapps\docs]을(를) 배치합니다.
22-Aug-2022 19:21:08.024 INFO [main] org.apache.jasper.servlet.TldScanner.scanJars 적어도 하나의 JAR가 TLD들을 찾기 위해 스캔되었으나 아무 것도 찾지 못했습니다. 스캔했으나 TLD가 없는 JAR들의 전체 목록을 보시려면, 로그 레벨을 디버그 레벨로 설정하십시오. 스캔 과정에서 불필요한 JAR들을 건너뛰면, 시스템 시작 시간과 JSP 컴파일 시간을 단축시킬 수 있습니다.
22-Aug-2022 19:21:08.079 INFO [main] org.apache.catalina.startup.HostConfig.deployDirectory 웹 애플리케이션 디렉토리 [C:\swedu\SW_developer_edu(back)\5th_week\jsp\apache-tomcat-9.0.65\webapps\docs]에 대한 배치가 [320] 밀리초에 완료되었습니다.
22-Aug-2022 19:21:08.080 INFO [main] org.apache.catalina.startup.HostConfig.deployDirectory 웹 애플리케이션 디렉토리 [C:\swedu\SW_developer_edu(back)\5th_week\jsp\apache-tomcat-9.0.65\webapps\examples]을(를) 배치합니다.
22-Aug-2022 19:21:08.405 INFO [main] org.apache.jasper.servlet.TldScanner.scanJars 적어도 하나의 JAR가 TLD들을 찾기 위해 스캔되었으나 아무 것도 찾지 못했습니다. 스캔했으나 TLD가 없는 JAR들의 전체 목록을 보시려면, 로그 레벨을 디버그 레벨로 설정하십시오. 스캔 과정에서 불필요한 JAR들을 건너뛰면, 시스템 시작 시간과 JSP 컴파일 시간을 단축시킬 수 있습니다.
22-Aug-2022 19:21:08.443 INFO [main] org.apache.catalina.startup.HostConfig.deployDirectory 웹 애플리케이션 디렉토리 [C:\swedu\SW_developer_edu(back)\5th_week\jsp\apache-tomcat-9.0.65\webapps\examples]에 대한 배치가 [363] 밀리초에 완료되었습니다.
22-Aug-2022 19:21:08.443 INFO [main] org.apache.catalina.startup.HostConfig.deployDirectory 웹 애플리케이션 디렉토리 [C:\swedu\SW_developer_edu(back)\5th_week\jsp\apache-tomcat-9.0.65\webapps\host-manager]을(를) 배치합니다.
22-Aug-2022 19:21:08.583 INFO [main] org.apache.jasper.servlet.TldScanner.scanJars 적어도 하나의 JAR가 TLD들을 찾기 위해 스캔되었으나 아무 것도 찾지 못했습니다. 스캔했으나 TLD가 없는 JAR들의 전체 목록을 보시려면, 로그 레벨을 디버그 레벨로 설정하십시오. 스캔 과정에서 불필요한 JAR들을 건너뛰면, 시스템 시작 시간과 JSP 컴파일 시간을 단축시킬 수 있습니다.
22-Aug-2022 19:21:08.588 INFO [main] org.apache.catalina.startup.HostConfig.deployDirectory 웹 애플리케이션 디렉토리 [C:\swedu\SW_developer_edu(back)\5th_week\jsp\apache-tomcat-9.0.65\webapps\host-manager]에 대한 배치가 [145] 밀리초에 완료되었습니다.
22-Aug-2022 19:21:08.588 INFO [main] org.apache.catalina.startup.HostConfig.deployDirectory 웹 애플리케이션 디렉토리 [C:\swedu\SW_developer_edu(back)\5th_week\jsp\apache-tomcat-9.0.65\webapps\manager]을(를) 배치합니다.
22-Aug-2022 19:21:08.719 INFO [main] org.apache.jasper.servlet.TldScanner.scanJars 적어도 하나의 JAR가 TLD들을 찾기 위해 스캔되었으나 아무 것도 찾지 못했습니다. 스캔했으나 TLD가 없는 JAR들의 전체 목록을 보시려면, 로그 레벨을 디버그 레벨로 설정하십시오. 스캔 과정에서 불필요한 JAR들을 건너뛰면, 시스템 시작 시간과 JSP 컴파일 시간을 단축시킬 수 있습니다.
22-Aug-2022 19:21:08.721 INFO [main] org.apache.catalina.startup.HostConfig.deployDirectory 웹 애플리케이션 디렉토리 [C:\swedu\SW_developer_edu(back)\5th_week\jsp\apache-tomcat-9.0.65\webapps\manager]에 대한 배치가 [133] 밀리초에 완료되었습니다.
22-Aug-2022 19:21:08.721 INFO [main] org.apache.catalina.startup.HostConfig.deployDirectory 웹 애플리케이션 디렉토리 [C:\swedu\SW_developer_edu(back)\5th_week\jsp\apache-tomcat-9.0.65\webapps\ROOT]을(를) 배치합니다.
22-Aug-2022 19:21:08.869 INFO [main] java.util.ArrayList.forEach Name = OracleDB Ignoring unknown property: value of "Connection" for "description" property
22-Aug-2022 19:21:08.888 INFO [main] org.apache.jasper.servlet.TldScanner.scanJars 적어도 하나의 JAR가 TLD들을 찾기 위해 스캔되었으나 아무 것도 찾지 못했습니다. 스캔했으나 TLD가 없는 JAR들의 전체 목록을 보시려면, 로그 레벨을 디버그 레벨로 설정하십시오. 스캔 과정에서 불필요한 JAR들을 건너뛰면, 시스템 시작 시간과 JSP 컴파일 시간을 단축시킬 수 있습니다.
22-Aug-2022 19:21:08.899 INFO [main] org.apache.catalina.startup.HostConfig.deployDirectory 웹 애플리케이션 디렉토리 [C:\swedu\SW_developer_edu(back)\5th_week\jsp\apache-tomcat-9.0.65\webapps\ROOT]에 대한 배치가 [177] 밀리초에 완료되었습니다.
22-Aug-2022 19:21:08.901 INFO [main] org.apache.coyote.AbstractProtocol.start 프로토콜 핸들러 ["http-nio-8080"]을(를) 시작합니다.
22-Aug-2022 19:21:08.945 INFO [main] org.apache.catalina.startup.Catalina.start 서버가 [1216] 밀리초 내에 시작되었습니다.
22-Aug-2022 20:37:44.090 INFO [main] org.apache.catalina.core.StandardServer.await 셧다운 포트를 통해 유효한 셧다운 명령을 받았습니다. 서버 인스턴스를 중지시킵니다.
22-Aug-2022 20:37:44.092 INFO [main] org.apache.coyote.AbstractProtocol.pause 프로토콜 핸들러 ["http-nio-8080"]을(를) 일시 정지 중
22-Aug-2022 20:37:44.106 INFO [main] org.apache.catalina.core.StandardService.stopInternal 서비스 [Catalina]을(를) 중지시킵니다.
22-Aug-2022 20:37:44.111 WARNING [main] org.apache.catalina.loader.WebappClassLoaderBase.clearReferencesJdbc 웹 애플리케이션 [ROOT]이(가) JDBC 드라이버 [oracle.jdbc.OracleDriver]을(를) 등록했지만, 웹 애플리케이션이 중지될 때, 해당 JDBC 드라이버의 등록을 제거하지 못했습니다. 메모리 누수를 방지하기 위하여, 등록을 강제로 제거했습니다.
22-Aug-2022 20:37:44.111 WARNING [main] org.apache.catalina.loader.WebappClassLoaderBase.clearReferencesObjectStreamClassCaches Java 9 또는 이후 버전을 사용할 때에는, "--add-opens=java.base/java.io=ALL-UNNAMED" 을(를) JVM 명령행 아규먼트들에 추가해서, ObjectStream 캐시 메모리 릭 방지 옵션을 활성화할 필요가 있습니다. 또는 원하시는 경우, ObjectStream 클래스 캐시 메모리 릭 방지 옵션을 비활성화해서 이 경고 메시지를 없앨 수도 있습니다.
22-Aug-2022 20:37:44.112 WARNING [main] org.apache.catalina.loader.WebappClassLoaderBase.checkThreadLocalsForLeaks Java 9 환경에서 실행할 때에는, ThreadLocal 메모리 누수 탐지를 위하여, "--add-opens=java.base/java.lang=ALL-UNNAMED"를 JVM 명령 행 아규먼트들에 추가해야 합니다. 또는, ThreadLocal 메모리 누수 탐지를 사용불능 상태로 설정함으로써, 이 경고 메시지를 없앨 수도 있습니다.
22-Aug-2022 20:37:44.112 WARNING [main] org.apache.catalina.loader.WebappClassLoaderBase.clearReferencesRmiTargets Java 9에서 실행하면서 RMI Target 메모리 누수 탐지를 사용 가능하게 하려면, "--add-opens=java.rmi/sun.rmi.transport=ALL-UNNAMED"를 JVM 명령 행 아규먼트에 추가해야 합니다. 또는, RMI Target 메모리 누수 탐지를 사용불능 상태로 설정함으로써, 이 경고를 없앨 수도 있습니다.
22-Aug-2022 20:37:44.116 WARNING [main] org.apache.catalina.loader.WebappClassLoaderBase.clearReferencesObjectStreamClassCaches Java 9 또는 이후 버전을 사용할 때에는, "--add-opens=java.base/java.io=ALL-UNNAMED" 을(를) JVM 명령행 아규먼트들에 추가해서, ObjectStream 캐시 메모리 릭 방지 옵션을 활성화할 필요가 있습니다. 또는 원하시는 경우, ObjectStream 클래스 캐시 메모리 릭 방지 옵션을 비활성화해서 이 경고 메시지를 없앨 수도 있습니다.
22-Aug-2022 20:37:44.116 WARNING [main] org.apache.catalina.loader.WebappClassLoaderBase.checkThreadLocalsForLeaks Java 9 환경에서 실행할 때에는, ThreadLocal 메모리 누수 탐지를 위하여, "--add-opens=java.base/java.lang=ALL-UNNAMED"를 JVM 명령 행 아규먼트들에 추가해야 합니다. 또는, ThreadLocal 메모리 누수 탐지를 사용불능 상태로 설정함으로써, 이 경고 메시지를 없앨 수도 있습니다.
22-Aug-2022 20:37:44.116 WARNING [main] org.apache.catalina.loader.WebappClassLoaderBase.clearReferencesRmiTargets Java 9에서 실행하면서 RMI Target 메모리 누수 탐지를 사용 가능하게 하려면, "--add-opens=java.rmi/sun.rmi.transport=ALL-UNNAMED"를 JVM 명령 행 아규먼트에 추가해야 합니다. 또는, RMI Target 메모리 누수 탐지를 사용불능 상태로 설정함으로써, 이 경고를 없앨 수도 있습니다.
22-Aug-2022 20:37:44.118 WARNING [main] org.apache.catalina.loader.WebappClassLoaderBase.clearReferencesObjectStreamClassCaches Java 9 또는 이후 버전을 사용할 때에는, "--add-opens=java.base/java.io=ALL-UNNAMED" 을(를) JVM 명령행 아규먼트들에 추가해서, ObjectStream 캐시 메모리 릭 방지 옵션을 활성화할 필요가 있습니다. 또는 원하시는 경우, ObjectStream 클래스 캐시 메모리 릭 방지 옵션을 비활성화해서 이 경고 메시지를 없앨 수도 있습니다.
22-Aug-2022 20:37:44.118 WARNING [main] org.apache.catalina.loader.WebappClassLoaderBase.checkThreadLocalsForLeaks Java 9 환경에서 실행할 때에는, ThreadLocal 메모리 누수 탐지를 위하여, "--add-opens=java.base/java.lang=ALL-UNNAMED"를 JVM 명령 행 아규먼트들에 추가해야 합니다. 또는, ThreadLocal 메모리 누수 탐지를 사용불능 상태로 설정함으로써, 이 경고 메시지를 없앨 수도 있습니다.
22-Aug-2022 20:37:44.118 WARNING [main] org.apache.catalina.loader.WebappClassLoaderBase.clearReferencesRmiTargets Java 9에서 실행하면서 RMI Target 메모리 누수 탐지를 사용 가능하게 하려면, "--add-opens=java.rmi/sun.rmi.transport=ALL-UNNAMED"를 JVM 명령 행 아규먼트에 추가해야 합니다. 또는, RMI Target 메모리 누수 탐지를 사용불능 상태로 설정함으로써, 이 경고를 없앨 수도 있습니다.
22-Aug-2022 20:37:44.120 WARNING [main] org.apache.catalina.loader.WebappClassLoaderBase.clearReferencesObjectStreamClassCaches Java 9 또는 이후 버전을 사용할 때에는, "--add-opens=java.base/java.io=ALL-UNNAMED" 을(를) JVM 명령행 아규먼트들에 추가해서, ObjectStream 캐시 메모리 릭 방지 옵션을 활성화할 필요가 있습니다. 또는 원하시는 경우, ObjectStream 클래스 캐시 메모리 릭 방지 옵션을 비활성화해서 이 경고 메시지를 없앨 수도 있습니다.
22-Aug-2022 20:37:44.120 WARNING [main] org.apache.catalina.loader.WebappClassLoaderBase.checkThreadLocalsForLeaks Java 9 환경에서 실행할 때에는, ThreadLocal 메모리 누수 탐지를 위하여, "--add-opens=java.base/java.lang=ALL-UNNAMED"를 JVM 명령 행 아규먼트들에 추가해야 합니다. 또는, ThreadLocal 메모리 누수 탐지를 사용불능 상태로 설정함으로써, 이 경고 메시지를 없앨 수도 있습니다.
22-Aug-2022 20:37:44.121 WARNING [main] org.apache.catalina.loader.WebappClassLoaderBase.clearReferencesRmiTargets Java 9에서 실행하면서 RMI Target 메모리 누수 탐지를 사용 가능하게 하려면, "--add-opens=java.rmi/sun.rmi.transport=ALL-UNNAMED"를 JVM 명령 행 아규먼트에 추가해야 합니다. 또는, RMI Target 메모리 누수 탐지를 사용불능 상태로 설정함으로써, 이 경고를 없앨 수도 있습니다.
22-Aug-2022 20:37:44.122 WARNING [main] org.apache.catalina.loader.WebappClassLoaderBase.clearReferencesObjectStreamClassCaches Java 9 또는 이후 버전을 사용할 때에는, "--add-opens=java.base/java.io=ALL-UNNAMED" 을(를) JVM 명령행 아규먼트들에 추가해서, ObjectStream 캐시 메모리 릭 방지 옵션을 활성화할 필요가 있습니다. 또는 원하시는 경우, ObjectStream 클래스 캐시 메모리 릭 방지 옵션을 비활성화해서 이 경고 메시지를 없앨 수도 있습니다.
22-Aug-2022 20:37:44.123 WARNING [main] org.apache.catalina.loader.WebappClassLoaderBase.checkThreadLocalsForLeaks Java 9 환경에서 실행할 때에는, ThreadLocal 메모리 누수 탐지를 위하여, "--add-opens=java.base/java.lang=ALL-UNNAMED"를 JVM 명령 행 아규먼트들에 추가해야 합니다. 또는, ThreadLocal 메모리 누수 탐지를 사용불능 상태로 설정함으로써, 이 경고 메시지를 없앨 수도 있습니다.
22-Aug-2022 20:37:44.123 WARNING [main] org.apache.catalina.loader.WebappClassLoaderBase.clearReferencesRmiTargets Java 9에서 실행하면서 RMI Target 메모리 누수 탐지를 사용 가능하게 하려면, "--add-opens=java.rmi/sun.rmi.transport=ALL-UNNAMED"를 JVM 명령 행 아규먼트에 추가해야 합니다. 또는, RMI Target 메모리 누수 탐지를 사용불능 상태로 설정함으로써, 이 경고를 없앨 수도 있습니다.
22-Aug-2022 20:37:44.123 INFO [main] org.apache.coyote.AbstractProtocol.stop 프로토콜 핸들러 ["http-nio-8080"]을(를) 중지시킵니다.
22-Aug-2022 20:37:44.136 INFO [main] org.apache.coyote.AbstractProtocol.destroy 프로토콜 핸들러 ["http-nio-8080"]을(를) 소멸시킵니다.
22-Aug-2022 20:37:45.672 INFO [main] org.apache.catalina.startup.VersionLoggerListener.log 서버 버전 이름:    Apache Tomcat/9.0.65
22-Aug-2022 20:37:45.675 INFO [main] org.apache.catalina.startup.VersionLoggerListener.log Server 빌드 시각:  Jul 14 2022 12:28:53 UTC
22-Aug-2022 20:37:45.675 INFO [main] org.apache.catalina.startup.VersionLoggerListener.log Server 버전 번호:  9.0.65.0
22-Aug-2022 20:37:45.675 INFO [main] org.apache.catalina.startup.VersionLoggerListener.log 운영체제 이름:     Windows 11
22-Aug-2022 20:37:45.675 INFO [main] org.apache.catalina.startup.VersionLoggerListener.log 운영체제 버전:     10.0
22-Aug-2022 20:37:45.675 INFO [main] org.apache.catalina.startup.VersionLoggerListener.log 아키텍처:          amd64
22-Aug-2022 20:37:45.675 INFO [main] org.apache.catalina.startup.VersionLoggerListener.log 자바 홈:           C:\Program Files\Java\jdk-17.0.4
22-Aug-2022 20:37:45.675 INFO [main] org.apache.catalina.startup.VersionLoggerListener.log JVM 버전:          17.0.4+11-LTS-179
22-Aug-2022 20:37:45.676 INFO [main] org.apache.catalina.startup.VersionLoggerListener.log JVM 벤더:          Oracle Corporation
22-Aug-2022 20:37:45.676 INFO [main] org.apache.catalina.startup.VersionLoggerListener.log CATALINA_BASE:     C:\swedu\SW_developer_edu(back)\5th_week\jsp\apache-tomcat-9.0.65
22-Aug-2022 20:37:45.676 INFO [main] org.apache.catalina.startup.VersionLoggerListener.log CATALINA_HOME:     C:\swedu\SW_developer_edu(back)\5th_week\jsp\apache-tomcat-9.0.65
22-Aug-2022 20:37:45.683 INFO [main] org.apache.catalina.startup.VersionLoggerListener.log 명령 행 아규먼트:  -Djava.util.logging.config.file=c:\swedu\SW_developer_edu(back)\5th_week\jsp\apache-tomcat-9.0.65/conf/logging.properties
22-Aug-2022 20:37:45.683 INFO [main] org.apache.catalina.startup.VersionLoggerListener.log 명령 행 아규먼트:  -Djava.util.logging.manager=org.apache.juli.ClassLoaderLogManager
22-Aug-2022 20:37:45.683 INFO [main] org.apache.catalina.startup.VersionLoggerListener.log 명령 행 아규먼트:  -Djdk.tls.ephemeralDHKeySize=2048
22-Aug-2022 20:37:45.683 INFO [main] org.apache.catalina.startup.VersionLoggerListener.log 명령 행 아규먼트:  -Djava.protocol.handler.pkgs=org.apache.catalina.webresources
22-Aug-2022 20:37:45.684 INFO [main] org.apache.catalina.startup.VersionLoggerListener.log 명령 행 아규먼트:  -Dorg.apache.catalina.security.SecurityListener.UMASK=0027
22-Aug-2022 20:37:45.684 INFO [main] org.apache.catalina.startup.VersionLoggerListener.log 명령 행 아규먼트:  -Dcatalina.base=c:\swedu\SW_developer_edu(back)\5th_week\jsp\apache-tomcat-9.0.65
22-Aug-2022 20:37:45.684 INFO [main] org.apache.catalina.startup.VersionLoggerListener.log 명령 행 아규먼트:  -Dcatalina.home=c:\swedu\SW_developer_edu(back)\5th_week\jsp\apache-tomcat-9.0.65
22-Aug-2022 20:37:45.684 INFO [main] org.apache.catalina.startup.VersionLoggerListener.log 명령 행 아규먼트:  -Djava.io.tmpdir=c:\swedu\SW_developer_edu(back)\5th_week\jsp\apache-tomcat-9.0.65/temp
22-Aug-2022 20:37:45.688 INFO [main] org.apache.catalina.core.AprLifecycleListener.lifecycleEvent APR 버전 [1.7.0]을(를) 사용한, APR 기반 Apache Tomcat Native 라이브러리 [1.2.35]을(를) 로드했습니다.
22-Aug-2022 20:37:45.688 INFO [main] org.apache.catalina.core.AprLifecycleListener.lifecycleEvent APR 용량정보들: IPv6 [true], sendfile [true], accept filters [false], random [true], UDS [true].
22-Aug-2022 20:37:45.688 INFO [main] org.apache.catalina.core.AprLifecycleListener.lifecycleEvent APR/OpenSSL 설정: useAprConnector [false], useOpenSSL [true]
22-Aug-2022 20:37:45.691 INFO [main] org.apache.catalina.core.AprLifecycleListener.initializeSSL OpenSSL이 성공적으로 초기화되었습니다: [OpenSSL 1.1.1q  5 Jul 2022]
22-Aug-2022 20:37:45.903 INFO [main] org.apache.coyote.AbstractProtocol.init 프로토콜 핸들러 ["http-nio-8080"]을(를) 초기화합니다.
22-Aug-2022 20:37:45.920 INFO [main] org.apache.catalina.startup.Catalina.load [368] 밀리초 내에 서버가 초기화되었습니다.
22-Aug-2022 20:37:45.950 INFO [main] org.apache.catalina.core.StandardService.startInternal 서비스 [Catalina]을(를) 시작합니다.
22-Aug-2022 20:37:45.950 INFO [main] org.apache.catalina.core.StandardEngine.startInternal 서버 엔진을 시작합니다: [Apache Tomcat/9.0.65]
22-Aug-2022 20:37:45.959 INFO [main] org.apache.catalina.startup.HostConfig.deployDirectory 웹 애플리케이션 디렉토리 [C:\swedu\SW_developer_edu(back)\5th_week\jsp\apache-tomcat-9.0.65\webapps\docs]을(를) 배치합니다.
22-Aug-2022 20:37:46.303 INFO [main] org.apache.jasper.servlet.TldScanner.scanJars 적어도 하나의 JAR가 TLD들을 찾기 위해 스캔되었으나 아무 것도 찾지 못했습니다. 스캔했으나 TLD가 없는 JAR들의 전체 목록을 보시려면, 로그 레벨을 디버그 레벨로 설정하십시오. 스캔 과정에서 불필요한 JAR들을 건너뛰면, 시스템 시작 시간과 JSP 컴파일 시간을 단축시킬 수 있습니다.
22-Aug-2022 20:37:46.372 INFO [main] org.apache.catalina.startup.HostConfig.deployDirectory 웹 애플리케이션 디렉토리 [C:\swedu\SW_developer_edu(back)\5th_week\jsp\apache-tomcat-9.0.65\webapps\docs]에 대한 배치가 [412] 밀리초에 완료되었습니다.
22-Aug-2022 20:37:46.372 INFO [main] org.apache.catalina.startup.HostConfig.deployDirectory 웹 애플리케이션 디렉토리 [C:\swedu\SW_developer_edu(back)\5th_week\jsp\apache-tomcat-9.0.65\webapps\examples]을(를) 배치합니다.
22-Aug-2022 20:37:46.747 INFO [main] org.apache.jasper.servlet.TldScanner.scanJars 적어도 하나의 JAR가 TLD들을 찾기 위해 스캔되었으나 아무 것도 찾지 못했습니다. 스캔했으나 TLD가 없는 JAR들의 전체 목록을 보시려면, 로그 레벨을 디버그 레벨로 설정하십시오. 스캔 과정에서 불필요한 JAR들을 건너뛰면, 시스템 시작 시간과 JSP 컴파일 시간을 단축시킬 수 있습니다.
22-Aug-2022 20:37:46.788 INFO [main] org.apache.catalina.startup.HostConfig.deployDirectory 웹 애플리케이션 디렉토리 [C:\swedu\SW_developer_edu(back)\5th_week\jsp\apache-tomcat-9.0.65\webapps\examples]에 대한 배치가 [416] 밀리초에 완료되었습니다.
22-Aug-2022 20:37:46.788 INFO [main] org.apache.catalina.startup.HostConfig.deployDirectory 웹 애플리케이션 디렉토리 [C:\swedu\SW_developer_edu(back)\5th_week\jsp\apache-tomcat-9.0.65\webapps\host-manager]을(를) 배치합니다.
22-Aug-2022 20:37:46.931 INFO [main] org.apache.jasper.servlet.TldScanner.scanJars 적어도 하나의 JAR가 TLD들을 찾기 위해 스캔되었으나 아무 것도 찾지 못했습니다. 스캔했으나 TLD가 없는 JAR들의 전체 목록을 보시려면, 로그 레벨을 디버그 레벨로 설정하십시오. 스캔 과정에서 불필요한 JAR들을 건너뛰면, 시스템 시작 시간과 JSP 컴파일 시간을 단축시킬 수 있습니다.
22-Aug-2022 20:37:46.937 INFO [main] org.apache.catalina.startup.HostConfig.deployDirectory 웹 애플리케이션 디렉토리 [C:\swedu\SW_developer_edu(back)\5th_week\jsp\apache-tomcat-9.0.65\webapps\host-manager]에 대한 배치가 [149] 밀리초에 완료되었습니다.
22-Aug-2022 20:37:46.937 INFO [main] org.apache.catalina.startup.HostConfig.deployDirectory 웹 애플리케이션 디렉토리 [C:\swedu\SW_developer_edu(back)\5th_week\jsp\apache-tomcat-9.0.65\webapps\manager]을(를) 배치합니다.
22-Aug-2022 20:37:47.070 INFO [main] org.apache.jasper.servlet.TldScanner.scanJars 적어도 하나의 JAR가 TLD들을 찾기 위해 스캔되었으나 아무 것도 찾지 못했습니다. 스캔했으나 TLD가 없는 JAR들의 전체 목록을 보시려면, 로그 레벨을 디버그 레벨로 설정하십시오. 스캔 과정에서 불필요한 JAR들을 건너뛰면, 시스템 시작 시간과 JSP 컴파일 시간을 단축시킬 수 있습니다.
22-Aug-2022 20:37:47.072 INFO [main] org.apache.catalina.startup.HostConfig.deployDirectory 웹 애플리케이션 디렉토리 [C:\swedu\SW_developer_edu(back)\5th_week\jsp\apache-tomcat-9.0.65\webapps\manager]에 대한 배치가 [135] 밀리초에 완료되었습니다.
22-Aug-2022 20:37:47.072 INFO [main] org.apache.catalina.startup.HostConfig.deployDirectory 웹 애플리케이션 디렉토리 [C:\swedu\SW_developer_edu(back)\5th_week\jsp\apache-tomcat-9.0.65\webapps\ROOT]을(를) 배치합니다.
22-Aug-2022 20:37:47.228 INFO [main] java.util.ArrayList.forEach Name = OracleDB Ignoring unknown property: value of "Connection" for "description" property
22-Aug-2022 20:37:47.248 INFO [main] org.apache.jasper.servlet.TldScanner.scanJars 적어도 하나의 JAR가 TLD들을 찾기 위해 스캔되었으나 아무 것도 찾지 못했습니다. 스캔했으나 TLD가 없는 JAR들의 전체 목록을 보시려면, 로그 레벨을 디버그 레벨로 설정하십시오. 스캔 과정에서 불필요한 JAR들을 건너뛰면, 시스템 시작 시간과 JSP 컴파일 시간을 단축시킬 수 있습니다.
22-Aug-2022 20:37:47.257 INFO [main] org.apache.catalina.startup.HostConfig.deployDirectory 웹 애플리케이션 디렉토리 [C:\swedu\SW_developer_edu(back)\5th_week\jsp\apache-tomcat-9.0.65\webapps\ROOT]에 대한 배치가 [184] 밀리초에 완료되었습니다.
22-Aug-2022 20:37:47.258 INFO [main] org.apache.coyote.AbstractProtocol.start 프로토콜 핸들러 ["http-nio-8080"]을(를) 시작합니다.
22-Aug-2022 20:37:47.302 INFO [main] org.apache.catalina.startup.Catalina.start 서버가 [1381] 밀리초 내에 시작되었습니다.
22-Aug-2022 22:52:43.669 INFO [main] org.apache.catalina.core.StandardServer.await 셧다운 포트를 통해 유효한 셧다운 명령을 받았습니다. 서버 인스턴스를 중지시킵니다.
22-Aug-2022 22:52:43.671 INFO [main] org.apache.coyote.AbstractProtocol.pause 프로토콜 핸들러 ["http-nio-8080"]을(를) 일시 정지 중
22-Aug-2022 22:52:43.678 INFO [main] org.apache.catalina.core.StandardService.stopInternal 서비스 [Catalina]을(를) 중지시킵니다.
22-Aug-2022 22:52:43.685 WARNING [main] org.apache.catalina.loader.WebappClassLoaderBase.clearReferencesJdbc 웹 애플리케이션 [ROOT]이(가) JDBC 드라이버 [oracle.jdbc.OracleDriver]을(를) 등록했지만, 웹 애플리케이션이 중지될 때, 해당 JDBC 드라이버의 등록을 제거하지 못했습니다. 메모리 누수를 방지하기 위하여, 등록을 강제로 제거했습니다.
22-Aug-2022 22:52:43.686 WARNING [main] org.apache.catalina.loader.WebappClassLoaderBase.clearReferencesObjectStreamClassCaches Java 9 또는 이후 버전을 사용할 때에는, "--add-opens=java.base/java.io=ALL-UNNAMED" 을(를) JVM 명령행 아규먼트들에 추가해서, ObjectStream 캐시 메모리 릭 방지 옵션을 활성화할 필요가 있습니다. 또는 원하시는 경우, ObjectStream 클래스 캐시 메모리 릭 방지 옵션을 비활성화해서 이 경고 메시지를 없앨 수도 있습니다.
22-Aug-2022 22:52:43.686 WARNING [main] org.apache.catalina.loader.WebappClassLoaderBase.checkThreadLocalsForLeaks Java 9 환경에서 실행할 때에는, ThreadLocal 메모리 누수 탐지를 위하여, "--add-opens=java.base/java.lang=ALL-UNNAMED"를 JVM 명령 행 아규먼트들에 추가해야 합니다. 또는, ThreadLocal 메모리 누수 탐지를 사용불능 상태로 설정함으로써, 이 경고 메시지를 없앨 수도 있습니다.
22-Aug-2022 22:52:43.687 WARNING [main] org.apache.catalina.loader.WebappClassLoaderBase.clearReferencesRmiTargets Java 9에서 실행하면서 RMI Target 메모리 누수 탐지를 사용 가능하게 하려면, "--add-opens=java.rmi/sun.rmi.transport=ALL-UNNAMED"를 JVM 명령 행 아규먼트에 추가해야 합니다. 또는, RMI Target 메모리 누수 탐지를 사용불능 상태로 설정함으로써, 이 경고를 없앨 수도 있습니다.
22-Aug-2022 22:52:43.691 WARNING [main] org.apache.catalina.loader.WebappClassLoaderBase.clearReferencesObjectStreamClassCaches Java 9 또는 이후 버전을 사용할 때에는, "--add-opens=java.base/java.io=ALL-UNNAMED" 을(를) JVM 명령행 아규먼트들에 추가해서, ObjectStream 캐시 메모리 릭 방지 옵션을 활성화할 필요가 있습니다. 또는 원하시는 경우, ObjectStream 클래스 캐시 메모리 릭 방지 옵션을 비활성화해서 이 경고 메시지를 없앨 수도 있습니다.
22-Aug-2022 22:52:43.692 WARNING [main] org.apache.catalina.loader.WebappClassLoaderBase.checkThreadLocalsForLeaks Java 9 환경에서 실행할 때에는, ThreadLocal 메모리 누수 탐지를 위하여, "--add-opens=java.base/java.lang=ALL-UNNAMED"를 JVM 명령 행 아규먼트들에 추가해야 합니다. 또는, ThreadLocal 메모리 누수 탐지를 사용불능 상태로 설정함으로써, 이 경고 메시지를 없앨 수도 있습니다.
22-Aug-2022 22:52:43.692 WARNING [main] org.apache.catalina.loader.WebappClassLoaderBase.clearReferencesRmiTargets Java 9에서 실행하면서 RMI Target 메모리 누수 탐지를 사용 가능하게 하려면, "--add-opens=java.rmi/sun.rmi.transport=ALL-UNNAMED"를 JVM 명령 행 아규먼트에 추가해야 합니다. 또는, RMI Target 메모리 누수 탐지를 사용불능 상태로 설정함으로써, 이 경고를 없앨 수도 있습니다.
22-Aug-2022 22:52:43.693 WARNING [main] org.apache.catalina.loader.WebappClassLoaderBase.clearReferencesObjectStreamClassCaches Java 9 또는 이후 버전을 사용할 때에는, "--add-opens=java.base/java.io=ALL-UNNAMED" 을(를) JVM 명령행 아규먼트들에 추가해서, ObjectStream 캐시 메모리 릭 방지 옵션을 활성화할 필요가 있습니다. 또는 원하시는 경우, ObjectStream 클래스 캐시 메모리 릭 방지 옵션을 비활성화해서 이 경고 메시지를 없앨 수도 있습니다.
22-Aug-2022 22:52:43.693 WARNING [main] org.apache.catalina.loader.WebappClassLoaderBase.checkThreadLocalsForLeaks Java 9 환경에서 실행할 때에는, ThreadLocal 메모리 누수 탐지를 위하여, "--add-opens=java.base/java.lang=ALL-UNNAMED"를 JVM 명령 행 아규먼트들에 추가해야 합니다. 또는, ThreadLocal 메모리 누수 탐지를 사용불능 상태로 설정함으로써, 이 경고 메시지를 없앨 수도 있습니다.
22-Aug-2022 22:52:43.693 WARNING [main] org.apache.catalina.loader.WebappClassLoaderBase.clearReferencesRmiTargets Java 9에서 실행하면서 RMI Target 메모리 누수 탐지를 사용 가능하게 하려면, "--add-opens=java.rmi/sun.rmi.transport=ALL-UNNAMED"를 JVM 명령 행 아규먼트에 추가해야 합니다. 또는, RMI Target 메모리 누수 탐지를 사용불능 상태로 설정함으로써, 이 경고를 없앨 수도 있습니다.
22-Aug-2022 22:52:43.696 WARNING [main] org.apache.catalina.loader.WebappClassLoaderBase.clearReferencesObjectStreamClassCaches Java 9 또는 이후 버전을 사용할 때에는, "--add-opens=java.base/java.io=ALL-UNNAMED" 을(를) JVM 명령행 아규먼트들에 추가해서, ObjectStream 캐시 메모리 릭 방지 옵션을 활성화할 필요가 있습니다. 또는 원하시는 경우, ObjectStream 클래스 캐시 메모리 릭 방지 옵션을 비활성화해서 이 경고 메시지를 없앨 수도 있습니다.
22-Aug-2022 22:52:43.696 WARNING [main] org.apache.catalina.loader.WebappClassLoaderBase.checkThreadLocalsForLeaks Java 9 환경에서 실행할 때에는, ThreadLocal 메모리 누수 탐지를 위하여, "--add-opens=java.base/java.lang=ALL-UNNAMED"를 JVM 명령 행 아규먼트들에 추가해야 합니다. 또는, ThreadLocal 메모리 누수 탐지를 사용불능 상태로 설정함으로써, 이 경고 메시지를 없앨 수도 있습니다.
22-Aug-2022 22:52:43.696 WARNING [main] org.apache.catalina.loader.WebappClassLoaderBase.clearReferencesRmiTargets Java 9에서 실행하면서 RMI Target 메모리 누수 탐지를 사용 가능하게 하려면, "--add-opens=java.rmi/sun.rmi.transport=ALL-UNNAMED"를 JVM 명령 행 아규먼트에 추가해야 합니다. 또는, RMI Target 메모리 누수 탐지를 사용불능 상태로 설정함으로써, 이 경고를 없앨 수도 있습니다.
22-Aug-2022 22:52:43.698 WARNING [main] org.apache.catalina.loader.WebappClassLoaderBase.clearReferencesObjectStreamClassCaches Java 9 또는 이후 버전을 사용할 때에는, "--add-opens=java.base/java.io=ALL-UNNAMED" 을(를) JVM 명령행 아규먼트들에 추가해서, ObjectStream 캐시 메모리 릭 방지 옵션을 활성화할 필요가 있습니다. 또는 원하시는 경우, ObjectStream 클래스 캐시 메모리 릭 방지 옵션을 비활성화해서 이 경고 메시지를 없앨 수도 있습니다.
22-Aug-2022 22:52:43.698 WARNING [main] org.apache.catalina.loader.WebappClassLoaderBase.checkThreadLocalsForLeaks Java 9 환경에서 실행할 때에는, ThreadLocal 메모리 누수 탐지를 위하여, "--add-opens=java.base/java.lang=ALL-UNNAMED"를 JVM 명령 행 아규먼트들에 추가해야 합니다. 또는, ThreadLocal 메모리 누수 탐지를 사용불능 상태로 설정함으로써, 이 경고 메시지를 없앨 수도 있습니다.
22-Aug-2022 22:52:43.698 WARNING [main] org.apache.catalina.loader.WebappClassLoaderBase.clearReferencesRmiTargets Java 9에서 실행하면서 RMI Target 메모리 누수 탐지를 사용 가능하게 하려면, "--add-opens=java.rmi/sun.rmi.transport=ALL-UNNAMED"를 JVM 명령 행 아규먼트에 추가해야 합니다. 또는, RMI Target 메모리 누수 탐지를 사용불능 상태로 설정함으로써, 이 경고를 없앨 수도 있습니다.
22-Aug-2022 22:52:43.698 INFO [main] org.apache.coyote.AbstractProtocol.stop 프로토콜 핸들러 ["http-nio-8080"]을(를) 중지시킵니다.
22-Aug-2022 22:52:43.711 INFO [main] org.apache.coyote.AbstractProtocol.destroy 프로토콜 핸들러 ["http-nio-8080"]을(를) 소멸시킵니다.
