21-Aug-2022 02:11:05.707 INFO [main] org.apache.catalina.core.StandardServer.await 셧다운 포트를 통해 유효한 셧다운 명령을 받았습니다. 서버 인스턴스를 중지시킵니다.
21-Aug-2022 02:11:05.713 INFO [main] org.apache.coyote.AbstractProtocol.pause 프로토콜 핸들러 ["http-nio-8080"]을(를) 일시 정지 중
21-Aug-2022 02:11:05.724 INFO [main] org.apache.catalina.core.StandardService.stopInternal 서비스 [Catalina]을(를) 중지시킵니다.
21-Aug-2022 02:11:05.760 WARNING [main] org.apache.catalina.loader.WebappClassLoaderBase.clearReferencesJdbc 웹 애플리케이션 [ROOT]이(가) JDBC 드라이버 [oracle.jdbc.OracleDriver]을(를) 등록했지만, 웹 애플리케이션이 중지될 때, 해당 JDBC 드라이버의 등록을 제거하지 못했습니다. 메모리 누수를 방지하기 위하여, 등록을 강제로 제거했습니다.
21-Aug-2022 02:11:05.762 WARNING [main] org.apache.catalina.loader.WebappClassLoaderBase.clearReferencesObjectStreamClassCaches Java 9 또는 이후 버전을 사용할 때에는, "--add-opens=java.base/java.io=ALL-UNNAMED" 을(를) JVM 명령행 아규먼트들에 추가해서, ObjectStream 캐시 메모리 릭 방지 옵션을 활성화할 필요가 있습니다. 또는 원하시는 경우, ObjectStream 클래스 캐시 메모리 릭 방지 옵션을 비활성화해서 이 경고 메시지를 없앨 수도 있습니다.
21-Aug-2022 02:11:05.762 WARNING [main] org.apache.catalina.loader.WebappClassLoaderBase.checkThreadLocalsForLeaks Java 9 환경에서 실행할 때에는, ThreadLocal 메모리 누수 탐지를 위하여, "--add-opens=java.base/java.lang=ALL-UNNAMED"를 JVM 명령 행 아규먼트들에 추가해야 합니다. 또는, ThreadLocal 메모리 누수 탐지를 사용불능 상태로 설정함으로써, 이 경고 메시지를 없앨 수도 있습니다.
21-Aug-2022 02:11:05.764 WARNING [main] org.apache.catalina.loader.WebappClassLoaderBase.clearReferencesRmiTargets Java 9에서 실행하면서 RMI Target 메모리 누수 탐지를 사용 가능하게 하려면, "--add-opens=java.rmi/sun.rmi.transport=ALL-UNNAMED"를 JVM 명령 행 아규먼트에 추가해야 합니다. 또는, RMI Target 메모리 누수 탐지를 사용불능 상태로 설정함으로써, 이 경고를 없앨 수도 있습니다.
21-Aug-2022 02:11:05.776 WARNING [main] org.apache.catalina.loader.WebappClassLoaderBase.clearReferencesObjectStreamClassCaches Java 9 또는 이후 버전을 사용할 때에는, "--add-opens=java.base/java.io=ALL-UNNAMED" 을(를) JVM 명령행 아규먼트들에 추가해서, ObjectStream 캐시 메모리 릭 방지 옵션을 활성화할 필요가 있습니다. 또는 원하시는 경우, ObjectStream 클래스 캐시 메모리 릭 방지 옵션을 비활성화해서 이 경고 메시지를 없앨 수도 있습니다.
21-Aug-2022 02:11:05.776 WARNING [main] org.apache.catalina.loader.WebappClassLoaderBase.checkThreadLocalsForLeaks Java 9 환경에서 실행할 때에는, ThreadLocal 메모리 누수 탐지를 위하여, "--add-opens=java.base/java.lang=ALL-UNNAMED"를 JVM 명령 행 아규먼트들에 추가해야 합니다. 또는, ThreadLocal 메모리 누수 탐지를 사용불능 상태로 설정함으로써, 이 경고 메시지를 없앨 수도 있습니다.
21-Aug-2022 02:11:05.777 WARNING [main] org.apache.catalina.loader.WebappClassLoaderBase.clearReferencesRmiTargets Java 9에서 실행하면서 RMI Target 메모리 누수 탐지를 사용 가능하게 하려면, "--add-opens=java.rmi/sun.rmi.transport=ALL-UNNAMED"를 JVM 명령 행 아규먼트에 추가해야 합니다. 또는, RMI Target 메모리 누수 탐지를 사용불능 상태로 설정함으로써, 이 경고를 없앨 수도 있습니다.
21-Aug-2022 02:11:05.780 WARNING [main] org.apache.catalina.loader.WebappClassLoaderBase.clearReferencesObjectStreamClassCaches Java 9 또는 이후 버전을 사용할 때에는, "--add-opens=java.base/java.io=ALL-UNNAMED" 을(를) JVM 명령행 아규먼트들에 추가해서, ObjectStream 캐시 메모리 릭 방지 옵션을 활성화할 필요가 있습니다. 또는 원하시는 경우, ObjectStream 클래스 캐시 메모리 릭 방지 옵션을 비활성화해서 이 경고 메시지를 없앨 수도 있습니다.
21-Aug-2022 02:11:05.780 WARNING [main] org.apache.catalina.loader.WebappClassLoaderBase.checkThreadLocalsForLeaks Java 9 환경에서 실행할 때에는, ThreadLocal 메모리 누수 탐지를 위하여, "--add-opens=java.base/java.lang=ALL-UNNAMED"를 JVM 명령 행 아규먼트들에 추가해야 합니다. 또는, ThreadLocal 메모리 누수 탐지를 사용불능 상태로 설정함으로써, 이 경고 메시지를 없앨 수도 있습니다.
21-Aug-2022 02:11:05.781 WARNING [main] org.apache.catalina.loader.WebappClassLoaderBase.clearReferencesRmiTargets Java 9에서 실행하면서 RMI Target 메모리 누수 탐지를 사용 가능하게 하려면, "--add-opens=java.rmi/sun.rmi.transport=ALL-UNNAMED"를 JVM 명령 행 아규먼트에 추가해야 합니다. 또는, RMI Target 메모리 누수 탐지를 사용불능 상태로 설정함으로써, 이 경고를 없앨 수도 있습니다.
21-Aug-2022 02:11:05.782 WARNING [main] org.apache.catalina.loader.WebappClassLoaderBase.clearReferencesObjectStreamClassCaches Java 9 또는 이후 버전을 사용할 때에는, "--add-opens=java.base/java.io=ALL-UNNAMED" 을(를) JVM 명령행 아규먼트들에 추가해서, ObjectStream 캐시 메모리 릭 방지 옵션을 활성화할 필요가 있습니다. 또는 원하시는 경우, ObjectStream 클래스 캐시 메모리 릭 방지 옵션을 비활성화해서 이 경고 메시지를 없앨 수도 있습니다.
21-Aug-2022 02:11:05.782 WARNING [main] org.apache.catalina.loader.WebappClassLoaderBase.checkThreadLocalsForLeaks Java 9 환경에서 실행할 때에는, ThreadLocal 메모리 누수 탐지를 위하여, "--add-opens=java.base/java.lang=ALL-UNNAMED"를 JVM 명령 행 아규먼트들에 추가해야 합니다. 또는, ThreadLocal 메모리 누수 탐지를 사용불능 상태로 설정함으로써, 이 경고 메시지를 없앨 수도 있습니다.
21-Aug-2022 02:11:05.783 WARNING [main] org.apache.catalina.loader.WebappClassLoaderBase.clearReferencesRmiTargets Java 9에서 실행하면서 RMI Target 메모리 누수 탐지를 사용 가능하게 하려면, "--add-opens=java.rmi/sun.rmi.transport=ALL-UNNAMED"를 JVM 명령 행 아규먼트에 추가해야 합니다. 또는, RMI Target 메모리 누수 탐지를 사용불능 상태로 설정함으로써, 이 경고를 없앨 수도 있습니다.
21-Aug-2022 02:11:05.786 WARNING [main] org.apache.catalina.loader.WebappClassLoaderBase.clearReferencesObjectStreamClassCaches Java 9 또는 이후 버전을 사용할 때에는, "--add-opens=java.base/java.io=ALL-UNNAMED" 을(를) JVM 명령행 아규먼트들에 추가해서, ObjectStream 캐시 메모리 릭 방지 옵션을 활성화할 필요가 있습니다. 또는 원하시는 경우, ObjectStream 클래스 캐시 메모리 릭 방지 옵션을 비활성화해서 이 경고 메시지를 없앨 수도 있습니다.
21-Aug-2022 02:11:05.786 WARNING [main] org.apache.catalina.loader.WebappClassLoaderBase.checkThreadLocalsForLeaks Java 9 환경에서 실행할 때에는, ThreadLocal 메모리 누수 탐지를 위하여, "--add-opens=java.base/java.lang=ALL-UNNAMED"를 JVM 명령 행 아규먼트들에 추가해야 합니다. 또는, ThreadLocal 메모리 누수 탐지를 사용불능 상태로 설정함으로써, 이 경고 메시지를 없앨 수도 있습니다.
21-Aug-2022 02:11:05.786 WARNING [main] org.apache.catalina.loader.WebappClassLoaderBase.clearReferencesRmiTargets Java 9에서 실행하면서 RMI Target 메모리 누수 탐지를 사용 가능하게 하려면, "--add-opens=java.rmi/sun.rmi.transport=ALL-UNNAMED"를 JVM 명령 행 아규먼트에 추가해야 합니다. 또는, RMI Target 메모리 누수 탐지를 사용불능 상태로 설정함으로써, 이 경고를 없앨 수도 있습니다.
21-Aug-2022 02:11:05.787 INFO [main] org.apache.coyote.AbstractProtocol.stop 프로토콜 핸들러 ["http-nio-8080"]을(를) 중지시킵니다.
21-Aug-2022 02:11:05.802 INFO [main] org.apache.coyote.AbstractProtocol.destroy 프로토콜 핸들러 ["http-nio-8080"]을(를) 소멸시킵니다.
21-Aug-2022 02:11:07.890 INFO [main] org.apache.catalina.startup.VersionLoggerListener.log 서버 버전 이름:    Apache Tomcat/9.0.65
21-Aug-2022 02:11:07.892 INFO [main] org.apache.catalina.startup.VersionLoggerListener.log Server 빌드 시각:  Jul 14 2022 12:28:53 UTC
21-Aug-2022 02:11:07.892 INFO [main] org.apache.catalina.startup.VersionLoggerListener.log Server 버전 번호:  9.0.65.0
21-Aug-2022 02:11:07.893 INFO [main] org.apache.catalina.startup.VersionLoggerListener.log 운영체제 이름:     Windows 11
21-Aug-2022 02:11:07.893 INFO [main] org.apache.catalina.startup.VersionLoggerListener.log 운영체제 버전:     10.0
21-Aug-2022 02:11:07.893 INFO [main] org.apache.catalina.startup.VersionLoggerListener.log 아키텍처:          amd64
21-Aug-2022 02:11:07.893 INFO [main] org.apache.catalina.startup.VersionLoggerListener.log 자바 홈:           C:\Program Files\Java\jdk-17.0.4
21-Aug-2022 02:11:07.893 INFO [main] org.apache.catalina.startup.VersionLoggerListener.log JVM 버전:          17.0.4+11-LTS-179
21-Aug-2022 02:11:07.893 INFO [main] org.apache.catalina.startup.VersionLoggerListener.log JVM 벤더:          Oracle Corporation
21-Aug-2022 02:11:07.893 INFO [main] org.apache.catalina.startup.VersionLoggerListener.log CATALINA_BASE:     C:\swedu\SW_developer_edu(back)\5th_week\jsp\apache-tomcat-9.0.65
21-Aug-2022 02:11:07.893 INFO [main] org.apache.catalina.startup.VersionLoggerListener.log CATALINA_HOME:     C:\swedu\SW_developer_edu(back)\5th_week\jsp\apache-tomcat-9.0.65
21-Aug-2022 02:11:07.906 INFO [main] org.apache.catalina.startup.VersionLoggerListener.log 명령 행 아규먼트:  -Djava.util.logging.config.file=c:\swedu\SW_developer_edu(back)\5th_week\jsp\apache-tomcat-9.0.65/conf/logging.properties
21-Aug-2022 02:11:07.907 INFO [main] org.apache.catalina.startup.VersionLoggerListener.log 명령 행 아규먼트:  -Djava.util.logging.manager=org.apache.juli.ClassLoaderLogManager
21-Aug-2022 02:11:07.907 INFO [main] org.apache.catalina.startup.VersionLoggerListener.log 명령 행 아규먼트:  -Djdk.tls.ephemeralDHKeySize=2048
21-Aug-2022 02:11:07.907 INFO [main] org.apache.catalina.startup.VersionLoggerListener.log 명령 행 아규먼트:  -Djava.protocol.handler.pkgs=org.apache.catalina.webresources
21-Aug-2022 02:11:07.907 INFO [main] org.apache.catalina.startup.VersionLoggerListener.log 명령 행 아규먼트:  -Dorg.apache.catalina.security.SecurityListener.UMASK=0027
21-Aug-2022 02:11:07.907 INFO [main] org.apache.catalina.startup.VersionLoggerListener.log 명령 행 아규먼트:  -Dcatalina.base=c:\swedu\SW_developer_edu(back)\5th_week\jsp\apache-tomcat-9.0.65
21-Aug-2022 02:11:07.907 INFO [main] org.apache.catalina.startup.VersionLoggerListener.log 명령 행 아규먼트:  -Dcatalina.home=c:\swedu\SW_developer_edu(back)\5th_week\jsp\apache-tomcat-9.0.65
21-Aug-2022 02:11:07.907 INFO [main] org.apache.catalina.startup.VersionLoggerListener.log 명령 행 아규먼트:  -Djava.io.tmpdir=c:\swedu\SW_developer_edu(back)\5th_week\jsp\apache-tomcat-9.0.65/temp
21-Aug-2022 02:11:07.912 INFO [main] org.apache.catalina.core.AprLifecycleListener.lifecycleEvent APR 버전 [1.7.0]을(를) 사용한, APR 기반 Apache Tomcat Native 라이브러리 [1.2.35]을(를) 로드했습니다.
21-Aug-2022 02:11:07.912 INFO [main] org.apache.catalina.core.AprLifecycleListener.lifecycleEvent APR 용량정보들: IPv6 [true], sendfile [true], accept filters [false], random [true], UDS [true].
21-Aug-2022 02:11:07.912 INFO [main] org.apache.catalina.core.AprLifecycleListener.lifecycleEvent APR/OpenSSL 설정: useAprConnector [false], useOpenSSL [true]
21-Aug-2022 02:11:07.917 INFO [main] org.apache.catalina.core.AprLifecycleListener.initializeSSL OpenSSL이 성공적으로 초기화되었습니다: [OpenSSL 1.1.1q  5 Jul 2022]
21-Aug-2022 02:11:08.141 INFO [main] org.apache.coyote.AbstractProtocol.init 프로토콜 핸들러 ["http-nio-8080"]을(를) 초기화합니다.
21-Aug-2022 02:11:08.162 INFO [main] org.apache.catalina.startup.Catalina.load [403] 밀리초 내에 서버가 초기화되었습니다.
21-Aug-2022 02:11:08.201 INFO [main] org.apache.catalina.core.StandardService.startInternal 서비스 [Catalina]을(를) 시작합니다.
21-Aug-2022 02:11:08.201 INFO [main] org.apache.catalina.core.StandardEngine.startInternal 서버 엔진을 시작합니다: [Apache Tomcat/9.0.65]
21-Aug-2022 02:11:08.208 INFO [main] org.apache.catalina.startup.HostConfig.deployDirectory 웹 애플리케이션 디렉토리 [C:\swedu\SW_developer_edu(back)\5th_week\jsp\apache-tomcat-9.0.65\webapps\docs]을(를) 배치합니다.
21-Aug-2022 02:11:08.565 INFO [main] org.apache.jasper.servlet.TldScanner.scanJars 적어도 하나의 JAR가 TLD들을 찾기 위해 스캔되었으나 아무 것도 찾지 못했습니다. 스캔했으나 TLD가 없는 JAR들의 전체 목록을 보시려면, 로그 레벨을 디버그 레벨로 설정하십시오. 스캔 과정에서 불필요한 JAR들을 건너뛰면, 시스템 시작 시간과 JSP 컴파일 시간을 단축시킬 수 있습니다.
21-Aug-2022 02:11:08.642 INFO [main] org.apache.catalina.startup.HostConfig.deployDirectory 웹 애플리케이션 디렉토리 [C:\swedu\SW_developer_edu(back)\5th_week\jsp\apache-tomcat-9.0.65\webapps\docs]에 대한 배치가 [433] 밀리초에 완료되었습니다.
21-Aug-2022 02:11:08.642 INFO [main] org.apache.catalina.startup.HostConfig.deployDirectory 웹 애플리케이션 디렉토리 [C:\swedu\SW_developer_edu(back)\5th_week\jsp\apache-tomcat-9.0.65\webapps\examples]을(를) 배치합니다.
21-Aug-2022 02:11:09.040 INFO [main] org.apache.jasper.servlet.TldScanner.scanJars 적어도 하나의 JAR가 TLD들을 찾기 위해 스캔되었으나 아무 것도 찾지 못했습니다. 스캔했으나 TLD가 없는 JAR들의 전체 목록을 보시려면, 로그 레벨을 디버그 레벨로 설정하십시오. 스캔 과정에서 불필요한 JAR들을 건너뛰면, 시스템 시작 시간과 JSP 컴파일 시간을 단축시킬 수 있습니다.
21-Aug-2022 02:11:09.087 INFO [main] org.apache.catalina.startup.HostConfig.deployDirectory 웹 애플리케이션 디렉토리 [C:\swedu\SW_developer_edu(back)\5th_week\jsp\apache-tomcat-9.0.65\webapps\examples]에 대한 배치가 [444] 밀리초에 완료되었습니다.
21-Aug-2022 02:11:09.087 INFO [main] org.apache.catalina.startup.HostConfig.deployDirectory 웹 애플리케이션 디렉토리 [C:\swedu\SW_developer_edu(back)\5th_week\jsp\apache-tomcat-9.0.65\webapps\host-manager]을(를) 배치합니다.
21-Aug-2022 02:11:09.246 INFO [main] org.apache.jasper.servlet.TldScanner.scanJars 적어도 하나의 JAR가 TLD들을 찾기 위해 스캔되었으나 아무 것도 찾지 못했습니다. 스캔했으나 TLD가 없는 JAR들의 전체 목록을 보시려면, 로그 레벨을 디버그 레벨로 설정하십시오. 스캔 과정에서 불필요한 JAR들을 건너뛰면, 시스템 시작 시간과 JSP 컴파일 시간을 단축시킬 수 있습니다.
21-Aug-2022 02:11:09.253 INFO [main] org.apache.catalina.startup.HostConfig.deployDirectory 웹 애플리케이션 디렉토리 [C:\swedu\SW_developer_edu(back)\5th_week\jsp\apache-tomcat-9.0.65\webapps\host-manager]에 대한 배치가 [166] 밀리초에 완료되었습니다.
21-Aug-2022 02:11:09.253 INFO [main] org.apache.catalina.startup.HostConfig.deployDirectory 웹 애플리케이션 디렉토리 [C:\swedu\SW_developer_edu(back)\5th_week\jsp\apache-tomcat-9.0.65\webapps\manager]을(를) 배치합니다.
21-Aug-2022 02:11:09.420 INFO [main] org.apache.jasper.servlet.TldScanner.scanJars 적어도 하나의 JAR가 TLD들을 찾기 위해 스캔되었으나 아무 것도 찾지 못했습니다. 스캔했으나 TLD가 없는 JAR들의 전체 목록을 보시려면, 로그 레벨을 디버그 레벨로 설정하십시오. 스캔 과정에서 불필요한 JAR들을 건너뛰면, 시스템 시작 시간과 JSP 컴파일 시간을 단축시킬 수 있습니다.
21-Aug-2022 02:11:09.423 INFO [main] org.apache.catalina.startup.HostConfig.deployDirectory 웹 애플리케이션 디렉토리 [C:\swedu\SW_developer_edu(back)\5th_week\jsp\apache-tomcat-9.0.65\webapps\manager]에 대한 배치가 [170] 밀리초에 완료되었습니다.
21-Aug-2022 02:11:09.423 INFO [main] org.apache.catalina.startup.HostConfig.deployDirectory 웹 애플리케이션 디렉토리 [C:\swedu\SW_developer_edu(back)\5th_week\jsp\apache-tomcat-9.0.65\webapps\ROOT]을(를) 배치합니다.
21-Aug-2022 02:11:09.603 INFO [main] java.util.ArrayList.forEach Name = OracleDB Ignoring unknown property: value of "Connection" for "description" property
21-Aug-2022 02:11:09.628 INFO [main] org.apache.jasper.servlet.TldScanner.scanJars 적어도 하나의 JAR가 TLD들을 찾기 위해 스캔되었으나 아무 것도 찾지 못했습니다. 스캔했으나 TLD가 없는 JAR들의 전체 목록을 보시려면, 로그 레벨을 디버그 레벨로 설정하십시오. 스캔 과정에서 불필요한 JAR들을 건너뛰면, 시스템 시작 시간과 JSP 컴파일 시간을 단축시킬 수 있습니다.
21-Aug-2022 02:11:09.639 INFO [main] org.apache.catalina.startup.HostConfig.deployDirectory 웹 애플리케이션 디렉토리 [C:\swedu\SW_developer_edu(back)\5th_week\jsp\apache-tomcat-9.0.65\webapps\ROOT]에 대한 배치가 [216] 밀리초에 완료되었습니다.
21-Aug-2022 02:11:09.642 INFO [main] org.apache.coyote.AbstractProtocol.start 프로토콜 핸들러 ["http-nio-8080"]을(를) 시작합니다.
21-Aug-2022 02:11:09.713 INFO [main] org.apache.catalina.startup.Catalina.start 서버가 [1549] 밀리초 내에 시작되었습니다.
21-Aug-2022 12:29:19.175 INFO [main] org.apache.catalina.core.StandardServer.await 셧다운 포트를 통해 유효한 셧다운 명령을 받았습니다. 서버 인스턴스를 중지시킵니다.
21-Aug-2022 12:29:19.176 INFO [main] org.apache.coyote.AbstractProtocol.pause 프로토콜 핸들러 ["http-nio-8080"]을(를) 일시 정지 중
21-Aug-2022 12:29:19.186 INFO [main] org.apache.catalina.core.StandardService.stopInternal 서비스 [Catalina]을(를) 중지시킵니다.
21-Aug-2022 12:29:19.199 WARNING [main] org.apache.catalina.loader.WebappClassLoaderBase.clearReferencesJdbc 웹 애플리케이션 [ROOT]이(가) JDBC 드라이버 [oracle.jdbc.OracleDriver]을(를) 등록했지만, 웹 애플리케이션이 중지될 때, 해당 JDBC 드라이버의 등록을 제거하지 못했습니다. 메모리 누수를 방지하기 위하여, 등록을 강제로 제거했습니다.
21-Aug-2022 12:29:19.200 WARNING [main] org.apache.catalina.loader.WebappClassLoaderBase.clearReferencesObjectStreamClassCaches Java 9 또는 이후 버전을 사용할 때에는, "--add-opens=java.base/java.io=ALL-UNNAMED" 을(를) JVM 명령행 아규먼트들에 추가해서, ObjectStream 캐시 메모리 릭 방지 옵션을 활성화할 필요가 있습니다. 또는 원하시는 경우, ObjectStream 클래스 캐시 메모리 릭 방지 옵션을 비활성화해서 이 경고 메시지를 없앨 수도 있습니다.
21-Aug-2022 12:29:19.200 WARNING [main] org.apache.catalina.loader.WebappClassLoaderBase.checkThreadLocalsForLeaks Java 9 환경에서 실행할 때에는, ThreadLocal 메모리 누수 탐지를 위하여, "--add-opens=java.base/java.lang=ALL-UNNAMED"를 JVM 명령 행 아규먼트들에 추가해야 합니다. 또는, ThreadLocal 메모리 누수 탐지를 사용불능 상태로 설정함으로써, 이 경고 메시지를 없앨 수도 있습니다.
21-Aug-2022 12:29:19.201 WARNING [main] org.apache.catalina.loader.WebappClassLoaderBase.clearReferencesRmiTargets Java 9에서 실행하면서 RMI Target 메모리 누수 탐지를 사용 가능하게 하려면, "--add-opens=java.rmi/sun.rmi.transport=ALL-UNNAMED"를 JVM 명령 행 아규먼트에 추가해야 합니다. 또는, RMI Target 메모리 누수 탐지를 사용불능 상태로 설정함으로써, 이 경고를 없앨 수도 있습니다.
21-Aug-2022 12:29:19.210 WARNING [main] org.apache.catalina.loader.WebappClassLoaderBase.clearReferencesObjectStreamClassCaches Java 9 또는 이후 버전을 사용할 때에는, "--add-opens=java.base/java.io=ALL-UNNAMED" 을(를) JVM 명령행 아규먼트들에 추가해서, ObjectStream 캐시 메모리 릭 방지 옵션을 활성화할 필요가 있습니다. 또는 원하시는 경우, ObjectStream 클래스 캐시 메모리 릭 방지 옵션을 비활성화해서 이 경고 메시지를 없앨 수도 있습니다.
21-Aug-2022 12:29:19.210 WARNING [main] org.apache.catalina.loader.WebappClassLoaderBase.checkThreadLocalsForLeaks Java 9 환경에서 실행할 때에는, ThreadLocal 메모리 누수 탐지를 위하여, "--add-opens=java.base/java.lang=ALL-UNNAMED"를 JVM 명령 행 아규먼트들에 추가해야 합니다. 또는, ThreadLocal 메모리 누수 탐지를 사용불능 상태로 설정함으로써, 이 경고 메시지를 없앨 수도 있습니다.
21-Aug-2022 12:29:19.211 WARNING [main] org.apache.catalina.loader.WebappClassLoaderBase.clearReferencesRmiTargets Java 9에서 실행하면서 RMI Target 메모리 누수 탐지를 사용 가능하게 하려면, "--add-opens=java.rmi/sun.rmi.transport=ALL-UNNAMED"를 JVM 명령 행 아규먼트에 추가해야 합니다. 또는, RMI Target 메모리 누수 탐지를 사용불능 상태로 설정함으로써, 이 경고를 없앨 수도 있습니다.
21-Aug-2022 12:29:19.213 WARNING [main] org.apache.catalina.loader.WebappClassLoaderBase.clearReferencesObjectStreamClassCaches Java 9 또는 이후 버전을 사용할 때에는, "--add-opens=java.base/java.io=ALL-UNNAMED" 을(를) JVM 명령행 아규먼트들에 추가해서, ObjectStream 캐시 메모리 릭 방지 옵션을 활성화할 필요가 있습니다. 또는 원하시는 경우, ObjectStream 클래스 캐시 메모리 릭 방지 옵션을 비활성화해서 이 경고 메시지를 없앨 수도 있습니다.
21-Aug-2022 12:29:19.213 WARNING [main] org.apache.catalina.loader.WebappClassLoaderBase.checkThreadLocalsForLeaks Java 9 환경에서 실행할 때에는, ThreadLocal 메모리 누수 탐지를 위하여, "--add-opens=java.base/java.lang=ALL-UNNAMED"를 JVM 명령 행 아규먼트들에 추가해야 합니다. 또는, ThreadLocal 메모리 누수 탐지를 사용불능 상태로 설정함으로써, 이 경고 메시지를 없앨 수도 있습니다.
21-Aug-2022 12:29:19.213 WARNING [main] org.apache.catalina.loader.WebappClassLoaderBase.clearReferencesRmiTargets Java 9에서 실행하면서 RMI Target 메모리 누수 탐지를 사용 가능하게 하려면, "--add-opens=java.rmi/sun.rmi.transport=ALL-UNNAMED"를 JVM 명령 행 아규먼트에 추가해야 합니다. 또는, RMI Target 메모리 누수 탐지를 사용불능 상태로 설정함으로써, 이 경고를 없앨 수도 있습니다.
21-Aug-2022 12:29:19.215 WARNING [main] org.apache.catalina.loader.WebappClassLoaderBase.clearReferencesObjectStreamClassCaches Java 9 또는 이후 버전을 사용할 때에는, "--add-opens=java.base/java.io=ALL-UNNAMED" 을(를) JVM 명령행 아규먼트들에 추가해서, ObjectStream 캐시 메모리 릭 방지 옵션을 활성화할 필요가 있습니다. 또는 원하시는 경우, ObjectStream 클래스 캐시 메모리 릭 방지 옵션을 비활성화해서 이 경고 메시지를 없앨 수도 있습니다.
21-Aug-2022 12:29:19.215 WARNING [main] org.apache.catalina.loader.WebappClassLoaderBase.checkThreadLocalsForLeaks Java 9 환경에서 실행할 때에는, ThreadLocal 메모리 누수 탐지를 위하여, "--add-opens=java.base/java.lang=ALL-UNNAMED"를 JVM 명령 행 아규먼트들에 추가해야 합니다. 또는, ThreadLocal 메모리 누수 탐지를 사용불능 상태로 설정함으로써, 이 경고 메시지를 없앨 수도 있습니다.
21-Aug-2022 12:29:19.216 WARNING [main] org.apache.catalina.loader.WebappClassLoaderBase.clearReferencesRmiTargets Java 9에서 실행하면서 RMI Target 메모리 누수 탐지를 사용 가능하게 하려면, "--add-opens=java.rmi/sun.rmi.transport=ALL-UNNAMED"를 JVM 명령 행 아규먼트에 추가해야 합니다. 또는, RMI Target 메모리 누수 탐지를 사용불능 상태로 설정함으로써, 이 경고를 없앨 수도 있습니다.
21-Aug-2022 12:29:19.218 WARNING [main] org.apache.catalina.loader.WebappClassLoaderBase.clearReferencesObjectStreamClassCaches Java 9 또는 이후 버전을 사용할 때에는, "--add-opens=java.base/java.io=ALL-UNNAMED" 을(를) JVM 명령행 아규먼트들에 추가해서, ObjectStream 캐시 메모리 릭 방지 옵션을 활성화할 필요가 있습니다. 또는 원하시는 경우, ObjectStream 클래스 캐시 메모리 릭 방지 옵션을 비활성화해서 이 경고 메시지를 없앨 수도 있습니다.
21-Aug-2022 12:29:19.219 WARNING [main] org.apache.catalina.loader.WebappClassLoaderBase.checkThreadLocalsForLeaks Java 9 환경에서 실행할 때에는, ThreadLocal 메모리 누수 탐지를 위하여, "--add-opens=java.base/java.lang=ALL-UNNAMED"를 JVM 명령 행 아규먼트들에 추가해야 합니다. 또는, ThreadLocal 메모리 누수 탐지를 사용불능 상태로 설정함으로써, 이 경고 메시지를 없앨 수도 있습니다.
21-Aug-2022 12:29:19.219 WARNING [main] org.apache.catalina.loader.WebappClassLoaderBase.clearReferencesRmiTargets Java 9에서 실행하면서 RMI Target 메모리 누수 탐지를 사용 가능하게 하려면, "--add-opens=java.rmi/sun.rmi.transport=ALL-UNNAMED"를 JVM 명령 행 아규먼트에 추가해야 합니다. 또는, RMI Target 메모리 누수 탐지를 사용불능 상태로 설정함으로써, 이 경고를 없앨 수도 있습니다.
21-Aug-2022 12:29:19.220 INFO [main] org.apache.coyote.AbstractProtocol.stop 프로토콜 핸들러 ["http-nio-8080"]을(를) 중지시킵니다.
21-Aug-2022 12:29:19.234 INFO [main] org.apache.coyote.AbstractProtocol.destroy 프로토콜 핸들러 ["http-nio-8080"]을(를) 소멸시킵니다.
21-Aug-2022 12:29:20.946 INFO [main] org.apache.catalina.startup.VersionLoggerListener.log 서버 버전 이름:    Apache Tomcat/9.0.65
21-Aug-2022 12:29:20.951 INFO [main] org.apache.catalina.startup.VersionLoggerListener.log Server 빌드 시각:  Jul 14 2022 12:28:53 UTC
21-Aug-2022 12:29:20.951 INFO [main] org.apache.catalina.startup.VersionLoggerListener.log Server 버전 번호:  9.0.65.0
21-Aug-2022 12:29:20.951 INFO [main] org.apache.catalina.startup.VersionLoggerListener.log 운영체제 이름:     Windows 11
21-Aug-2022 12:29:20.952 INFO [main] org.apache.catalina.startup.VersionLoggerListener.log 운영체제 버전:     10.0
21-Aug-2022 12:29:20.952 INFO [main] org.apache.catalina.startup.VersionLoggerListener.log 아키텍처:          amd64
21-Aug-2022 12:29:20.952 INFO [main] org.apache.catalina.startup.VersionLoggerListener.log 자바 홈:           C:\Program Files\Java\jdk-17.0.4
21-Aug-2022 12:29:20.952 INFO [main] org.apache.catalina.startup.VersionLoggerListener.log JVM 버전:          17.0.4+11-LTS-179
21-Aug-2022 12:29:20.952 INFO [main] org.apache.catalina.startup.VersionLoggerListener.log JVM 벤더:          Oracle Corporation
21-Aug-2022 12:29:20.952 INFO [main] org.apache.catalina.startup.VersionLoggerListener.log CATALINA_BASE:     C:\swedu\SW_developer_edu(back)\5th_week\jsp\apache-tomcat-9.0.65
21-Aug-2022 12:29:20.952 INFO [main] org.apache.catalina.startup.VersionLoggerListener.log CATALINA_HOME:     C:\swedu\SW_developer_edu(back)\5th_week\jsp\apache-tomcat-9.0.65
21-Aug-2022 12:29:20.968 INFO [main] org.apache.catalina.startup.VersionLoggerListener.log 명령 행 아규먼트:  -Djava.util.logging.config.file=c:\swedu\SW_developer_edu(back)\5th_week\jsp\apache-tomcat-9.0.65/conf/logging.properties
21-Aug-2022 12:29:20.968 INFO [main] org.apache.catalina.startup.VersionLoggerListener.log 명령 행 아규먼트:  -Djava.util.logging.manager=org.apache.juli.ClassLoaderLogManager
21-Aug-2022 12:29:20.968 INFO [main] org.apache.catalina.startup.VersionLoggerListener.log 명령 행 아규먼트:  -Djdk.tls.ephemeralDHKeySize=2048
21-Aug-2022 12:29:20.968 INFO [main] org.apache.catalina.startup.VersionLoggerListener.log 명령 행 아규먼트:  -Djava.protocol.handler.pkgs=org.apache.catalina.webresources
21-Aug-2022 12:29:20.969 INFO [main] org.apache.catalina.startup.VersionLoggerListener.log 명령 행 아규먼트:  -Dorg.apache.catalina.security.SecurityListener.UMASK=0027
21-Aug-2022 12:29:20.969 INFO [main] org.apache.catalina.startup.VersionLoggerListener.log 명령 행 아규먼트:  -Dcatalina.base=c:\swedu\SW_developer_edu(back)\5th_week\jsp\apache-tomcat-9.0.65
21-Aug-2022 12:29:20.969 INFO [main] org.apache.catalina.startup.VersionLoggerListener.log 명령 행 아규먼트:  -Dcatalina.home=c:\swedu\SW_developer_edu(back)\5th_week\jsp\apache-tomcat-9.0.65
21-Aug-2022 12:29:20.969 INFO [main] org.apache.catalina.startup.VersionLoggerListener.log 명령 행 아규먼트:  -Djava.io.tmpdir=c:\swedu\SW_developer_edu(back)\5th_week\jsp\apache-tomcat-9.0.65/temp
21-Aug-2022 12:29:20.974 INFO [main] org.apache.catalina.core.AprLifecycleListener.lifecycleEvent APR 버전 [1.7.0]을(를) 사용한, APR 기반 Apache Tomcat Native 라이브러리 [1.2.35]을(를) 로드했습니다.
21-Aug-2022 12:29:20.974 INFO [main] org.apache.catalina.core.AprLifecycleListener.lifecycleEvent APR 용량정보들: IPv6 [true], sendfile [true], accept filters [false], random [true], UDS [true].
21-Aug-2022 12:29:20.974 INFO [main] org.apache.catalina.core.AprLifecycleListener.lifecycleEvent APR/OpenSSL 설정: useAprConnector [false], useOpenSSL [true]
21-Aug-2022 12:29:20.981 INFO [main] org.apache.catalina.core.AprLifecycleListener.initializeSSL OpenSSL이 성공적으로 초기화되었습니다: [OpenSSL 1.1.1q  5 Jul 2022]
21-Aug-2022 12:29:21.220 INFO [main] org.apache.coyote.AbstractProtocol.init 프로토콜 핸들러 ["http-nio-8080"]을(를) 초기화합니다.
21-Aug-2022 12:29:21.244 INFO [main] org.apache.catalina.startup.Catalina.load [476] 밀리초 내에 서버가 초기화되었습니다.
21-Aug-2022 12:29:21.288 INFO [main] org.apache.catalina.core.StandardService.startInternal 서비스 [Catalina]을(를) 시작합니다.
21-Aug-2022 12:29:21.288 INFO [main] org.apache.catalina.core.StandardEngine.startInternal 서버 엔진을 시작합니다: [Apache Tomcat/9.0.65]
21-Aug-2022 12:29:21.296 INFO [main] org.apache.catalina.startup.HostConfig.deployDirectory 웹 애플리케이션 디렉토리 [C:\swedu\SW_developer_edu(back)\5th_week\jsp\apache-tomcat-9.0.65\webapps\docs]을(를) 배치합니다.
21-Aug-2022 12:29:21.651 INFO [main] org.apache.jasper.servlet.TldScanner.scanJars 적어도 하나의 JAR가 TLD들을 찾기 위해 스캔되었으나 아무 것도 찾지 못했습니다. 스캔했으나 TLD가 없는 JAR들의 전체 목록을 보시려면, 로그 레벨을 디버그 레벨로 설정하십시오. 스캔 과정에서 불필요한 JAR들을 건너뛰면, 시스템 시작 시간과 JSP 컴파일 시간을 단축시킬 수 있습니다.
21-Aug-2022 12:29:21.727 INFO [main] org.apache.catalina.startup.HostConfig.deployDirectory 웹 애플리케이션 디렉토리 [C:\swedu\SW_developer_edu(back)\5th_week\jsp\apache-tomcat-9.0.65\webapps\docs]에 대한 배치가 [429] 밀리초에 완료되었습니다.
21-Aug-2022 12:29:21.727 INFO [main] org.apache.catalina.startup.HostConfig.deployDirectory 웹 애플리케이션 디렉토리 [C:\swedu\SW_developer_edu(back)\5th_week\jsp\apache-tomcat-9.0.65\webapps\examples]을(를) 배치합니다.
21-Aug-2022 12:29:22.134 INFO [main] org.apache.jasper.servlet.TldScanner.scanJars 적어도 하나의 JAR가 TLD들을 찾기 위해 스캔되었으나 아무 것도 찾지 못했습니다. 스캔했으나 TLD가 없는 JAR들의 전체 목록을 보시려면, 로그 레벨을 디버그 레벨로 설정하십시오. 스캔 과정에서 불필요한 JAR들을 건너뛰면, 시스템 시작 시간과 JSP 컴파일 시간을 단축시킬 수 있습니다.
21-Aug-2022 12:29:22.177 INFO [main] org.apache.catalina.startup.HostConfig.deployDirectory 웹 애플리케이션 디렉토리 [C:\swedu\SW_developer_edu(back)\5th_week\jsp\apache-tomcat-9.0.65\webapps\examples]에 대한 배치가 [450] 밀리초에 완료되었습니다.
21-Aug-2022 12:29:22.177 INFO [main] org.apache.catalina.startup.HostConfig.deployDirectory 웹 애플리케이션 디렉토리 [C:\swedu\SW_developer_edu(back)\5th_week\jsp\apache-tomcat-9.0.65\webapps\host-manager]을(를) 배치합니다.
21-Aug-2022 12:29:22.321 INFO [main] org.apache.jasper.servlet.TldScanner.scanJars 적어도 하나의 JAR가 TLD들을 찾기 위해 스캔되었으나 아무 것도 찾지 못했습니다. 스캔했으나 TLD가 없는 JAR들의 전체 목록을 보시려면, 로그 레벨을 디버그 레벨로 설정하십시오. 스캔 과정에서 불필요한 JAR들을 건너뛰면, 시스템 시작 시간과 JSP 컴파일 시간을 단축시킬 수 있습니다.
21-Aug-2022 12:29:22.327 INFO [main] org.apache.catalina.startup.HostConfig.deployDirectory 웹 애플리케이션 디렉토리 [C:\swedu\SW_developer_edu(back)\5th_week\jsp\apache-tomcat-9.0.65\webapps\host-manager]에 대한 배치가 [150] 밀리초에 완료되었습니다.
21-Aug-2022 12:29:22.327 INFO [main] org.apache.catalina.startup.HostConfig.deployDirectory 웹 애플리케이션 디렉토리 [C:\swedu\SW_developer_edu(back)\5th_week\jsp\apache-tomcat-9.0.65\webapps\manager]을(를) 배치합니다.
21-Aug-2022 12:29:22.471 INFO [main] org.apache.jasper.servlet.TldScanner.scanJars 적어도 하나의 JAR가 TLD들을 찾기 위해 스캔되었으나 아무 것도 찾지 못했습니다. 스캔했으나 TLD가 없는 JAR들의 전체 목록을 보시려면, 로그 레벨을 디버그 레벨로 설정하십시오. 스캔 과정에서 불필요한 JAR들을 건너뛰면, 시스템 시작 시간과 JSP 컴파일 시간을 단축시킬 수 있습니다.
21-Aug-2022 12:29:22.474 INFO [main] org.apache.catalina.startup.HostConfig.deployDirectory 웹 애플리케이션 디렉토리 [C:\swedu\SW_developer_edu(back)\5th_week\jsp\apache-tomcat-9.0.65\webapps\manager]에 대한 배치가 [146] 밀리초에 완료되었습니다.
21-Aug-2022 12:29:22.474 INFO [main] org.apache.catalina.startup.HostConfig.deployDirectory 웹 애플리케이션 디렉토리 [C:\swedu\SW_developer_edu(back)\5th_week\jsp\apache-tomcat-9.0.65\webapps\ROOT]을(를) 배치합니다.
21-Aug-2022 12:29:22.637 INFO [main] java.util.ArrayList.forEach Name = OracleDB Ignoring unknown property: value of "Connection" for "description" property
21-Aug-2022 12:29:22.662 INFO [main] org.apache.jasper.servlet.TldScanner.scanJars 적어도 하나의 JAR가 TLD들을 찾기 위해 스캔되었으나 아무 것도 찾지 못했습니다. 스캔했으나 TLD가 없는 JAR들의 전체 목록을 보시려면, 로그 레벨을 디버그 레벨로 설정하십시오. 스캔 과정에서 불필요한 JAR들을 건너뛰면, 시스템 시작 시간과 JSP 컴파일 시간을 단축시킬 수 있습니다.
21-Aug-2022 12:29:22.673 INFO [main] org.apache.catalina.startup.HostConfig.deployDirectory 웹 애플리케이션 디렉토리 [C:\swedu\SW_developer_edu(back)\5th_week\jsp\apache-tomcat-9.0.65\webapps\ROOT]에 대한 배치가 [199] 밀리초에 완료되었습니다.
21-Aug-2022 12:29:22.676 INFO [main] org.apache.coyote.AbstractProtocol.start 프로토콜 핸들러 ["http-nio-8080"]을(를) 시작합니다.
21-Aug-2022 12:29:22.725 INFO [main] org.apache.catalina.startup.Catalina.start 서버가 [1481] 밀리초 내에 시작되었습니다.
21-Aug-2022 12:47:30.086 INFO [main] org.apache.catalina.core.StandardServer.await 셧다운 포트를 통해 유효한 셧다운 명령을 받았습니다. 서버 인스턴스를 중지시킵니다.
21-Aug-2022 12:47:30.086 INFO [main] org.apache.coyote.AbstractProtocol.pause 프로토콜 핸들러 ["http-nio-8080"]을(를) 일시 정지 중
21-Aug-2022 12:47:30.095 INFO [main] org.apache.catalina.core.StandardService.stopInternal 서비스 [Catalina]을(를) 중지시킵니다.
21-Aug-2022 12:47:30.101 WARNING [main] org.apache.catalina.loader.WebappClassLoaderBase.clearReferencesJdbc 웹 애플리케이션 [ROOT]이(가) JDBC 드라이버 [oracle.jdbc.OracleDriver]을(를) 등록했지만, 웹 애플리케이션이 중지될 때, 해당 JDBC 드라이버의 등록을 제거하지 못했습니다. 메모리 누수를 방지하기 위하여, 등록을 강제로 제거했습니다.
21-Aug-2022 12:47:30.101 WARNING [main] org.apache.catalina.loader.WebappClassLoaderBase.clearReferencesObjectStreamClassCaches Java 9 또는 이후 버전을 사용할 때에는, "--add-opens=java.base/java.io=ALL-UNNAMED" 을(를) JVM 명령행 아규먼트들에 추가해서, ObjectStream 캐시 메모리 릭 방지 옵션을 활성화할 필요가 있습니다. 또는 원하시는 경우, ObjectStream 클래스 캐시 메모리 릭 방지 옵션을 비활성화해서 이 경고 메시지를 없앨 수도 있습니다.
21-Aug-2022 12:47:30.101 WARNING [main] org.apache.catalina.loader.WebappClassLoaderBase.checkThreadLocalsForLeaks Java 9 환경에서 실행할 때에는, ThreadLocal 메모리 누수 탐지를 위하여, "--add-opens=java.base/java.lang=ALL-UNNAMED"를 JVM 명령 행 아규먼트들에 추가해야 합니다. 또는, ThreadLocal 메모리 누수 탐지를 사용불능 상태로 설정함으로써, 이 경고 메시지를 없앨 수도 있습니다.
21-Aug-2022 12:47:30.102 WARNING [main] org.apache.catalina.loader.WebappClassLoaderBase.clearReferencesRmiTargets Java 9에서 실행하면서 RMI Target 메모리 누수 탐지를 사용 가능하게 하려면, "--add-opens=java.rmi/sun.rmi.transport=ALL-UNNAMED"를 JVM 명령 행 아규먼트에 추가해야 합니다. 또는, RMI Target 메모리 누수 탐지를 사용불능 상태로 설정함으로써, 이 경고를 없앨 수도 있습니다.
21-Aug-2022 12:47:30.107 WARNING [main] org.apache.catalina.loader.WebappClassLoaderBase.clearReferencesObjectStreamClassCaches Java 9 또는 이후 버전을 사용할 때에는, "--add-opens=java.base/java.io=ALL-UNNAMED" 을(를) JVM 명령행 아규먼트들에 추가해서, ObjectStream 캐시 메모리 릭 방지 옵션을 활성화할 필요가 있습니다. 또는 원하시는 경우, ObjectStream 클래스 캐시 메모리 릭 방지 옵션을 비활성화해서 이 경고 메시지를 없앨 수도 있습니다.
21-Aug-2022 12:47:30.107 WARNING [main] org.apache.catalina.loader.WebappClassLoaderBase.checkThreadLocalsForLeaks Java 9 환경에서 실행할 때에는, ThreadLocal 메모리 누수 탐지를 위하여, "--add-opens=java.base/java.lang=ALL-UNNAMED"를 JVM 명령 행 아규먼트들에 추가해야 합니다. 또는, ThreadLocal 메모리 누수 탐지를 사용불능 상태로 설정함으로써, 이 경고 메시지를 없앨 수도 있습니다.
21-Aug-2022 12:47:30.107 WARNING [main] org.apache.catalina.loader.WebappClassLoaderBase.clearReferencesRmiTargets Java 9에서 실행하면서 RMI Target 메모리 누수 탐지를 사용 가능하게 하려면, "--add-opens=java.rmi/sun.rmi.transport=ALL-UNNAMED"를 JVM 명령 행 아규먼트에 추가해야 합니다. 또는, RMI Target 메모리 누수 탐지를 사용불능 상태로 설정함으로써, 이 경고를 없앨 수도 있습니다.
21-Aug-2022 12:47:30.110 WARNING [main] org.apache.catalina.loader.WebappClassLoaderBase.clearReferencesObjectStreamClassCaches Java 9 또는 이후 버전을 사용할 때에는, "--add-opens=java.base/java.io=ALL-UNNAMED" 을(를) JVM 명령행 아규먼트들에 추가해서, ObjectStream 캐시 메모리 릭 방지 옵션을 활성화할 필요가 있습니다. 또는 원하시는 경우, ObjectStream 클래스 캐시 메모리 릭 방지 옵션을 비활성화해서 이 경고 메시지를 없앨 수도 있습니다.
21-Aug-2022 12:47:30.110 WARNING [main] org.apache.catalina.loader.WebappClassLoaderBase.checkThreadLocalsForLeaks Java 9 환경에서 실행할 때에는, ThreadLocal 메모리 누수 탐지를 위하여, "--add-opens=java.base/java.lang=ALL-UNNAMED"를 JVM 명령 행 아규먼트들에 추가해야 합니다. 또는, ThreadLocal 메모리 누수 탐지를 사용불능 상태로 설정함으로써, 이 경고 메시지를 없앨 수도 있습니다.
21-Aug-2022 12:47:30.111 WARNING [main] org.apache.catalina.loader.WebappClassLoaderBase.clearReferencesRmiTargets Java 9에서 실행하면서 RMI Target 메모리 누수 탐지를 사용 가능하게 하려면, "--add-opens=java.rmi/sun.rmi.transport=ALL-UNNAMED"를 JVM 명령 행 아규먼트에 추가해야 합니다. 또는, RMI Target 메모리 누수 탐지를 사용불능 상태로 설정함으로써, 이 경고를 없앨 수도 있습니다.
21-Aug-2022 12:47:30.113 WARNING [main] org.apache.catalina.loader.WebappClassLoaderBase.clearReferencesObjectStreamClassCaches Java 9 또는 이후 버전을 사용할 때에는, "--add-opens=java.base/java.io=ALL-UNNAMED" 을(를) JVM 명령행 아규먼트들에 추가해서, ObjectStream 캐시 메모리 릭 방지 옵션을 활성화할 필요가 있습니다. 또는 원하시는 경우, ObjectStream 클래스 캐시 메모리 릭 방지 옵션을 비활성화해서 이 경고 메시지를 없앨 수도 있습니다.
21-Aug-2022 12:47:30.113 WARNING [main] org.apache.catalina.loader.WebappClassLoaderBase.checkThreadLocalsForLeaks Java 9 환경에서 실행할 때에는, ThreadLocal 메모리 누수 탐지를 위하여, "--add-opens=java.base/java.lang=ALL-UNNAMED"를 JVM 명령 행 아규먼트들에 추가해야 합니다. 또는, ThreadLocal 메모리 누수 탐지를 사용불능 상태로 설정함으로써, 이 경고 메시지를 없앨 수도 있습니다.
21-Aug-2022 12:47:30.114 WARNING [main] org.apache.catalina.loader.WebappClassLoaderBase.clearReferencesRmiTargets Java 9에서 실행하면서 RMI Target 메모리 누수 탐지를 사용 가능하게 하려면, "--add-opens=java.rmi/sun.rmi.transport=ALL-UNNAMED"를 JVM 명령 행 아규먼트에 추가해야 합니다. 또는, RMI Target 메모리 누수 탐지를 사용불능 상태로 설정함으로써, 이 경고를 없앨 수도 있습니다.
21-Aug-2022 12:47:30.115 WARNING [main] org.apache.catalina.loader.WebappClassLoaderBase.clearReferencesObjectStreamClassCaches Java 9 또는 이후 버전을 사용할 때에는, "--add-opens=java.base/java.io=ALL-UNNAMED" 을(를) JVM 명령행 아규먼트들에 추가해서, ObjectStream 캐시 메모리 릭 방지 옵션을 활성화할 필요가 있습니다. 또는 원하시는 경우, ObjectStream 클래스 캐시 메모리 릭 방지 옵션을 비활성화해서 이 경고 메시지를 없앨 수도 있습니다.
21-Aug-2022 12:47:30.115 WARNING [main] org.apache.catalina.loader.WebappClassLoaderBase.checkThreadLocalsForLeaks Java 9 환경에서 실행할 때에는, ThreadLocal 메모리 누수 탐지를 위하여, "--add-opens=java.base/java.lang=ALL-UNNAMED"를 JVM 명령 행 아규먼트들에 추가해야 합니다. 또는, ThreadLocal 메모리 누수 탐지를 사용불능 상태로 설정함으로써, 이 경고 메시지를 없앨 수도 있습니다.
21-Aug-2022 12:47:30.116 WARNING [main] org.apache.catalina.loader.WebappClassLoaderBase.clearReferencesRmiTargets Java 9에서 실행하면서 RMI Target 메모리 누수 탐지를 사용 가능하게 하려면, "--add-opens=java.rmi/sun.rmi.transport=ALL-UNNAMED"를 JVM 명령 행 아규먼트에 추가해야 합니다. 또는, RMI Target 메모리 누수 탐지를 사용불능 상태로 설정함으로써, 이 경고를 없앨 수도 있습니다.
21-Aug-2022 12:47:30.116 INFO [main] org.apache.coyote.AbstractProtocol.stop 프로토콜 핸들러 ["http-nio-8080"]을(를) 중지시킵니다.
21-Aug-2022 12:47:30.126 INFO [main] org.apache.coyote.AbstractProtocol.destroy 프로토콜 핸들러 ["http-nio-8080"]을(를) 소멸시킵니다.
21-Aug-2022 12:47:32.281 INFO [main] org.apache.catalina.startup.VersionLoggerListener.log 서버 버전 이름:    Apache Tomcat/9.0.65
21-Aug-2022 12:47:32.283 INFO [main] org.apache.catalina.startup.VersionLoggerListener.log Server 빌드 시각:  Jul 14 2022 12:28:53 UTC
21-Aug-2022 12:47:32.283 INFO [main] org.apache.catalina.startup.VersionLoggerListener.log Server 버전 번호:  9.0.65.0
21-Aug-2022 12:47:32.283 INFO [main] org.apache.catalina.startup.VersionLoggerListener.log 운영체제 이름:     Windows 11
21-Aug-2022 12:47:32.283 INFO [main] org.apache.catalina.startup.VersionLoggerListener.log 운영체제 버전:     10.0
21-Aug-2022 12:47:32.283 INFO [main] org.apache.catalina.startup.VersionLoggerListener.log 아키텍처:          amd64
21-Aug-2022 12:47:32.284 INFO [main] org.apache.catalina.startup.VersionLoggerListener.log 자바 홈:           C:\Program Files\Java\jdk-17.0.4
21-Aug-2022 12:47:32.284 INFO [main] org.apache.catalina.startup.VersionLoggerListener.log JVM 버전:          17.0.4+11-LTS-179
21-Aug-2022 12:47:32.284 INFO [main] org.apache.catalina.startup.VersionLoggerListener.log JVM 벤더:          Oracle Corporation
21-Aug-2022 12:47:32.284 INFO [main] org.apache.catalina.startup.VersionLoggerListener.log CATALINA_BASE:     C:\swedu\SW_developer_edu(back)\5th_week\jsp\apache-tomcat-9.0.65
21-Aug-2022 12:47:32.284 INFO [main] org.apache.catalina.startup.VersionLoggerListener.log CATALINA_HOME:     C:\swedu\SW_developer_edu(back)\5th_week\jsp\apache-tomcat-9.0.65
21-Aug-2022 12:47:32.292 INFO [main] org.apache.catalina.startup.VersionLoggerListener.log 명령 행 아규먼트:  -Djava.util.logging.config.file=c:\swedu\SW_developer_edu(back)\5th_week\jsp\apache-tomcat-9.0.65/conf/logging.properties
21-Aug-2022 12:47:32.292 INFO [main] org.apache.catalina.startup.VersionLoggerListener.log 명령 행 아규먼트:  -Djava.util.logging.manager=org.apache.juli.ClassLoaderLogManager
21-Aug-2022 12:47:32.292 INFO [main] org.apache.catalina.startup.VersionLoggerListener.log 명령 행 아규먼트:  -Djdk.tls.ephemeralDHKeySize=2048
21-Aug-2022 12:47:32.292 INFO [main] org.apache.catalina.startup.VersionLoggerListener.log 명령 행 아규먼트:  -Djava.protocol.handler.pkgs=org.apache.catalina.webresources
21-Aug-2022 12:47:32.292 INFO [main] org.apache.catalina.startup.VersionLoggerListener.log 명령 행 아규먼트:  -Dorg.apache.catalina.security.SecurityListener.UMASK=0027
21-Aug-2022 12:47:32.292 INFO [main] org.apache.catalina.startup.VersionLoggerListener.log 명령 행 아규먼트:  -Dcatalina.base=c:\swedu\SW_developer_edu(back)\5th_week\jsp\apache-tomcat-9.0.65
21-Aug-2022 12:47:32.293 INFO [main] org.apache.catalina.startup.VersionLoggerListener.log 명령 행 아규먼트:  -Dcatalina.home=c:\swedu\SW_developer_edu(back)\5th_week\jsp\apache-tomcat-9.0.65
21-Aug-2022 12:47:32.293 INFO [main] org.apache.catalina.startup.VersionLoggerListener.log 명령 행 아규먼트:  -Djava.io.tmpdir=c:\swedu\SW_developer_edu(back)\5th_week\jsp\apache-tomcat-9.0.65/temp
21-Aug-2022 12:47:32.295 INFO [main] org.apache.catalina.core.AprLifecycleListener.lifecycleEvent APR 버전 [1.7.0]을(를) 사용한, APR 기반 Apache Tomcat Native 라이브러리 [1.2.35]을(를) 로드했습니다.
21-Aug-2022 12:47:32.295 INFO [main] org.apache.catalina.core.AprLifecycleListener.lifecycleEvent APR 용량정보들: IPv6 [true], sendfile [true], accept filters [false], random [true], UDS [true].
21-Aug-2022 12:47:32.295 INFO [main] org.apache.catalina.core.AprLifecycleListener.lifecycleEvent APR/OpenSSL 설정: useAprConnector [false], useOpenSSL [true]
21-Aug-2022 12:47:32.299 INFO [main] org.apache.catalina.core.AprLifecycleListener.initializeSSL OpenSSL이 성공적으로 초기화되었습니다: [OpenSSL 1.1.1q  5 Jul 2022]
21-Aug-2022 12:47:32.503 INFO [main] org.apache.coyote.AbstractProtocol.init 프로토콜 핸들러 ["http-nio-8080"]을(를) 초기화합니다.
21-Aug-2022 12:47:32.520 INFO [main] org.apache.catalina.startup.Catalina.load [357] 밀리초 내에 서버가 초기화되었습니다.
21-Aug-2022 12:47:32.552 INFO [main] org.apache.catalina.core.StandardService.startInternal 서비스 [Catalina]을(를) 시작합니다.
21-Aug-2022 12:47:32.552 INFO [main] org.apache.catalina.core.StandardEngine.startInternal 서버 엔진을 시작합니다: [Apache Tomcat/9.0.65]
21-Aug-2022 12:47:32.560 INFO [main] org.apache.catalina.startup.HostConfig.deployDirectory 웹 애플리케이션 디렉토리 [C:\swedu\SW_developer_edu(back)\5th_week\jsp\apache-tomcat-9.0.65\webapps\docs]을(를) 배치합니다.
21-Aug-2022 12:47:32.875 INFO [main] org.apache.jasper.servlet.TldScanner.scanJars 적어도 하나의 JAR가 TLD들을 찾기 위해 스캔되었으나 아무 것도 찾지 못했습니다. 스캔했으나 TLD가 없는 JAR들의 전체 목록을 보시려면, 로그 레벨을 디버그 레벨로 설정하십시오. 스캔 과정에서 불필요한 JAR들을 건너뛰면, 시스템 시작 시간과 JSP 컴파일 시간을 단축시킬 수 있습니다.
21-Aug-2022 12:47:32.948 INFO [main] org.apache.catalina.startup.HostConfig.deployDirectory 웹 애플리케이션 디렉토리 [C:\swedu\SW_developer_edu(back)\5th_week\jsp\apache-tomcat-9.0.65\webapps\docs]에 대한 배치가 [387] 밀리초에 완료되었습니다.
21-Aug-2022 12:47:32.948 INFO [main] org.apache.catalina.startup.HostConfig.deployDirectory 웹 애플리케이션 디렉토리 [C:\swedu\SW_developer_edu(back)\5th_week\jsp\apache-tomcat-9.0.65\webapps\examples]을(를) 배치합니다.
21-Aug-2022 12:47:33.327 INFO [main] org.apache.jasper.servlet.TldScanner.scanJars 적어도 하나의 JAR가 TLD들을 찾기 위해 스캔되었으나 아무 것도 찾지 못했습니다. 스캔했으나 TLD가 없는 JAR들의 전체 목록을 보시려면, 로그 레벨을 디버그 레벨로 설정하십시오. 스캔 과정에서 불필요한 JAR들을 건너뛰면, 시스템 시작 시간과 JSP 컴파일 시간을 단축시킬 수 있습니다.
21-Aug-2022 12:47:33.373 INFO [main] org.apache.catalina.startup.HostConfig.deployDirectory 웹 애플리케이션 디렉토리 [C:\swedu\SW_developer_edu(back)\5th_week\jsp\apache-tomcat-9.0.65\webapps\examples]에 대한 배치가 [425] 밀리초에 완료되었습니다.
21-Aug-2022 12:47:33.373 INFO [main] org.apache.catalina.startup.HostConfig.deployDirectory 웹 애플리케이션 디렉토리 [C:\swedu\SW_developer_edu(back)\5th_week\jsp\apache-tomcat-9.0.65\webapps\host-manager]을(를) 배치합니다.
21-Aug-2022 12:47:33.541 INFO [main] org.apache.jasper.servlet.TldScanner.scanJars 적어도 하나의 JAR가 TLD들을 찾기 위해 스캔되었으나 아무 것도 찾지 못했습니다. 스캔했으나 TLD가 없는 JAR들의 전체 목록을 보시려면, 로그 레벨을 디버그 레벨로 설정하십시오. 스캔 과정에서 불필요한 JAR들을 건너뛰면, 시스템 시작 시간과 JSP 컴파일 시간을 단축시킬 수 있습니다.
21-Aug-2022 12:47:33.546 INFO [main] org.apache.catalina.startup.HostConfig.deployDirectory 웹 애플리케이션 디렉토리 [C:\swedu\SW_developer_edu(back)\5th_week\jsp\apache-tomcat-9.0.65\webapps\host-manager]에 대한 배치가 [173] 밀리초에 완료되었습니다.
21-Aug-2022 12:47:33.546 INFO [main] org.apache.catalina.startup.HostConfig.deployDirectory 웹 애플리케이션 디렉토리 [C:\swedu\SW_developer_edu(back)\5th_week\jsp\apache-tomcat-9.0.65\webapps\manager]을(를) 배치합니다.
21-Aug-2022 12:47:33.698 INFO [main] org.apache.jasper.servlet.TldScanner.scanJars 적어도 하나의 JAR가 TLD들을 찾기 위해 스캔되었으나 아무 것도 찾지 못했습니다. 스캔했으나 TLD가 없는 JAR들의 전체 목록을 보시려면, 로그 레벨을 디버그 레벨로 설정하십시오. 스캔 과정에서 불필요한 JAR들을 건너뛰면, 시스템 시작 시간과 JSP 컴파일 시간을 단축시킬 수 있습니다.
21-Aug-2022 12:47:33.700 INFO [main] org.apache.catalina.startup.HostConfig.deployDirectory 웹 애플리케이션 디렉토리 [C:\swedu\SW_developer_edu(back)\5th_week\jsp\apache-tomcat-9.0.65\webapps\manager]에 대한 배치가 [154] 밀리초에 완료되었습니다.
21-Aug-2022 12:47:33.701 INFO [main] org.apache.catalina.startup.HostConfig.deployDirectory 웹 애플리케이션 디렉토리 [C:\swedu\SW_developer_edu(back)\5th_week\jsp\apache-tomcat-9.0.65\webapps\ROOT]을(를) 배치합니다.
21-Aug-2022 12:47:33.860 INFO [main] java.util.ArrayList.forEach Name = OracleDB Ignoring unknown property: value of "Connection" for "description" property
21-Aug-2022 12:47:33.882 INFO [main] org.apache.jasper.servlet.TldScanner.scanJars 적어도 하나의 JAR가 TLD들을 찾기 위해 스캔되었으나 아무 것도 찾지 못했습니다. 스캔했으나 TLD가 없는 JAR들의 전체 목록을 보시려면, 로그 레벨을 디버그 레벨로 설정하십시오. 스캔 과정에서 불필요한 JAR들을 건너뛰면, 시스템 시작 시간과 JSP 컴파일 시간을 단축시킬 수 있습니다.
21-Aug-2022 12:47:33.893 INFO [main] org.apache.catalina.startup.HostConfig.deployDirectory 웹 애플리케이션 디렉토리 [C:\swedu\SW_developer_edu(back)\5th_week\jsp\apache-tomcat-9.0.65\webapps\ROOT]에 대한 배치가 [192] 밀리초에 완료되었습니다.
21-Aug-2022 12:47:33.896 INFO [main] org.apache.coyote.AbstractProtocol.start 프로토콜 핸들러 ["http-nio-8080"]을(를) 시작합니다.
21-Aug-2022 12:47:33.940 INFO [main] org.apache.catalina.startup.Catalina.start 서버가 [1420] 밀리초 내에 시작되었습니다.
21-Aug-2022 14:10:05.908 INFO [main] org.apache.catalina.core.StandardServer.await 셧다운 포트를 통해 유효한 셧다운 명령을 받았습니다. 서버 인스턴스를 중지시킵니다.
21-Aug-2022 14:10:05.909 INFO [main] org.apache.coyote.AbstractProtocol.pause 프로토콜 핸들러 ["http-nio-8080"]을(를) 일시 정지 중
21-Aug-2022 14:10:05.918 INFO [main] org.apache.catalina.core.StandardService.stopInternal 서비스 [Catalina]을(를) 중지시킵니다.
21-Aug-2022 14:10:05.929 WARNING [main] org.apache.catalina.loader.WebappClassLoaderBase.clearReferencesJdbc 웹 애플리케이션 [ROOT]이(가) JDBC 드라이버 [oracle.jdbc.OracleDriver]을(를) 등록했지만, 웹 애플리케이션이 중지될 때, 해당 JDBC 드라이버의 등록을 제거하지 못했습니다. 메모리 누수를 방지하기 위하여, 등록을 강제로 제거했습니다.
21-Aug-2022 14:10:05.930 WARNING [main] org.apache.catalina.loader.WebappClassLoaderBase.clearReferencesObjectStreamClassCaches Java 9 또는 이후 버전을 사용할 때에는, "--add-opens=java.base/java.io=ALL-UNNAMED" 을(를) JVM 명령행 아규먼트들에 추가해서, ObjectStream 캐시 메모리 릭 방지 옵션을 활성화할 필요가 있습니다. 또는 원하시는 경우, ObjectStream 클래스 캐시 메모리 릭 방지 옵션을 비활성화해서 이 경고 메시지를 없앨 수도 있습니다.
21-Aug-2022 14:10:05.931 WARNING [main] org.apache.catalina.loader.WebappClassLoaderBase.checkThreadLocalsForLeaks Java 9 환경에서 실행할 때에는, ThreadLocal 메모리 누수 탐지를 위하여, "--add-opens=java.base/java.lang=ALL-UNNAMED"를 JVM 명령 행 아규먼트들에 추가해야 합니다. 또는, ThreadLocal 메모리 누수 탐지를 사용불능 상태로 설정함으로써, 이 경고 메시지를 없앨 수도 있습니다.
21-Aug-2022 14:10:05.932 WARNING [main] org.apache.catalina.loader.WebappClassLoaderBase.clearReferencesRmiTargets Java 9에서 실행하면서 RMI Target 메모리 누수 탐지를 사용 가능하게 하려면, "--add-opens=java.rmi/sun.rmi.transport=ALL-UNNAMED"를 JVM 명령 행 아규먼트에 추가해야 합니다. 또는, RMI Target 메모리 누수 탐지를 사용불능 상태로 설정함으로써, 이 경고를 없앨 수도 있습니다.
21-Aug-2022 14:10:05.941 WARNING [main] org.apache.catalina.loader.WebappClassLoaderBase.clearReferencesObjectStreamClassCaches Java 9 또는 이후 버전을 사용할 때에는, "--add-opens=java.base/java.io=ALL-UNNAMED" 을(를) JVM 명령행 아규먼트들에 추가해서, ObjectStream 캐시 메모리 릭 방지 옵션을 활성화할 필요가 있습니다. 또는 원하시는 경우, ObjectStream 클래스 캐시 메모리 릭 방지 옵션을 비활성화해서 이 경고 메시지를 없앨 수도 있습니다.
21-Aug-2022 14:10:05.942 WARNING [main] org.apache.catalina.loader.WebappClassLoaderBase.checkThreadLocalsForLeaks Java 9 환경에서 실행할 때에는, ThreadLocal 메모리 누수 탐지를 위하여, "--add-opens=java.base/java.lang=ALL-UNNAMED"를 JVM 명령 행 아규먼트들에 추가해야 합니다. 또는, ThreadLocal 메모리 누수 탐지를 사용불능 상태로 설정함으로써, 이 경고 메시지를 없앨 수도 있습니다.
21-Aug-2022 14:10:05.942 WARNING [main] org.apache.catalina.loader.WebappClassLoaderBase.clearReferencesRmiTargets Java 9에서 실행하면서 RMI Target 메모리 누수 탐지를 사용 가능하게 하려면, "--add-opens=java.rmi/sun.rmi.transport=ALL-UNNAMED"를 JVM 명령 행 아규먼트에 추가해야 합니다. 또는, RMI Target 메모리 누수 탐지를 사용불능 상태로 설정함으로써, 이 경고를 없앨 수도 있습니다.
21-Aug-2022 14:10:05.944 WARNING [main] org.apache.catalina.loader.WebappClassLoaderBase.clearReferencesObjectStreamClassCaches Java 9 또는 이후 버전을 사용할 때에는, "--add-opens=java.base/java.io=ALL-UNNAMED" 을(를) JVM 명령행 아규먼트들에 추가해서, ObjectStream 캐시 메모리 릭 방지 옵션을 활성화할 필요가 있습니다. 또는 원하시는 경우, ObjectStream 클래스 캐시 메모리 릭 방지 옵션을 비활성화해서 이 경고 메시지를 없앨 수도 있습니다.
21-Aug-2022 14:10:05.944 WARNING [main] org.apache.catalina.loader.WebappClassLoaderBase.checkThreadLocalsForLeaks Java 9 환경에서 실행할 때에는, ThreadLocal 메모리 누수 탐지를 위하여, "--add-opens=java.base/java.lang=ALL-UNNAMED"를 JVM 명령 행 아규먼트들에 추가해야 합니다. 또는, ThreadLocal 메모리 누수 탐지를 사용불능 상태로 설정함으로써, 이 경고 메시지를 없앨 수도 있습니다.
21-Aug-2022 14:10:05.945 WARNING [main] org.apache.catalina.loader.WebappClassLoaderBase.clearReferencesRmiTargets Java 9에서 실행하면서 RMI Target 메모리 누수 탐지를 사용 가능하게 하려면, "--add-opens=java.rmi/sun.rmi.transport=ALL-UNNAMED"를 JVM 명령 행 아규먼트에 추가해야 합니다. 또는, RMI Target 메모리 누수 탐지를 사용불능 상태로 설정함으로써, 이 경고를 없앨 수도 있습니다.
21-Aug-2022 14:10:05.947 WARNING [main] org.apache.catalina.loader.WebappClassLoaderBase.clearReferencesObjectStreamClassCaches Java 9 또는 이후 버전을 사용할 때에는, "--add-opens=java.base/java.io=ALL-UNNAMED" 을(를) JVM 명령행 아규먼트들에 추가해서, ObjectStream 캐시 메모리 릭 방지 옵션을 활성화할 필요가 있습니다. 또는 원하시는 경우, ObjectStream 클래스 캐시 메모리 릭 방지 옵션을 비활성화해서 이 경고 메시지를 없앨 수도 있습니다.
21-Aug-2022 14:10:05.948 WARNING [main] org.apache.catalina.loader.WebappClassLoaderBase.checkThreadLocalsForLeaks Java 9 환경에서 실행할 때에는, ThreadLocal 메모리 누수 탐지를 위하여, "--add-opens=java.base/java.lang=ALL-UNNAMED"를 JVM 명령 행 아규먼트들에 추가해야 합니다. 또는, ThreadLocal 메모리 누수 탐지를 사용불능 상태로 설정함으로써, 이 경고 메시지를 없앨 수도 있습니다.
21-Aug-2022 14:10:05.948 WARNING [main] org.apache.catalina.loader.WebappClassLoaderBase.clearReferencesRmiTargets Java 9에서 실행하면서 RMI Target 메모리 누수 탐지를 사용 가능하게 하려면, "--add-opens=java.rmi/sun.rmi.transport=ALL-UNNAMED"를 JVM 명령 행 아규먼트에 추가해야 합니다. 또는, RMI Target 메모리 누수 탐지를 사용불능 상태로 설정함으로써, 이 경고를 없앨 수도 있습니다.
21-Aug-2022 14:10:05.950 WARNING [main] org.apache.catalina.loader.WebappClassLoaderBase.clearReferencesObjectStreamClassCaches Java 9 또는 이후 버전을 사용할 때에는, "--add-opens=java.base/java.io=ALL-UNNAMED" 을(를) JVM 명령행 아규먼트들에 추가해서, ObjectStream 캐시 메모리 릭 방지 옵션을 활성화할 필요가 있습니다. 또는 원하시는 경우, ObjectStream 클래스 캐시 메모리 릭 방지 옵션을 비활성화해서 이 경고 메시지를 없앨 수도 있습니다.
21-Aug-2022 14:10:05.950 WARNING [main] org.apache.catalina.loader.WebappClassLoaderBase.checkThreadLocalsForLeaks Java 9 환경에서 실행할 때에는, ThreadLocal 메모리 누수 탐지를 위하여, "--add-opens=java.base/java.lang=ALL-UNNAMED"를 JVM 명령 행 아규먼트들에 추가해야 합니다. 또는, ThreadLocal 메모리 누수 탐지를 사용불능 상태로 설정함으로써, 이 경고 메시지를 없앨 수도 있습니다.
21-Aug-2022 14:10:05.950 WARNING [main] org.apache.catalina.loader.WebappClassLoaderBase.clearReferencesRmiTargets Java 9에서 실행하면서 RMI Target 메모리 누수 탐지를 사용 가능하게 하려면, "--add-opens=java.rmi/sun.rmi.transport=ALL-UNNAMED"를 JVM 명령 행 아규먼트에 추가해야 합니다. 또는, RMI Target 메모리 누수 탐지를 사용불능 상태로 설정함으로써, 이 경고를 없앨 수도 있습니다.
21-Aug-2022 14:10:05.950 INFO [main] org.apache.coyote.AbstractProtocol.stop 프로토콜 핸들러 ["http-nio-8080"]을(를) 중지시킵니다.
21-Aug-2022 14:10:05.963 INFO [main] org.apache.coyote.AbstractProtocol.destroy 프로토콜 핸들러 ["http-nio-8080"]을(를) 소멸시킵니다.
21-Aug-2022 14:10:07.130 INFO [main] org.apache.catalina.startup.VersionLoggerListener.log 서버 버전 이름:    Apache Tomcat/9.0.65
21-Aug-2022 14:10:07.133 INFO [main] org.apache.catalina.startup.VersionLoggerListener.log Server 빌드 시각:  Jul 14 2022 12:28:53 UTC
21-Aug-2022 14:10:07.133 INFO [main] org.apache.catalina.startup.VersionLoggerListener.log Server 버전 번호:  9.0.65.0
21-Aug-2022 14:10:07.133 INFO [main] org.apache.catalina.startup.VersionLoggerListener.log 운영체제 이름:     Windows 11
21-Aug-2022 14:10:07.133 INFO [main] org.apache.catalina.startup.VersionLoggerListener.log 운영체제 버전:     10.0
21-Aug-2022 14:10:07.133 INFO [main] org.apache.catalina.startup.VersionLoggerListener.log 아키텍처:          amd64
21-Aug-2022 14:10:07.133 INFO [main] org.apache.catalina.startup.VersionLoggerListener.log 자바 홈:           C:\Program Files\Java\jdk-17.0.4
21-Aug-2022 14:10:07.133 INFO [main] org.apache.catalina.startup.VersionLoggerListener.log JVM 버전:          17.0.4+11-LTS-179
21-Aug-2022 14:10:07.133 INFO [main] org.apache.catalina.startup.VersionLoggerListener.log JVM 벤더:          Oracle Corporation
21-Aug-2022 14:10:07.133 INFO [main] org.apache.catalina.startup.VersionLoggerListener.log CATALINA_BASE:     C:\swedu\SW_developer_edu(back)\5th_week\jsp\apache-tomcat-9.0.65
21-Aug-2022 14:10:07.134 INFO [main] org.apache.catalina.startup.VersionLoggerListener.log CATALINA_HOME:     C:\swedu\SW_developer_edu(back)\5th_week\jsp\apache-tomcat-9.0.65
21-Aug-2022 14:10:07.141 INFO [main] org.apache.catalina.startup.VersionLoggerListener.log 명령 행 아규먼트:  -Djava.util.logging.config.file=c:\swedu\SW_developer_edu(back)\5th_week\jsp\apache-tomcat-9.0.65/conf/logging.properties
21-Aug-2022 14:10:07.141 INFO [main] org.apache.catalina.startup.VersionLoggerListener.log 명령 행 아규먼트:  -Djava.util.logging.manager=org.apache.juli.ClassLoaderLogManager
21-Aug-2022 14:10:07.141 INFO [main] org.apache.catalina.startup.VersionLoggerListener.log 명령 행 아규먼트:  -Djdk.tls.ephemeralDHKeySize=2048
21-Aug-2022 14:10:07.142 INFO [main] org.apache.catalina.startup.VersionLoggerListener.log 명령 행 아규먼트:  -Djava.protocol.handler.pkgs=org.apache.catalina.webresources
21-Aug-2022 14:10:07.142 INFO [main] org.apache.catalina.startup.VersionLoggerListener.log 명령 행 아규먼트:  -Dorg.apache.catalina.security.SecurityListener.UMASK=0027
21-Aug-2022 14:10:07.142 INFO [main] org.apache.catalina.startup.VersionLoggerListener.log 명령 행 아규먼트:  -Dcatalina.base=c:\swedu\SW_developer_edu(back)\5th_week\jsp\apache-tomcat-9.0.65
21-Aug-2022 14:10:07.142 INFO [main] org.apache.catalina.startup.VersionLoggerListener.log 명령 행 아규먼트:  -Dcatalina.home=c:\swedu\SW_developer_edu(back)\5th_week\jsp\apache-tomcat-9.0.65
21-Aug-2022 14:10:07.142 INFO [main] org.apache.catalina.startup.VersionLoggerListener.log 명령 행 아규먼트:  -Djava.io.tmpdir=c:\swedu\SW_developer_edu(back)\5th_week\jsp\apache-tomcat-9.0.65/temp
21-Aug-2022 14:10:07.145 INFO [main] org.apache.catalina.core.AprLifecycleListener.lifecycleEvent APR 버전 [1.7.0]을(를) 사용한, APR 기반 Apache Tomcat Native 라이브러리 [1.2.35]을(를) 로드했습니다.
21-Aug-2022 14:10:07.145 INFO [main] org.apache.catalina.core.AprLifecycleListener.lifecycleEvent APR 용량정보들: IPv6 [true], sendfile [true], accept filters [false], random [true], UDS [true].
21-Aug-2022 14:10:07.145 INFO [main] org.apache.catalina.core.AprLifecycleListener.lifecycleEvent APR/OpenSSL 설정: useAprConnector [false], useOpenSSL [true]
21-Aug-2022 14:10:07.149 INFO [main] org.apache.catalina.core.AprLifecycleListener.initializeSSL OpenSSL이 성공적으로 초기화되었습니다: [OpenSSL 1.1.1q  5 Jul 2022]
21-Aug-2022 14:10:07.337 INFO [main] org.apache.coyote.AbstractProtocol.init 프로토콜 핸들러 ["http-nio-8080"]을(를) 초기화합니다.
21-Aug-2022 14:10:07.353 INFO [main] org.apache.catalina.startup.Catalina.load [345] 밀리초 내에 서버가 초기화되었습니다.
21-Aug-2022 14:10:07.382 INFO [main] org.apache.catalina.core.StandardService.startInternal 서비스 [Catalina]을(를) 시작합니다.
21-Aug-2022 14:10:07.382 INFO [main] org.apache.catalina.core.StandardEngine.startInternal 서버 엔진을 시작합니다: [Apache Tomcat/9.0.65]
21-Aug-2022 14:10:07.388 INFO [main] org.apache.catalina.startup.HostConfig.deployDirectory 웹 애플리케이션 디렉토리 [C:\swedu\SW_developer_edu(back)\5th_week\jsp\apache-tomcat-9.0.65\webapps\docs]을(를) 배치합니다.
21-Aug-2022 14:10:07.709 INFO [main] org.apache.jasper.servlet.TldScanner.scanJars 적어도 하나의 JAR가 TLD들을 찾기 위해 스캔되었으나 아무 것도 찾지 못했습니다. 스캔했으나 TLD가 없는 JAR들의 전체 목록을 보시려면, 로그 레벨을 디버그 레벨로 설정하십시오. 스캔 과정에서 불필요한 JAR들을 건너뛰면, 시스템 시작 시간과 JSP 컴파일 시간을 단축시킬 수 있습니다.
21-Aug-2022 14:10:07.781 INFO [main] org.apache.catalina.startup.HostConfig.deployDirectory 웹 애플리케이션 디렉토리 [C:\swedu\SW_developer_edu(back)\5th_week\jsp\apache-tomcat-9.0.65\webapps\docs]에 대한 배치가 [391] 밀리초에 완료되었습니다.
21-Aug-2022 14:10:07.781 INFO [main] org.apache.catalina.startup.HostConfig.deployDirectory 웹 애플리케이션 디렉토리 [C:\swedu\SW_developer_edu(back)\5th_week\jsp\apache-tomcat-9.0.65\webapps\examples]을(를) 배치합니다.
21-Aug-2022 14:10:08.164 INFO [main] org.apache.jasper.servlet.TldScanner.scanJars 적어도 하나의 JAR가 TLD들을 찾기 위해 스캔되었으나 아무 것도 찾지 못했습니다. 스캔했으나 TLD가 없는 JAR들의 전체 목록을 보시려면, 로그 레벨을 디버그 레벨로 설정하십시오. 스캔 과정에서 불필요한 JAR들을 건너뛰면, 시스템 시작 시간과 JSP 컴파일 시간을 단축시킬 수 있습니다.
21-Aug-2022 14:10:08.217 INFO [main] org.apache.catalina.startup.HostConfig.deployDirectory 웹 애플리케이션 디렉토리 [C:\swedu\SW_developer_edu(back)\5th_week\jsp\apache-tomcat-9.0.65\webapps\examples]에 대한 배치가 [436] 밀리초에 완료되었습니다.
21-Aug-2022 14:10:08.218 INFO [main] org.apache.catalina.startup.HostConfig.deployDirectory 웹 애플리케이션 디렉토리 [C:\swedu\SW_developer_edu(back)\5th_week\jsp\apache-tomcat-9.0.65\webapps\host-manager]을(를) 배치합니다.
21-Aug-2022 14:10:08.373 INFO [main] org.apache.jasper.servlet.TldScanner.scanJars 적어도 하나의 JAR가 TLD들을 찾기 위해 스캔되었으나 아무 것도 찾지 못했습니다. 스캔했으나 TLD가 없는 JAR들의 전체 목록을 보시려면, 로그 레벨을 디버그 레벨로 설정하십시오. 스캔 과정에서 불필요한 JAR들을 건너뛰면, 시스템 시작 시간과 JSP 컴파일 시간을 단축시킬 수 있습니다.
21-Aug-2022 14:10:08.379 INFO [main] org.apache.catalina.startup.HostConfig.deployDirectory 웹 애플리케이션 디렉토리 [C:\swedu\SW_developer_edu(back)\5th_week\jsp\apache-tomcat-9.0.65\webapps\host-manager]에 대한 배치가 [160] 밀리초에 완료되었습니다.
21-Aug-2022 14:10:08.379 INFO [main] org.apache.catalina.startup.HostConfig.deployDirectory 웹 애플리케이션 디렉토리 [C:\swedu\SW_developer_edu(back)\5th_week\jsp\apache-tomcat-9.0.65\webapps\manager]을(를) 배치합니다.
21-Aug-2022 14:10:08.554 INFO [main] org.apache.jasper.servlet.TldScanner.scanJars 적어도 하나의 JAR가 TLD들을 찾기 위해 스캔되었으나 아무 것도 찾지 못했습니다. 스캔했으나 TLD가 없는 JAR들의 전체 목록을 보시려면, 로그 레벨을 디버그 레벨로 설정하십시오. 스캔 과정에서 불필요한 JAR들을 건너뛰면, 시스템 시작 시간과 JSP 컴파일 시간을 단축시킬 수 있습니다.
21-Aug-2022 14:10:08.556 INFO [main] org.apache.catalina.startup.HostConfig.deployDirectory 웹 애플리케이션 디렉토리 [C:\swedu\SW_developer_edu(back)\5th_week\jsp\apache-tomcat-9.0.65\webapps\manager]에 대한 배치가 [177] 밀리초에 완료되었습니다.
21-Aug-2022 14:10:08.556 INFO [main] org.apache.catalina.startup.HostConfig.deployDirectory 웹 애플리케이션 디렉토리 [C:\swedu\SW_developer_edu(back)\5th_week\jsp\apache-tomcat-9.0.65\webapps\ROOT]을(를) 배치합니다.
21-Aug-2022 14:10:08.721 INFO [main] java.util.ArrayList.forEach Name = OracleDB Ignoring unknown property: value of "Connection" for "description" property
21-Aug-2022 14:10:08.746 INFO [main] org.apache.jasper.servlet.TldScanner.scanJars 적어도 하나의 JAR가 TLD들을 찾기 위해 스캔되었으나 아무 것도 찾지 못했습니다. 스캔했으나 TLD가 없는 JAR들의 전체 목록을 보시려면, 로그 레벨을 디버그 레벨로 설정하십시오. 스캔 과정에서 불필요한 JAR들을 건너뛰면, 시스템 시작 시간과 JSP 컴파일 시간을 단축시킬 수 있습니다.
21-Aug-2022 14:10:08.756 INFO [main] org.apache.catalina.startup.HostConfig.deployDirectory 웹 애플리케이션 디렉토리 [C:\swedu\SW_developer_edu(back)\5th_week\jsp\apache-tomcat-9.0.65\webapps\ROOT]에 대한 배치가 [200] 밀리초에 완료되었습니다.
21-Aug-2022 14:10:08.759 INFO [main] org.apache.coyote.AbstractProtocol.start 프로토콜 핸들러 ["http-nio-8080"]을(를) 시작합니다.
21-Aug-2022 14:10:08.809 INFO [main] org.apache.catalina.startup.Catalina.start 서버가 [1454] 밀리초 내에 시작되었습니다.
21-Aug-2022 19:13:40.773 INFO [main] org.apache.catalina.core.StandardServer.await 셧다운 포트를 통해 유효한 셧다운 명령을 받았습니다. 서버 인스턴스를 중지시킵니다.
21-Aug-2022 19:13:40.774 INFO [main] org.apache.coyote.AbstractProtocol.pause 프로토콜 핸들러 ["http-nio-8080"]을(를) 일시 정지 중
21-Aug-2022 19:13:40.782 INFO [main] org.apache.catalina.core.StandardService.stopInternal 서비스 [Catalina]을(를) 중지시킵니다.
21-Aug-2022 19:13:40.792 WARNING [main] org.apache.catalina.loader.WebappClassLoaderBase.clearReferencesJdbc 웹 애플리케이션 [ROOT]이(가) JDBC 드라이버 [oracle.jdbc.OracleDriver]을(를) 등록했지만, 웹 애플리케이션이 중지될 때, 해당 JDBC 드라이버의 등록을 제거하지 못했습니다. 메모리 누수를 방지하기 위하여, 등록을 강제로 제거했습니다.
21-Aug-2022 19:13:40.793 WARNING [main] org.apache.catalina.loader.WebappClassLoaderBase.clearReferencesObjectStreamClassCaches Java 9 또는 이후 버전을 사용할 때에는, "--add-opens=java.base/java.io=ALL-UNNAMED" 을(를) JVM 명령행 아규먼트들에 추가해서, ObjectStream 캐시 메모리 릭 방지 옵션을 활성화할 필요가 있습니다. 또는 원하시는 경우, ObjectStream 클래스 캐시 메모리 릭 방지 옵션을 비활성화해서 이 경고 메시지를 없앨 수도 있습니다.
21-Aug-2022 19:13:40.793 WARNING [main] org.apache.catalina.loader.WebappClassLoaderBase.checkThreadLocalsForLeaks Java 9 환경에서 실행할 때에는, ThreadLocal 메모리 누수 탐지를 위하여, "--add-opens=java.base/java.lang=ALL-UNNAMED"를 JVM 명령 행 아규먼트들에 추가해야 합니다. 또는, ThreadLocal 메모리 누수 탐지를 사용불능 상태로 설정함으로써, 이 경고 메시지를 없앨 수도 있습니다.
21-Aug-2022 19:13:40.795 WARNING [main] org.apache.catalina.loader.WebappClassLoaderBase.clearReferencesRmiTargets Java 9에서 실행하면서 RMI Target 메모리 누수 탐지를 사용 가능하게 하려면, "--add-opens=java.rmi/sun.rmi.transport=ALL-UNNAMED"를 JVM 명령 행 아규먼트에 추가해야 합니다. 또는, RMI Target 메모리 누수 탐지를 사용불능 상태로 설정함으로써, 이 경고를 없앨 수도 있습니다.
21-Aug-2022 19:13:40.803 WARNING [main] org.apache.catalina.loader.WebappClassLoaderBase.clearReferencesObjectStreamClassCaches Java 9 또는 이후 버전을 사용할 때에는, "--add-opens=java.base/java.io=ALL-UNNAMED" 을(를) JVM 명령행 아규먼트들에 추가해서, ObjectStream 캐시 메모리 릭 방지 옵션을 활성화할 필요가 있습니다. 또는 원하시는 경우, ObjectStream 클래스 캐시 메모리 릭 방지 옵션을 비활성화해서 이 경고 메시지를 없앨 수도 있습니다.
21-Aug-2022 19:13:40.803 WARNING [main] org.apache.catalina.loader.WebappClassLoaderBase.checkThreadLocalsForLeaks Java 9 환경에서 실행할 때에는, ThreadLocal 메모리 누수 탐지를 위하여, "--add-opens=java.base/java.lang=ALL-UNNAMED"를 JVM 명령 행 아규먼트들에 추가해야 합니다. 또는, ThreadLocal 메모리 누수 탐지를 사용불능 상태로 설정함으로써, 이 경고 메시지를 없앨 수도 있습니다.
21-Aug-2022 19:13:40.803 WARNING [main] org.apache.catalina.loader.WebappClassLoaderBase.clearReferencesRmiTargets Java 9에서 실행하면서 RMI Target 메모리 누수 탐지를 사용 가능하게 하려면, "--add-opens=java.rmi/sun.rmi.transport=ALL-UNNAMED"를 JVM 명령 행 아규먼트에 추가해야 합니다. 또는, RMI Target 메모리 누수 탐지를 사용불능 상태로 설정함으로써, 이 경고를 없앨 수도 있습니다.
21-Aug-2022 19:13:40.805 WARNING [main] org.apache.catalina.loader.WebappClassLoaderBase.clearReferencesObjectStreamClassCaches Java 9 또는 이후 버전을 사용할 때에는, "--add-opens=java.base/java.io=ALL-UNNAMED" 을(를) JVM 명령행 아규먼트들에 추가해서, ObjectStream 캐시 메모리 릭 방지 옵션을 활성화할 필요가 있습니다. 또는 원하시는 경우, ObjectStream 클래스 캐시 메모리 릭 방지 옵션을 비활성화해서 이 경고 메시지를 없앨 수도 있습니다.
21-Aug-2022 19:13:40.806 WARNING [main] org.apache.catalina.loader.WebappClassLoaderBase.checkThreadLocalsForLeaks Java 9 환경에서 실행할 때에는, ThreadLocal 메모리 누수 탐지를 위하여, "--add-opens=java.base/java.lang=ALL-UNNAMED"를 JVM 명령 행 아규먼트들에 추가해야 합니다. 또는, ThreadLocal 메모리 누수 탐지를 사용불능 상태로 설정함으로써, 이 경고 메시지를 없앨 수도 있습니다.
21-Aug-2022 19:13:40.806 WARNING [main] org.apache.catalina.loader.WebappClassLoaderBase.clearReferencesRmiTargets Java 9에서 실행하면서 RMI Target 메모리 누수 탐지를 사용 가능하게 하려면, "--add-opens=java.rmi/sun.rmi.transport=ALL-UNNAMED"를 JVM 명령 행 아규먼트에 추가해야 합니다. 또는, RMI Target 메모리 누수 탐지를 사용불능 상태로 설정함으로써, 이 경고를 없앨 수도 있습니다.
21-Aug-2022 19:13:40.809 WARNING [main] org.apache.catalina.loader.WebappClassLoaderBase.clearReferencesObjectStreamClassCaches Java 9 또는 이후 버전을 사용할 때에는, "--add-opens=java.base/java.io=ALL-UNNAMED" 을(를) JVM 명령행 아규먼트들에 추가해서, ObjectStream 캐시 메모리 릭 방지 옵션을 활성화할 필요가 있습니다. 또는 원하시는 경우, ObjectStream 클래스 캐시 메모리 릭 방지 옵션을 비활성화해서 이 경고 메시지를 없앨 수도 있습니다.
21-Aug-2022 19:13:40.809 WARNING [main] org.apache.catalina.loader.WebappClassLoaderBase.checkThreadLocalsForLeaks Java 9 환경에서 실행할 때에는, ThreadLocal 메모리 누수 탐지를 위하여, "--add-opens=java.base/java.lang=ALL-UNNAMED"를 JVM 명령 행 아규먼트들에 추가해야 합니다. 또는, ThreadLocal 메모리 누수 탐지를 사용불능 상태로 설정함으로써, 이 경고 메시지를 없앨 수도 있습니다.
21-Aug-2022 19:13:40.809 WARNING [main] org.apache.catalina.loader.WebappClassLoaderBase.clearReferencesRmiTargets Java 9에서 실행하면서 RMI Target 메모리 누수 탐지를 사용 가능하게 하려면, "--add-opens=java.rmi/sun.rmi.transport=ALL-UNNAMED"를 JVM 명령 행 아규먼트에 추가해야 합니다. 또는, RMI Target 메모리 누수 탐지를 사용불능 상태로 설정함으로써, 이 경고를 없앨 수도 있습니다.
21-Aug-2022 19:13:40.811 WARNING [main] org.apache.catalina.loader.WebappClassLoaderBase.clearReferencesObjectStreamClassCaches Java 9 또는 이후 버전을 사용할 때에는, "--add-opens=java.base/java.io=ALL-UNNAMED" 을(를) JVM 명령행 아규먼트들에 추가해서, ObjectStream 캐시 메모리 릭 방지 옵션을 활성화할 필요가 있습니다. 또는 원하시는 경우, ObjectStream 클래스 캐시 메모리 릭 방지 옵션을 비활성화해서 이 경고 메시지를 없앨 수도 있습니다.
21-Aug-2022 19:13:40.811 WARNING [main] org.apache.catalina.loader.WebappClassLoaderBase.checkThreadLocalsForLeaks Java 9 환경에서 실행할 때에는, ThreadLocal 메모리 누수 탐지를 위하여, "--add-opens=java.base/java.lang=ALL-UNNAMED"를 JVM 명령 행 아규먼트들에 추가해야 합니다. 또는, ThreadLocal 메모리 누수 탐지를 사용불능 상태로 설정함으로써, 이 경고 메시지를 없앨 수도 있습니다.
21-Aug-2022 19:13:40.811 WARNING [main] org.apache.catalina.loader.WebappClassLoaderBase.clearReferencesRmiTargets Java 9에서 실행하면서 RMI Target 메모리 누수 탐지를 사용 가능하게 하려면, "--add-opens=java.rmi/sun.rmi.transport=ALL-UNNAMED"를 JVM 명령 행 아규먼트에 추가해야 합니다. 또는, RMI Target 메모리 누수 탐지를 사용불능 상태로 설정함으로써, 이 경고를 없앨 수도 있습니다.
21-Aug-2022 19:13:40.812 INFO [main] org.apache.coyote.AbstractProtocol.stop 프로토콜 핸들러 ["http-nio-8080"]을(를) 중지시킵니다.
21-Aug-2022 19:13:40.817 INFO [main] org.apache.coyote.AbstractProtocol.destroy 프로토콜 핸들러 ["http-nio-8080"]을(를) 소멸시킵니다.
21-Aug-2022 19:13:42.386 INFO [main] org.apache.catalina.startup.VersionLoggerListener.log 서버 버전 이름:    Apache Tomcat/9.0.65
21-Aug-2022 19:13:42.390 INFO [main] org.apache.catalina.startup.VersionLoggerListener.log Server 빌드 시각:  Jul 14 2022 12:28:53 UTC
21-Aug-2022 19:13:42.390 INFO [main] org.apache.catalina.startup.VersionLoggerListener.log Server 버전 번호:  9.0.65.0
21-Aug-2022 19:13:42.390 INFO [main] org.apache.catalina.startup.VersionLoggerListener.log 운영체제 이름:     Windows 11
21-Aug-2022 19:13:42.390 INFO [main] org.apache.catalina.startup.VersionLoggerListener.log 운영체제 버전:     10.0
21-Aug-2022 19:13:42.390 INFO [main] org.apache.catalina.startup.VersionLoggerListener.log 아키텍처:          amd64
21-Aug-2022 19:13:42.391 INFO [main] org.apache.catalina.startup.VersionLoggerListener.log 자바 홈:           C:\Program Files\Java\jdk-17.0.4
21-Aug-2022 19:13:42.391 INFO [main] org.apache.catalina.startup.VersionLoggerListener.log JVM 버전:          17.0.4+11-LTS-179
21-Aug-2022 19:13:42.391 INFO [main] org.apache.catalina.startup.VersionLoggerListener.log JVM 벤더:          Oracle Corporation
21-Aug-2022 19:13:42.391 INFO [main] org.apache.catalina.startup.VersionLoggerListener.log CATALINA_BASE:     C:\swedu\SW_developer_edu(back)\5th_week\jsp\apache-tomcat-9.0.65
21-Aug-2022 19:13:42.391 INFO [main] org.apache.catalina.startup.VersionLoggerListener.log CATALINA_HOME:     C:\swedu\SW_developer_edu(back)\5th_week\jsp\apache-tomcat-9.0.65
21-Aug-2022 19:13:42.403 INFO [main] org.apache.catalina.startup.VersionLoggerListener.log 명령 행 아규먼트:  -Djava.util.logging.config.file=c:\swedu\SW_developer_edu(back)\5th_week\jsp\apache-tomcat-9.0.65/conf/logging.properties
21-Aug-2022 19:13:42.404 INFO [main] org.apache.catalina.startup.VersionLoggerListener.log 명령 행 아규먼트:  -Djava.util.logging.manager=org.apache.juli.ClassLoaderLogManager
21-Aug-2022 19:13:42.404 INFO [main] org.apache.catalina.startup.VersionLoggerListener.log 명령 행 아규먼트:  -Djdk.tls.ephemeralDHKeySize=2048
21-Aug-2022 19:13:42.404 INFO [main] org.apache.catalina.startup.VersionLoggerListener.log 명령 행 아규먼트:  -Djava.protocol.handler.pkgs=org.apache.catalina.webresources
21-Aug-2022 19:13:42.404 INFO [main] org.apache.catalina.startup.VersionLoggerListener.log 명령 행 아규먼트:  -Dorg.apache.catalina.security.SecurityListener.UMASK=0027
21-Aug-2022 19:13:42.404 INFO [main] org.apache.catalina.startup.VersionLoggerListener.log 명령 행 아규먼트:  -Dcatalina.base=c:\swedu\SW_developer_edu(back)\5th_week\jsp\apache-tomcat-9.0.65
21-Aug-2022 19:13:42.404 INFO [main] org.apache.catalina.startup.VersionLoggerListener.log 명령 행 아규먼트:  -Dcatalina.home=c:\swedu\SW_developer_edu(back)\5th_week\jsp\apache-tomcat-9.0.65
21-Aug-2022 19:13:42.404 INFO [main] org.apache.catalina.startup.VersionLoggerListener.log 명령 행 아규먼트:  -Djava.io.tmpdir=c:\swedu\SW_developer_edu(back)\5th_week\jsp\apache-tomcat-9.0.65/temp
21-Aug-2022 19:13:42.408 INFO [main] org.apache.catalina.core.AprLifecycleListener.lifecycleEvent APR 버전 [1.7.0]을(를) 사용한, APR 기반 Apache Tomcat Native 라이브러리 [1.2.35]을(를) 로드했습니다.
21-Aug-2022 19:13:42.408 INFO [main] org.apache.catalina.core.AprLifecycleListener.lifecycleEvent APR 용량정보들: IPv6 [true], sendfile [true], accept filters [false], random [true], UDS [true].
21-Aug-2022 19:13:42.408 INFO [main] org.apache.catalina.core.AprLifecycleListener.lifecycleEvent APR/OpenSSL 설정: useAprConnector [false], useOpenSSL [true]
21-Aug-2022 19:13:42.412 INFO [main] org.apache.catalina.core.AprLifecycleListener.initializeSSL OpenSSL이 성공적으로 초기화되었습니다: [OpenSSL 1.1.1q  5 Jul 2022]
21-Aug-2022 19:13:42.632 INFO [main] org.apache.coyote.AbstractProtocol.init 프로토콜 핸들러 ["http-nio-8080"]을(를) 초기화합니다.
21-Aug-2022 19:13:42.649 INFO [main] org.apache.catalina.startup.Catalina.load [394] 밀리초 내에 서버가 초기화되었습니다.
21-Aug-2022 19:13:42.677 INFO [main] org.apache.catalina.core.StandardService.startInternal 서비스 [Catalina]을(를) 시작합니다.
21-Aug-2022 19:13:42.677 INFO [main] org.apache.catalina.core.StandardEngine.startInternal 서버 엔진을 시작합니다: [Apache Tomcat/9.0.65]
21-Aug-2022 19:13:42.683 INFO [main] org.apache.catalina.startup.HostConfig.deployDirectory 웹 애플리케이션 디렉토리 [C:\swedu\SW_developer_edu(back)\5th_week\jsp\apache-tomcat-9.0.65\webapps\docs]을(를) 배치합니다.
21-Aug-2022 19:13:43.005 INFO [main] org.apache.jasper.servlet.TldScanner.scanJars 적어도 하나의 JAR가 TLD들을 찾기 위해 스캔되었으나 아무 것도 찾지 못했습니다. 스캔했으나 TLD가 없는 JAR들의 전체 목록을 보시려면, 로그 레벨을 디버그 레벨로 설정하십시오. 스캔 과정에서 불필요한 JAR들을 건너뛰면, 시스템 시작 시간과 JSP 컴파일 시간을 단축시킬 수 있습니다.
21-Aug-2022 19:13:43.078 INFO [main] org.apache.catalina.startup.HostConfig.deployDirectory 웹 애플리케이션 디렉토리 [C:\swedu\SW_developer_edu(back)\5th_week\jsp\apache-tomcat-9.0.65\webapps\docs]에 대한 배치가 [394] 밀리초에 완료되었습니다.
21-Aug-2022 19:13:43.079 INFO [main] org.apache.catalina.startup.HostConfig.deployDirectory 웹 애플리케이션 디렉토리 [C:\swedu\SW_developer_edu(back)\5th_week\jsp\apache-tomcat-9.0.65\webapps\examples]을(를) 배치합니다.
21-Aug-2022 19:13:43.466 INFO [main] org.apache.jasper.servlet.TldScanner.scanJars 적어도 하나의 JAR가 TLD들을 찾기 위해 스캔되었으나 아무 것도 찾지 못했습니다. 스캔했으나 TLD가 없는 JAR들의 전체 목록을 보시려면, 로그 레벨을 디버그 레벨로 설정하십시오. 스캔 과정에서 불필요한 JAR들을 건너뛰면, 시스템 시작 시간과 JSP 컴파일 시간을 단축시킬 수 있습니다.
21-Aug-2022 19:13:43.504 INFO [main] org.apache.catalina.startup.HostConfig.deployDirectory 웹 애플리케이션 디렉토리 [C:\swedu\SW_developer_edu(back)\5th_week\jsp\apache-tomcat-9.0.65\webapps\examples]에 대한 배치가 [425] 밀리초에 완료되었습니다.
21-Aug-2022 19:13:43.505 INFO [main] org.apache.catalina.startup.HostConfig.deployDirectory 웹 애플리케이션 디렉토리 [C:\swedu\SW_developer_edu(back)\5th_week\jsp\apache-tomcat-9.0.65\webapps\host-manager]을(를) 배치합니다.
21-Aug-2022 19:13:43.659 INFO [main] org.apache.jasper.servlet.TldScanner.scanJars 적어도 하나의 JAR가 TLD들을 찾기 위해 스캔되었으나 아무 것도 찾지 못했습니다. 스캔했으나 TLD가 없는 JAR들의 전체 목록을 보시려면, 로그 레벨을 디버그 레벨로 설정하십시오. 스캔 과정에서 불필요한 JAR들을 건너뛰면, 시스템 시작 시간과 JSP 컴파일 시간을 단축시킬 수 있습니다.
21-Aug-2022 19:13:43.665 INFO [main] org.apache.catalina.startup.HostConfig.deployDirectory 웹 애플리케이션 디렉토리 [C:\swedu\SW_developer_edu(back)\5th_week\jsp\apache-tomcat-9.0.65\webapps\host-manager]에 대한 배치가 [160] 밀리초에 완료되었습니다.
21-Aug-2022 19:13:43.666 INFO [main] org.apache.catalina.startup.HostConfig.deployDirectory 웹 애플리케이션 디렉토리 [C:\swedu\SW_developer_edu(back)\5th_week\jsp\apache-tomcat-9.0.65\webapps\manager]을(를) 배치합니다.
21-Aug-2022 19:13:43.812 INFO [main] org.apache.jasper.servlet.TldScanner.scanJars 적어도 하나의 JAR가 TLD들을 찾기 위해 스캔되었으나 아무 것도 찾지 못했습니다. 스캔했으나 TLD가 없는 JAR들의 전체 목록을 보시려면, 로그 레벨을 디버그 레벨로 설정하십시오. 스캔 과정에서 불필요한 JAR들을 건너뛰면, 시스템 시작 시간과 JSP 컴파일 시간을 단축시킬 수 있습니다.
21-Aug-2022 19:13:43.814 INFO [main] org.apache.catalina.startup.HostConfig.deployDirectory 웹 애플리케이션 디렉토리 [C:\swedu\SW_developer_edu(back)\5th_week\jsp\apache-tomcat-9.0.65\webapps\manager]에 대한 배치가 [149] 밀리초에 완료되었습니다.
21-Aug-2022 19:13:43.815 INFO [main] org.apache.catalina.startup.HostConfig.deployDirectory 웹 애플리케이션 디렉토리 [C:\swedu\SW_developer_edu(back)\5th_week\jsp\apache-tomcat-9.0.65\webapps\ROOT]을(를) 배치합니다.
21-Aug-2022 19:13:44.006 INFO [main] java.util.ArrayList.forEach Name = OracleDB Ignoring unknown property: value of "Connection" for "description" property
21-Aug-2022 19:13:44.036 INFO [main] org.apache.jasper.servlet.TldScanner.scanJars 적어도 하나의 JAR가 TLD들을 찾기 위해 스캔되었으나 아무 것도 찾지 못했습니다. 스캔했으나 TLD가 없는 JAR들의 전체 목록을 보시려면, 로그 레벨을 디버그 레벨로 설정하십시오. 스캔 과정에서 불필요한 JAR들을 건너뛰면, 시스템 시작 시간과 JSP 컴파일 시간을 단축시킬 수 있습니다.
21-Aug-2022 19:13:44.049 INFO [main] org.apache.catalina.startup.HostConfig.deployDirectory 웹 애플리케이션 디렉토리 [C:\swedu\SW_developer_edu(back)\5th_week\jsp\apache-tomcat-9.0.65\webapps\ROOT]에 대한 배치가 [235] 밀리초에 완료되었습니다.
21-Aug-2022 19:13:44.052 INFO [main] org.apache.coyote.AbstractProtocol.start 프로토콜 핸들러 ["http-nio-8080"]을(를) 시작합니다.
21-Aug-2022 19:13:44.108 INFO [main] org.apache.catalina.startup.Catalina.start 서버가 [1458] 밀리초 내에 시작되었습니다.
21-Aug-2022 19:42:25.704 INFO [main] org.apache.catalina.core.StandardServer.await 셧다운 포트를 통해 유효한 셧다운 명령을 받았습니다. 서버 인스턴스를 중지시킵니다.
21-Aug-2022 19:42:25.705 INFO [main] org.apache.coyote.AbstractProtocol.pause 프로토콜 핸들러 ["http-nio-8080"]을(를) 일시 정지 중
21-Aug-2022 19:42:25.714 INFO [main] org.apache.catalina.core.StandardService.stopInternal 서비스 [Catalina]을(를) 중지시킵니다.
21-Aug-2022 19:42:25.720 WARNING [main] org.apache.catalina.loader.WebappClassLoaderBase.clearReferencesJdbc 웹 애플리케이션 [ROOT]이(가) JDBC 드라이버 [oracle.jdbc.OracleDriver]을(를) 등록했지만, 웹 애플리케이션이 중지될 때, 해당 JDBC 드라이버의 등록을 제거하지 못했습니다. 메모리 누수를 방지하기 위하여, 등록을 강제로 제거했습니다.
21-Aug-2022 19:42:25.721 WARNING [main] org.apache.catalina.loader.WebappClassLoaderBase.clearReferencesObjectStreamClassCaches Java 9 또는 이후 버전을 사용할 때에는, "--add-opens=java.base/java.io=ALL-UNNAMED" 을(를) JVM 명령행 아규먼트들에 추가해서, ObjectStream 캐시 메모리 릭 방지 옵션을 활성화할 필요가 있습니다. 또는 원하시는 경우, ObjectStream 클래스 캐시 메모리 릭 방지 옵션을 비활성화해서 이 경고 메시지를 없앨 수도 있습니다.
21-Aug-2022 19:42:25.721 WARNING [main] org.apache.catalina.loader.WebappClassLoaderBase.checkThreadLocalsForLeaks Java 9 환경에서 실행할 때에는, ThreadLocal 메모리 누수 탐지를 위하여, "--add-opens=java.base/java.lang=ALL-UNNAMED"를 JVM 명령 행 아규먼트들에 추가해야 합니다. 또는, ThreadLocal 메모리 누수 탐지를 사용불능 상태로 설정함으로써, 이 경고 메시지를 없앨 수도 있습니다.
21-Aug-2022 19:42:25.722 WARNING [main] org.apache.catalina.loader.WebappClassLoaderBase.clearReferencesRmiTargets Java 9에서 실행하면서 RMI Target 메모리 누수 탐지를 사용 가능하게 하려면, "--add-opens=java.rmi/sun.rmi.transport=ALL-UNNAMED"를 JVM 명령 행 아규먼트에 추가해야 합니다. 또는, RMI Target 메모리 누수 탐지를 사용불능 상태로 설정함으로써, 이 경고를 없앨 수도 있습니다.
21-Aug-2022 19:42:25.727 WARNING [main] org.apache.catalina.loader.WebappClassLoaderBase.clearReferencesObjectStreamClassCaches Java 9 또는 이후 버전을 사용할 때에는, "--add-opens=java.base/java.io=ALL-UNNAMED" 을(를) JVM 명령행 아규먼트들에 추가해서, ObjectStream 캐시 메모리 릭 방지 옵션을 활성화할 필요가 있습니다. 또는 원하시는 경우, ObjectStream 클래스 캐시 메모리 릭 방지 옵션을 비활성화해서 이 경고 메시지를 없앨 수도 있습니다.
21-Aug-2022 19:42:25.727 WARNING [main] org.apache.catalina.loader.WebappClassLoaderBase.checkThreadLocalsForLeaks Java 9 환경에서 실행할 때에는, ThreadLocal 메모리 누수 탐지를 위하여, "--add-opens=java.base/java.lang=ALL-UNNAMED"를 JVM 명령 행 아규먼트들에 추가해야 합니다. 또는, ThreadLocal 메모리 누수 탐지를 사용불능 상태로 설정함으로써, 이 경고 메시지를 없앨 수도 있습니다.
21-Aug-2022 19:42:25.728 WARNING [main] org.apache.catalina.loader.WebappClassLoaderBase.clearReferencesRmiTargets Java 9에서 실행하면서 RMI Target 메모리 누수 탐지를 사용 가능하게 하려면, "--add-opens=java.rmi/sun.rmi.transport=ALL-UNNAMED"를 JVM 명령 행 아규먼트에 추가해야 합니다. 또는, RMI Target 메모리 누수 탐지를 사용불능 상태로 설정함으로써, 이 경고를 없앨 수도 있습니다.
21-Aug-2022 19:42:25.730 WARNING [main] org.apache.catalina.loader.WebappClassLoaderBase.clearReferencesObjectStreamClassCaches Java 9 또는 이후 버전을 사용할 때에는, "--add-opens=java.base/java.io=ALL-UNNAMED" 을(를) JVM 명령행 아규먼트들에 추가해서, ObjectStream 캐시 메모리 릭 방지 옵션을 활성화할 필요가 있습니다. 또는 원하시는 경우, ObjectStream 클래스 캐시 메모리 릭 방지 옵션을 비활성화해서 이 경고 메시지를 없앨 수도 있습니다.
21-Aug-2022 19:42:25.730 WARNING [main] org.apache.catalina.loader.WebappClassLoaderBase.checkThreadLocalsForLeaks Java 9 환경에서 실행할 때에는, ThreadLocal 메모리 누수 탐지를 위하여, "--add-opens=java.base/java.lang=ALL-UNNAMED"를 JVM 명령 행 아규먼트들에 추가해야 합니다. 또는, ThreadLocal 메모리 누수 탐지를 사용불능 상태로 설정함으로써, 이 경고 메시지를 없앨 수도 있습니다.
21-Aug-2022 19:42:25.730 WARNING [main] org.apache.catalina.loader.WebappClassLoaderBase.clearReferencesRmiTargets Java 9에서 실행하면서 RMI Target 메모리 누수 탐지를 사용 가능하게 하려면, "--add-opens=java.rmi/sun.rmi.transport=ALL-UNNAMED"를 JVM 명령 행 아규먼트에 추가해야 합니다. 또는, RMI Target 메모리 누수 탐지를 사용불능 상태로 설정함으로써, 이 경고를 없앨 수도 있습니다.
21-Aug-2022 19:42:25.732 WARNING [main] org.apache.catalina.loader.WebappClassLoaderBase.clearReferencesObjectStreamClassCaches Java 9 또는 이후 버전을 사용할 때에는, "--add-opens=java.base/java.io=ALL-UNNAMED" 을(를) JVM 명령행 아규먼트들에 추가해서, ObjectStream 캐시 메모리 릭 방지 옵션을 활성화할 필요가 있습니다. 또는 원하시는 경우, ObjectStream 클래스 캐시 메모리 릭 방지 옵션을 비활성화해서 이 경고 메시지를 없앨 수도 있습니다.
21-Aug-2022 19:42:25.732 WARNING [main] org.apache.catalina.loader.WebappClassLoaderBase.checkThreadLocalsForLeaks Java 9 환경에서 실행할 때에는, ThreadLocal 메모리 누수 탐지를 위하여, "--add-opens=java.base/java.lang=ALL-UNNAMED"를 JVM 명령 행 아규먼트들에 추가해야 합니다. 또는, ThreadLocal 메모리 누수 탐지를 사용불능 상태로 설정함으로써, 이 경고 메시지를 없앨 수도 있습니다.
21-Aug-2022 19:42:25.732 WARNING [main] org.apache.catalina.loader.WebappClassLoaderBase.clearReferencesRmiTargets Java 9에서 실행하면서 RMI Target 메모리 누수 탐지를 사용 가능하게 하려면, "--add-opens=java.rmi/sun.rmi.transport=ALL-UNNAMED"를 JVM 명령 행 아규먼트에 추가해야 합니다. 또는, RMI Target 메모리 누수 탐지를 사용불능 상태로 설정함으로써, 이 경고를 없앨 수도 있습니다.
21-Aug-2022 19:42:25.734 WARNING [main] org.apache.catalina.loader.WebappClassLoaderBase.clearReferencesObjectStreamClassCaches Java 9 또는 이후 버전을 사용할 때에는, "--add-opens=java.base/java.io=ALL-UNNAMED" 을(를) JVM 명령행 아규먼트들에 추가해서, ObjectStream 캐시 메모리 릭 방지 옵션을 활성화할 필요가 있습니다. 또는 원하시는 경우, ObjectStream 클래스 캐시 메모리 릭 방지 옵션을 비활성화해서 이 경고 메시지를 없앨 수도 있습니다.
21-Aug-2022 19:42:25.734 WARNING [main] org.apache.catalina.loader.WebappClassLoaderBase.checkThreadLocalsForLeaks Java 9 환경에서 실행할 때에는, ThreadLocal 메모리 누수 탐지를 위하여, "--add-opens=java.base/java.lang=ALL-UNNAMED"를 JVM 명령 행 아규먼트들에 추가해야 합니다. 또는, ThreadLocal 메모리 누수 탐지를 사용불능 상태로 설정함으로써, 이 경고 메시지를 없앨 수도 있습니다.
21-Aug-2022 19:42:25.734 WARNING [main] org.apache.catalina.loader.WebappClassLoaderBase.clearReferencesRmiTargets Java 9에서 실행하면서 RMI Target 메모리 누수 탐지를 사용 가능하게 하려면, "--add-opens=java.rmi/sun.rmi.transport=ALL-UNNAMED"를 JVM 명령 행 아규먼트에 추가해야 합니다. 또는, RMI Target 메모리 누수 탐지를 사용불능 상태로 설정함으로써, 이 경고를 없앨 수도 있습니다.
21-Aug-2022 19:42:25.735 INFO [main] org.apache.coyote.AbstractProtocol.stop 프로토콜 핸들러 ["http-nio-8080"]을(를) 중지시킵니다.
21-Aug-2022 19:42:25.741 INFO [main] org.apache.coyote.AbstractProtocol.destroy 프로토콜 핸들러 ["http-nio-8080"]을(를) 소멸시킵니다.
