24-Aug-2022 00:41:12.168 INFO [main] org.apache.catalina.core.StandardServer.await 셧다운 포트를 통해 유효한 셧다운 명령을 받았습니다. 서버 인스턴스를 중지시킵니다.
24-Aug-2022 00:41:12.170 INFO [main] org.apache.coyote.AbstractProtocol.pause 프로토콜 핸들러 ["http-nio-8080"]을(를) 일시 정지 중
24-Aug-2022 00:41:12.179 INFO [main] org.apache.catalina.core.StandardService.stopInternal 서비스 [Catalina]을(를) 중지시킵니다.
24-Aug-2022 00:41:12.195 WARNING [main] org.apache.catalina.loader.WebappClassLoaderBase.clearReferencesJdbc 웹 애플리케이션 [ROOT]이(가) JDBC 드라이버 [oracle.jdbc.OracleDriver]을(를) 등록했지만, 웹 애플리케이션이 중지될 때, 해당 JDBC 드라이버의 등록을 제거하지 못했습니다. 메모리 누수를 방지하기 위하여, 등록을 강제로 제거했습니다.
24-Aug-2022 00:41:12.195 WARNING [main] org.apache.catalina.loader.WebappClassLoaderBase.clearReferencesObjectStreamClassCaches Java 9 또는 이후 버전을 사용할 때에는, "--add-opens=java.base/java.io=ALL-UNNAMED" 을(를) JVM 명령행 아규먼트들에 추가해서, ObjectStream 캐시 메모리 릭 방지 옵션을 활성화할 필요가 있습니다. 또는 원하시는 경우, ObjectStream 클래스 캐시 메모리 릭 방지 옵션을 비활성화해서 이 경고 메시지를 없앨 수도 있습니다.
24-Aug-2022 00:41:12.195 WARNING [main] org.apache.catalina.loader.WebappClassLoaderBase.checkThreadLocalsForLeaks Java 9 환경에서 실행할 때에는, ThreadLocal 메모리 누수 탐지를 위하여, "--add-opens=java.base/java.lang=ALL-UNNAMED"를 JVM 명령 행 아규먼트들에 추가해야 합니다. 또는, ThreadLocal 메모리 누수 탐지를 사용불능 상태로 설정함으로써, 이 경고 메시지를 없앨 수도 있습니다.
24-Aug-2022 00:41:12.197 WARNING [main] org.apache.catalina.loader.WebappClassLoaderBase.clearReferencesRmiTargets Java 9에서 실행하면서 RMI Target 메모리 누수 탐지를 사용 가능하게 하려면, "--add-opens=java.rmi/sun.rmi.transport=ALL-UNNAMED"를 JVM 명령 행 아규먼트에 추가해야 합니다. 또는, RMI Target 메모리 누수 탐지를 사용불능 상태로 설정함으로써, 이 경고를 없앨 수도 있습니다.
24-Aug-2022 00:41:12.204 WARNING [main] org.apache.catalina.loader.WebappClassLoaderBase.clearReferencesObjectStreamClassCaches Java 9 또는 이후 버전을 사용할 때에는, "--add-opens=java.base/java.io=ALL-UNNAMED" 을(를) JVM 명령행 아규먼트들에 추가해서, ObjectStream 캐시 메모리 릭 방지 옵션을 활성화할 필요가 있습니다. 또는 원하시는 경우, ObjectStream 클래스 캐시 메모리 릭 방지 옵션을 비활성화해서 이 경고 메시지를 없앨 수도 있습니다.
24-Aug-2022 00:41:12.204 WARNING [main] org.apache.catalina.loader.WebappClassLoaderBase.checkThreadLocalsForLeaks Java 9 환경에서 실행할 때에는, ThreadLocal 메모리 누수 탐지를 위하여, "--add-opens=java.base/java.lang=ALL-UNNAMED"를 JVM 명령 행 아규먼트들에 추가해야 합니다. 또는, ThreadLocal 메모리 누수 탐지를 사용불능 상태로 설정함으로써, 이 경고 메시지를 없앨 수도 있습니다.
24-Aug-2022 00:41:12.204 WARNING [main] org.apache.catalina.loader.WebappClassLoaderBase.clearReferencesRmiTargets Java 9에서 실행하면서 RMI Target 메모리 누수 탐지를 사용 가능하게 하려면, "--add-opens=java.rmi/sun.rmi.transport=ALL-UNNAMED"를 JVM 명령 행 아규먼트에 추가해야 합니다. 또는, RMI Target 메모리 누수 탐지를 사용불능 상태로 설정함으로써, 이 경고를 없앨 수도 있습니다.
24-Aug-2022 00:41:12.206 WARNING [main] org.apache.catalina.loader.WebappClassLoaderBase.clearReferencesObjectStreamClassCaches Java 9 또는 이후 버전을 사용할 때에는, "--add-opens=java.base/java.io=ALL-UNNAMED" 을(를) JVM 명령행 아규먼트들에 추가해서, ObjectStream 캐시 메모리 릭 방지 옵션을 활성화할 필요가 있습니다. 또는 원하시는 경우, ObjectStream 클래스 캐시 메모리 릭 방지 옵션을 비활성화해서 이 경고 메시지를 없앨 수도 있습니다.
24-Aug-2022 00:41:12.206 WARNING [main] org.apache.catalina.loader.WebappClassLoaderBase.checkThreadLocalsForLeaks Java 9 환경에서 실행할 때에는, ThreadLocal 메모리 누수 탐지를 위하여, "--add-opens=java.base/java.lang=ALL-UNNAMED"를 JVM 명령 행 아규먼트들에 추가해야 합니다. 또는, ThreadLocal 메모리 누수 탐지를 사용불능 상태로 설정함으로써, 이 경고 메시지를 없앨 수도 있습니다.
24-Aug-2022 00:41:12.206 WARNING [main] org.apache.catalina.loader.WebappClassLoaderBase.clearReferencesRmiTargets Java 9에서 실행하면서 RMI Target 메모리 누수 탐지를 사용 가능하게 하려면, "--add-opens=java.rmi/sun.rmi.transport=ALL-UNNAMED"를 JVM 명령 행 아규먼트에 추가해야 합니다. 또는, RMI Target 메모리 누수 탐지를 사용불능 상태로 설정함으로써, 이 경고를 없앨 수도 있습니다.
24-Aug-2022 00:41:12.208 WARNING [main] org.apache.catalina.loader.WebappClassLoaderBase.clearReferencesObjectStreamClassCaches Java 9 또는 이후 버전을 사용할 때에는, "--add-opens=java.base/java.io=ALL-UNNAMED" 을(를) JVM 명령행 아규먼트들에 추가해서, ObjectStream 캐시 메모리 릭 방지 옵션을 활성화할 필요가 있습니다. 또는 원하시는 경우, ObjectStream 클래스 캐시 메모리 릭 방지 옵션을 비활성화해서 이 경고 메시지를 없앨 수도 있습니다.
24-Aug-2022 00:41:12.208 WARNING [main] org.apache.catalina.loader.WebappClassLoaderBase.checkThreadLocalsForLeaks Java 9 환경에서 실행할 때에는, ThreadLocal 메모리 누수 탐지를 위하여, "--add-opens=java.base/java.lang=ALL-UNNAMED"를 JVM 명령 행 아규먼트들에 추가해야 합니다. 또는, ThreadLocal 메모리 누수 탐지를 사용불능 상태로 설정함으로써, 이 경고 메시지를 없앨 수도 있습니다.
24-Aug-2022 00:41:12.208 WARNING [main] org.apache.catalina.loader.WebappClassLoaderBase.clearReferencesRmiTargets Java 9에서 실행하면서 RMI Target 메모리 누수 탐지를 사용 가능하게 하려면, "--add-opens=java.rmi/sun.rmi.transport=ALL-UNNAMED"를 JVM 명령 행 아규먼트에 추가해야 합니다. 또는, RMI Target 메모리 누수 탐지를 사용불능 상태로 설정함으로써, 이 경고를 없앨 수도 있습니다.
24-Aug-2022 00:41:12.209 WARNING [main] org.apache.catalina.loader.WebappClassLoaderBase.clearReferencesObjectStreamClassCaches Java 9 또는 이후 버전을 사용할 때에는, "--add-opens=java.base/java.io=ALL-UNNAMED" 을(를) JVM 명령행 아규먼트들에 추가해서, ObjectStream 캐시 메모리 릭 방지 옵션을 활성화할 필요가 있습니다. 또는 원하시는 경우, ObjectStream 클래스 캐시 메모리 릭 방지 옵션을 비활성화해서 이 경고 메시지를 없앨 수도 있습니다.
24-Aug-2022 00:41:12.209 WARNING [main] org.apache.catalina.loader.WebappClassLoaderBase.checkThreadLocalsForLeaks Java 9 환경에서 실행할 때에는, ThreadLocal 메모리 누수 탐지를 위하여, "--add-opens=java.base/java.lang=ALL-UNNAMED"를 JVM 명령 행 아규먼트들에 추가해야 합니다. 또는, ThreadLocal 메모리 누수 탐지를 사용불능 상태로 설정함으로써, 이 경고 메시지를 없앨 수도 있습니다.
24-Aug-2022 00:41:12.210 WARNING [main] org.apache.catalina.loader.WebappClassLoaderBase.clearReferencesRmiTargets Java 9에서 실행하면서 RMI Target 메모리 누수 탐지를 사용 가능하게 하려면, "--add-opens=java.rmi/sun.rmi.transport=ALL-UNNAMED"를 JVM 명령 행 아규먼트에 추가해야 합니다. 또는, RMI Target 메모리 누수 탐지를 사용불능 상태로 설정함으로써, 이 경고를 없앨 수도 있습니다.
24-Aug-2022 00:41:12.210 INFO [main] org.apache.coyote.AbstractProtocol.stop 프로토콜 핸들러 ["http-nio-8080"]을(를) 중지시킵니다.
24-Aug-2022 00:41:12.215 INFO [main] org.apache.coyote.AbstractProtocol.destroy 프로토콜 핸들러 ["http-nio-8080"]을(를) 소멸시킵니다.
