19-Aug-2022 15:35:58.149 INFO [main] org.apache.catalina.core.ApplicationContext.log ContextListener: contextInitialized()
19-Aug-2022 15:35:58.149 INFO [main] org.apache.catalina.core.ApplicationContext.log SessionListener: contextInitialized()
19-Aug-2022 15:35:58.151 INFO [main] org.apache.catalina.core.ApplicationContext.log ContextListener: attributeAdded('StockTicker', 'async.Stockticker@1fb2d5e')
19-Aug-2022 15:35:59.144 INFO [main] org.apache.catalina.core.ApplicationContext.log SessionListener: contextDestroyed()
19-Aug-2022 15:35:59.144 INFO [main] org.apache.catalina.core.ApplicationContext.log ContextListener: contextDestroyed()
19-Aug-2022 15:36:30.933 INFO [main] org.apache.catalina.core.ApplicationContext.log ContextListener: contextInitialized()
19-Aug-2022 15:36:30.933 INFO [main] org.apache.catalina.core.ApplicationContext.log SessionListener: contextInitialized()
19-Aug-2022 15:36:30.935 INFO [main] org.apache.catalina.core.ApplicationContext.log ContextListener: attributeAdded('StockTicker', 'async.Stockticker@6342d610')
19-Aug-2022 15:36:31.830 INFO [main] org.apache.catalina.core.ApplicationContext.log SessionListener: contextDestroyed()
19-Aug-2022 15:36:31.831 INFO [main] org.apache.catalina.core.ApplicationContext.log ContextListener: contextDestroyed()
19-Aug-2022 15:36:51.687 INFO [main] org.apache.catalina.core.ApplicationContext.log ContextListener: contextInitialized()
19-Aug-2022 15:36:51.687 INFO [main] org.apache.catalina.core.ApplicationContext.log SessionListener: contextInitialized()
19-Aug-2022 15:36:51.689 INFO [main] org.apache.catalina.core.ApplicationContext.log ContextListener: attributeAdded('StockTicker', 'async.Stockticker@434514d8')
19-Aug-2022 15:37:35.673 INFO [main] org.apache.catalina.core.ApplicationContext.log ContextListener: contextInitialized()
19-Aug-2022 15:37:35.673 INFO [main] org.apache.catalina.core.ApplicationContext.log SessionListener: contextInitialized()
19-Aug-2022 15:37:35.676 INFO [main] org.apache.catalina.core.ApplicationContext.log ContextListener: attributeAdded('StockTicker', 'async.Stockticker@36c2b646')
19-Aug-2022 15:38:32.304 INFO [main] org.apache.catalina.core.ApplicationContext.log SessionListener: contextDestroyed()
19-Aug-2022 15:38:32.304 INFO [main] org.apache.catalina.core.ApplicationContext.log ContextListener: contextDestroyed()
19-Aug-2022 15:38:45.184 INFO [main] org.apache.catalina.core.ApplicationContext.log ContextListener: contextInitialized()
19-Aug-2022 15:38:45.184 INFO [main] org.apache.catalina.core.ApplicationContext.log SessionListener: contextInitialized()
19-Aug-2022 15:38:45.187 INFO [main] org.apache.catalina.core.ApplicationContext.log ContextListener: attributeAdded('StockTicker', 'async.Stockticker@518bfd90')
19-Aug-2022 15:40:18.552 INFO [main] org.apache.catalina.core.ApplicationContext.log ContextListener: contextInitialized()
19-Aug-2022 15:40:18.552 INFO [main] org.apache.catalina.core.ApplicationContext.log SessionListener: contextInitialized()
19-Aug-2022 15:40:18.554 INFO [main] org.apache.catalina.core.ApplicationContext.log ContextListener: attributeAdded('StockTicker', 'async.Stockticker@6540cf1d')
19-Aug-2022 15:43:31.152 INFO [main] org.apache.catalina.core.ApplicationContext.log ContextListener: contextInitialized()
19-Aug-2022 15:43:31.152 INFO [main] org.apache.catalina.core.ApplicationContext.log SessionListener: contextInitialized()
19-Aug-2022 15:43:31.153 INFO [main] org.apache.catalina.core.ApplicationContext.log ContextListener: attributeAdded('StockTicker', 'async.Stockticker@6b1dc20f')
19-Aug-2022 15:43:42.493 INFO [main] org.apache.catalina.core.ApplicationContext.log SessionListener: contextDestroyed()
19-Aug-2022 15:43:42.493 INFO [main] org.apache.catalina.core.ApplicationContext.log ContextListener: contextDestroyed()
19-Aug-2022 15:44:56.836 INFO [main] org.apache.catalina.core.ApplicationContext.log ContextListener: contextInitialized()
19-Aug-2022 15:44:56.836 INFO [main] org.apache.catalina.core.ApplicationContext.log SessionListener: contextInitialized()
19-Aug-2022 15:44:56.838 INFO [main] org.apache.catalina.core.ApplicationContext.log ContextListener: attributeAdded('StockTicker', 'async.Stockticker@5a6fa56e')
19-Aug-2022 15:47:32.593 INFO [main] org.apache.catalina.core.ApplicationContext.log SessionListener: contextDestroyed()
19-Aug-2022 15:47:32.593 INFO [main] org.apache.catalina.core.ApplicationContext.log ContextListener: contextDestroyed()
19-Aug-2022 15:49:57.487 INFO [main] org.apache.catalina.core.ApplicationContext.log ContextListener: contextInitialized()
19-Aug-2022 15:49:57.487 INFO [main] org.apache.catalina.core.ApplicationContext.log SessionListener: contextInitialized()
19-Aug-2022 15:49:57.489 INFO [main] org.apache.catalina.core.ApplicationContext.log ContextListener: attributeAdded('StockTicker', 'async.Stockticker@6540cf1d')
19-Aug-2022 16:53:25.434 INFO [main] org.apache.catalina.core.ApplicationContext.log SessionListener: contextDestroyed()
19-Aug-2022 16:53:25.434 INFO [main] org.apache.catalina.core.ApplicationContext.log ContextListener: contextDestroyed()
